{"/Users/avi/Documents/CodeHatcher/Code/quippics/tests/runner_spec.js":{"path":"/Users/avi/Documents/CodeHatcher/Code/quippics/tests/runner_spec.js","s":{"1":1,"2":1,"3":0,"4":0,"5":0,"6":0,"7":0,"8":0,"9":0,"10":0,"11":0,"12":0,"13":0,"14":0,"15":0,"16":0,"17":0,"18":0,"19":0,"20":0,"21":0,"22":0,"23":0,"24":0,"25":0,"26":0,"27":0,"28":0,"29":0,"30":0},"b":{},"f":{"1":0,"2":0,"3":0,"4":0,"5":0,"6":0,"7":0,"8":0,"9":0,"10":0,"11":0,"12":0,"13":0,"14":0,"15":0},"fnMap":{"1":{"name":"(anonymous_1)","line":19,"loc":{"start":{"line":19,"column":2},"end":{"line":19,"column":14}}},"2":{"name":"(anonymous_2)","line":21,"loc":{"start":{"line":21,"column":26},"end":{"line":21,"column":36}}},"3":{"name":"(anonymous_3)","line":25,"loc":{"start":{"line":25,"column":2},"end":{"line":25,"column":14}}},"4":{"name":"(anonymous_4)","line":26,"loc":{"start":{"line":26,"column":33},"end":{"line":26,"column":43}}},"5":{"name":"(anonymous_5)","line":30,"loc":{"start":{"line":30,"column":2},"end":{"line":30,"column":14}}},"6":{"name":"(anonymous_6)","line":32,"loc":{"start":{"line":32,"column":31},"end":{"line":32,"column":41}}},"7":{"name":"(anonymous_7)","line":36,"loc":{"start":{"line":36,"column":2},"end":{"line":36,"column":14}}},"8":{"name":"(anonymous_8)","line":38,"loc":{"start":{"line":38,"column":32},"end":{"line":38,"column":42}}},"9":{"name":"(anonymous_9)","line":42,"loc":{"start":{"line":42,"column":2},"end":{"line":42,"column":14}}},"10":{"name":"(anonymous_10)","line":44,"loc":{"start":{"line":44,"column":28},"end":{"line":44,"column":38}}},"11":{"name":"(anonymous_11)","line":48,"loc":{"start":{"line":48,"column":2},"end":{"line":48,"column":14}}},"12":{"name":"(anonymous_12)","line":50,"loc":{"start":{"line":50,"column":30},"end":{"line":50,"column":40}}},"13":{"name":"(anonymous_13)","line":54,"loc":{"start":{"line":54,"column":2},"end":{"line":54,"column":14}}},"14":{"name":"(anonymous_14)","line":56,"loc":{"start":{"line":56,"column":29},"end":{"line":56,"column":39}}},"15":{"name":"(anonymous_15)","line":62,"loc":{"start":{"line":62,"column":2},"end":{"line":62,"column":24}}}},"statementMap":{"1":{"start":{"line":2,"column":0},"end":{"line":2,"column":56}},"2":{"start":{"line":7,"column":0},"end":{"line":7,"column":47}},"3":{"start":{"line":8,"column":0},"end":{"line":8,"column":61}},"4":{"start":{"line":9,"column":0},"end":{"line":9,"column":57}},"5":{"start":{"line":10,"column":0},"end":{"line":10,"column":59}},"6":{"start":{"line":11,"column":0},"end":{"line":11,"column":51}},"7":{"start":{"line":12,"column":0},"end":{"line":12,"column":55}},"8":{"start":{"line":13,"column":0},"end":{"line":13,"column":53}},"9":{"start":{"line":15,"column":0},"end":{"line":15,"column":29}},"10":{"start":{"line":18,"column":0},"end":{"line":65,"column":2}},"11":{"start":{"line":20,"column":4},"end":{"line":20,"column":38}},"12":{"start":{"line":21,"column":4},"end":{"line":23,"column":7}},"13":{"start":{"line":22,"column":6},"end":{"line":22,"column":15}},"14":{"start":{"line":26,"column":4},"end":{"line":28,"column":7}},"15":{"start":{"line":27,"column":6},"end":{"line":27,"column":15}},"16":{"start":{"line":31,"column":4},"end":{"line":31,"column":43}},"17":{"start":{"line":32,"column":4},"end":{"line":34,"column":7}},"18":{"start":{"line":33,"column":6},"end":{"line":33,"column":15}},"19":{"start":{"line":37,"column":4},"end":{"line":37,"column":44}},"20":{"start":{"line":38,"column":4},"end":{"line":40,"column":7}},"21":{"start":{"line":39,"column":6},"end":{"line":39,"column":15}},"22":{"start":{"line":43,"column":4},"end":{"line":43,"column":40}},"23":{"start":{"line":44,"column":4},"end":{"line":46,"column":7}},"24":{"start":{"line":45,"column":6},"end":{"line":45,"column":15}},"25":{"start":{"line":49,"column":4},"end":{"line":49,"column":42}},"26":{"start":{"line":50,"column":4},"end":{"line":52,"column":7}},"27":{"start":{"line":51,"column":6},"end":{"line":51,"column":15}},"28":{"start":{"line":55,"column":4},"end":{"line":55,"column":41}},"29":{"start":{"line":56,"column":4},"end":{"line":58,"column":7}},"30":{"start":{"line":57,"column":6},"end":{"line":57,"column":15}}},"branchMap":{}},"/Users/avi/Documents/CodeHatcher/Code/quippics/tests/specs/userSpecs.js":{"path":"/Users/avi/Documents/CodeHatcher/Code/quippics/tests/specs/userSpecs.js","s":{"1":1,"2":0,"3":0,"4":0,"5":0,"6":0,"7":0,"8":0,"9":0,"10":0,"11":0,"12":0,"13":0,"14":0,"15":0,"16":0,"17":0,"18":0,"19":0,"20":0,"21":0,"22":0,"23":0,"24":0,"25":0,"26":0,"27":0,"28":0,"29":0,"30":0,"31":0,"32":0,"33":0,"34":0,"35":0,"36":0,"37":0,"38":0,"39":0,"40":0,"41":0,"42":0,"43":0,"44":0,"45":0,"46":0,"47":0,"48":0,"49":0,"50":0,"51":0,"52":0,"53":0,"54":0,"55":0,"56":0,"57":0,"58":0,"59":0,"60":0,"61":0,"62":0,"63":0,"64":0,"65":0,"66":0,"67":0,"68":0,"69":0,"70":0,"71":0,"72":0,"73":0,"74":0,"75":0,"76":0},"b":{},"f":{"1":0,"2":0,"3":0,"4":0,"5":0,"6":0,"7":0,"8":0,"9":0,"10":0,"11":0,"12":0,"13":0,"14":0,"15":0,"16":0,"17":0,"18":0,"19":0,"20":0,"21":0,"22":0,"23":0,"24":0,"25":0,"26":0,"27":0,"28":0,"29":0,"30":0,"31":0,"32":0,"33":0,"34":0},"fnMap":{"1":{"name":"(anonymous_1)","line":17,"loc":{"start":{"line":17,"column":15},"end":{"line":17,"column":41}}},"2":{"name":"(anonymous_2)","line":20,"loc":{"start":{"line":20,"column":4},"end":{"line":20,"column":16}}},"3":{"name":"(anonymous_3)","line":28,"loc":{"start":{"line":28,"column":15},"end":{"line":28,"column":28}}},"4":{"name":"(anonymous_4)","line":33,"loc":{"start":{"line":33,"column":4},"end":{"line":33,"column":16}}},"5":{"name":"(anonymous_5)","line":43,"loc":{"start":{"line":43,"column":17},"end":{"line":43,"column":30}}},"6":{"name":"(anonymous_6)","line":53,"loc":{"start":{"line":53,"column":4},"end":{"line":53,"column":16}}},"7":{"name":"(anonymous_7)","line":54,"loc":{"start":{"line":54,"column":24},"end":{"line":54,"column":34}}},"8":{"name":"(anonymous_8)","line":55,"loc":{"start":{"line":55,"column":60},"end":{"line":55,"column":74}}},"9":{"name":"(anonymous_9)","line":64,"loc":{"start":{"line":64,"column":15},"end":{"line":64,"column":33}}},"10":{"name":"(anonymous_10)","line":84,"loc":{"start":{"line":84,"column":4},"end":{"line":84,"column":16}}},"11":{"name":"(anonymous_11)","line":90,"loc":{"start":{"line":90,"column":17},"end":{"line":90,"column":34}}},"12":{"name":"(anonymous_12)","line":102,"loc":{"start":{"line":102,"column":4},"end":{"line":102,"column":16}}},"13":{"name":"(anonymous_13)","line":111,"loc":{"start":{"line":111,"column":13},"end":{"line":111,"column":23}}},"14":{"name":"(anonymous_14)","line":117,"loc":{"start":{"line":117,"column":4},"end":{"line":117,"column":16}}},"15":{"name":"(anonymous_15)","line":125,"loc":{"start":{"line":125,"column":17},"end":{"line":125,"column":30}}},"16":{"name":"(anonymous_16)","line":131,"loc":{"start":{"line":131,"column":4},"end":{"line":131,"column":16}}},"17":{"name":"(anonymous_17)","line":139,"loc":{"start":{"line":139,"column":13},"end":{"line":139,"column":23}}},"18":{"name":"(anonymous_18)","line":144,"loc":{"start":{"line":144,"column":4},"end":{"line":144,"column":16}}},"19":{"name":"(anonymous_19)","line":152,"loc":{"start":{"line":152,"column":13},"end":{"line":152,"column":23}}},"20":{"name":"(anonymous_20)","line":157,"loc":{"start":{"line":157,"column":4},"end":{"line":157,"column":16}}},"21":{"name":"(anonymous_21)","line":166,"loc":{"start":{"line":166,"column":13},"end":{"line":166,"column":23}}},"22":{"name":"(anonymous_22)","line":171,"loc":{"start":{"line":171,"column":4},"end":{"line":171,"column":16}}},"23":{"name":"(anonymous_23)","line":172,"loc":{"start":{"line":172,"column":24},"end":{"line":172,"column":34}}},"24":{"name":"(anonymous_24)","line":173,"loc":{"start":{"line":173,"column":50},"end":{"line":173,"column":64}}},"25":{"name":"(anonymous_25)","line":182,"loc":{"start":{"line":182,"column":15},"end":{"line":182,"column":33}}},"26":{"name":"(anonymous_26)","line":201,"loc":{"start":{"line":201,"column":23},"end":{"line":201,"column":40}}},"27":{"name":"(anonymous_27)","line":211,"loc":{"start":{"line":211,"column":4},"end":{"line":211,"column":16}}},"28":{"name":"(anonymous_28)","line":222,"loc":{"start":{"line":222,"column":17},"end":{"line":222,"column":32}}},"29":{"name":"(anonymous_29)","line":230,"loc":{"start":{"line":230,"column":19},"end":{"line":230,"column":32}}},"30":{"name":"(anonymous_30)","line":238,"loc":{"start":{"line":238,"column":4},"end":{"line":238,"column":16}}},"31":{"name":"(anonymous_31)","line":250,"loc":{"start":{"line":250,"column":17},"end":{"line":250,"column":32}}},"32":{"name":"(anonymous_32)","line":258,"loc":{"start":{"line":258,"column":19},"end":{"line":258,"column":32}}},"33":{"name":"(anonymous_33)","line":267,"loc":{"start":{"line":267,"column":21},"end":{"line":267,"column":38}}},"34":{"name":"(anonymous_34)","line":279,"loc":{"start":{"line":279,"column":2},"end":{"line":279,"column":24}}}},"statementMap":{"1":{"start":{"line":1,"column":0},"end":{"line":1,"column":31}},"2":{"start":{"line":2,"column":0},"end":{"line":2,"column":29}},"3":{"start":{"line":3,"column":0},"end":{"line":3,"column":39}},"4":{"start":{"line":5,"column":0},"end":{"line":11,"column":2}},"5":{"start":{"line":12,"column":0},"end":{"line":17,"column":0}},"6":{"start":{"line":17,"column":0},"end":{"line":282,"column":2}},"7":{"start":{"line":19,"column":2},"end":{"line":281,"column":5}},"8":{"start":{"line":21,"column":4},"end":{"line":31,"column":12}},"9":{"start":{"line":29,"column":6},"end":{"line":29,"column":15}},"10":{"start":{"line":35,"column":6},"end":{"line":51,"column":14}},"11":{"start":{"line":44,"column":8},"end":{"line":44,"column":53}},"12":{"start":{"line":45,"column":8},"end":{"line":45,"column":45}},"13":{"start":{"line":46,"column":8},"end":{"line":46,"column":38}},"14":{"start":{"line":47,"column":8},"end":{"line":47,"column":28}},"15":{"start":{"line":48,"column":8},"end":{"line":48,"column":42}},"16":{"start":{"line":49,"column":8},"end":{"line":49,"column":17}},"17":{"start":{"line":54,"column":6},"end":{"line":82,"column":9}},"18":{"start":{"line":55,"column":8},"end":{"line":81,"column":11}},"19":{"start":{"line":57,"column":10},"end":{"line":80,"column":13}},"20":{"start":{"line":65,"column":12},"end":{"line":65,"column":32}},"21":{"start":{"line":67,"column":12},"end":{"line":67,"column":39}},"22":{"start":{"line":68,"column":12},"end":{"line":68,"column":43}},"23":{"start":{"line":69,"column":12},"end":{"line":69,"column":33}},"24":{"start":{"line":71,"column":12},"end":{"line":71,"column":48}},"25":{"start":{"line":75,"column":12},"end":{"line":75,"column":44}},"26":{"start":{"line":78,"column":12},"end":{"line":78,"column":19}},"27":{"start":{"line":79,"column":12},"end":{"line":79,"column":21}},"28":{"start":{"line":85,"column":6},"end":{"line":100,"column":14}},"29":{"start":{"line":91,"column":8},"end":{"line":91,"column":57}},"30":{"start":{"line":92,"column":8},"end":{"line":92,"column":49}},"31":{"start":{"line":93,"column":8},"end":{"line":93,"column":47}},"32":{"start":{"line":94,"column":8},"end":{"line":94,"column":51}},"33":{"start":{"line":95,"column":8},"end":{"line":95,"column":48}},"34":{"start":{"line":97,"column":8},"end":{"line":97,"column":44}},"35":{"start":{"line":98,"column":8},"end":{"line":98,"column":17}},"36":{"start":{"line":104,"column":6},"end":{"line":114,"column":14}},"37":{"start":{"line":112,"column":8},"end":{"line":112,"column":17}},"38":{"start":{"line":119,"column":6},"end":{"line":129,"column":14}},"39":{"start":{"line":126,"column":8},"end":{"line":126,"column":38}},"40":{"start":{"line":127,"column":8},"end":{"line":127,"column":17}},"41":{"start":{"line":133,"column":6},"end":{"line":142,"column":14}},"42":{"start":{"line":140,"column":8},"end":{"line":140,"column":17}},"43":{"start":{"line":146,"column":6},"end":{"line":155,"column":14}},"44":{"start":{"line":153,"column":8},"end":{"line":153,"column":17}},"45":{"start":{"line":159,"column":6},"end":{"line":169,"column":14}},"46":{"start":{"line":167,"column":8},"end":{"line":167,"column":17}},"47":{"start":{"line":172,"column":6},"end":{"line":209,"column":9}},"48":{"start":{"line":173,"column":8},"end":{"line":208,"column":11}},"49":{"start":{"line":175,"column":10},"end":{"line":207,"column":13}},"50":{"start":{"line":183,"column":12},"end":{"line":183,"column":32}},"51":{"start":{"line":185,"column":12},"end":{"line":185,"column":39}},"52":{"start":{"line":186,"column":12},"end":{"line":186,"column":43}},"53":{"start":{"line":188,"column":12},"end":{"line":188,"column":48}},"54":{"start":{"line":192,"column":12},"end":{"line":192,"column":44}},"55":{"start":{"line":195,"column":12},"end":{"line":195,"column":19}},"56":{"start":{"line":196,"column":12},"end":{"line":206,"column":20}},"57":{"start":{"line":203,"column":14},"end":{"line":203,"column":79}},"58":{"start":{"line":204,"column":14},"end":{"line":204,"column":23}},"59":{"start":{"line":213,"column":6},"end":{"line":213,"column":37}},"60":{"start":{"line":214,"column":6},"end":{"line":214,"column":41}},"61":{"start":{"line":216,"column":6},"end":{"line":236,"column":14}},"62":{"start":{"line":224,"column":8},"end":{"line":234,"column":16}},"63":{"start":{"line":231,"column":10},"end":{"line":231,"column":40}},"64":{"start":{"line":232,"column":10},"end":{"line":232,"column":19}},"65":{"start":{"line":240,"column":6},"end":{"line":240,"column":41}},"66":{"start":{"line":241,"column":6},"end":{"line":241,"column":37}},"67":{"start":{"line":242,"column":6},"end":{"line":242,"column":41}},"68":{"start":{"line":244,"column":6},"end":{"line":276,"column":14}},"69":{"start":{"line":252,"column":8},"end":{"line":274,"column":16}},"70":{"start":{"line":259,"column":10},"end":{"line":259,"column":40}},"71":{"start":{"line":261,"column":10},"end":{"line":261,"column":45}},"72":{"start":{"line":263,"column":10},"end":{"line":272,"column":18}},"73":{"start":{"line":268,"column":12},"end":{"line":268,"column":61}},"74":{"start":{"line":269,"column":12},"end":{"line":269,"column":68}},"75":{"start":{"line":270,"column":12},"end":{"line":270,"column":21}},"76":{"start":{"line":280,"column":4},"end":{"line":280,"column":19}}},"branchMap":{}}}