TN:
SF:/Users/avi/Documents/CodeHatcher/Code/quippics/tests/runner_spec.js
FN:19,(anonymous_1)
FN:21,(anonymous_2)
FN:25,(anonymous_3)
FN:26,(anonymous_4)
FN:30,(anonymous_5)
FN:32,(anonymous_6)
FN:36,(anonymous_7)
FN:38,(anonymous_8)
FN:42,(anonymous_9)
FN:44,(anonymous_10)
FN:48,(anonymous_11)
FN:50,(anonymous_12)
FN:54,(anonymous_13)
FN:56,(anonymous_14)
FN:62,(anonymous_15)
FNF:15
FNH:0
FNDA:0,(anonymous_1)
FNDA:0,(anonymous_2)
FNDA:0,(anonymous_3)
FNDA:0,(anonymous_4)
FNDA:0,(anonymous_5)
FNDA:0,(anonymous_6)
FNDA:0,(anonymous_7)
FNDA:0,(anonymous_8)
FNDA:0,(anonymous_9)
FNDA:0,(anonymous_10)
FNDA:0,(anonymous_11)
FNDA:0,(anonymous_12)
FNDA:0,(anonymous_13)
FNDA:0,(anonymous_14)
FNDA:0,(anonymous_15)
DA:2,1
DA:7,1
DA:8,0
DA:9,0
DA:10,0
DA:11,0
DA:12,0
DA:13,0
DA:15,0
DA:18,0
DA:20,0
DA:21,0
DA:22,0
DA:26,0
DA:27,0
DA:31,0
DA:32,0
DA:33,0
DA:37,0
DA:38,0
DA:39,0
DA:43,0
DA:44,0
DA:45,0
DA:49,0
DA:50,0
DA:51,0
DA:55,0
DA:56,0
DA:57,0
LF:30
LH:2
BRF:0
BRH:0
end_of_record
TN:
SF:/Users/avi/Documents/CodeHatcher/Code/quippics/tests/specs/userSpecs.js
FN:17,(anonymous_1)
FN:20,(anonymous_2)
FN:28,(anonymous_3)
FN:33,(anonymous_4)
FN:43,(anonymous_5)
FN:53,(anonymous_6)
FN:54,(anonymous_7)
FN:55,(anonymous_8)
FN:64,(anonymous_9)
FN:84,(anonymous_10)
FN:90,(anonymous_11)
FN:102,(anonymous_12)
FN:111,(anonymous_13)
FN:117,(anonymous_14)
FN:125,(anonymous_15)
FN:131,(anonymous_16)
FN:139,(anonymous_17)
FN:144,(anonymous_18)
FN:152,(anonymous_19)
FN:157,(anonymous_20)
FN:166,(anonymous_21)
FN:171,(anonymous_22)
FN:172,(anonymous_23)
FN:173,(anonymous_24)
FN:182,(anonymous_25)
FN:201,(anonymous_26)
FN:211,(anonymous_27)
FN:222,(anonymous_28)
FN:230,(anonymous_29)
FN:238,(anonymous_30)
FN:250,(anonymous_31)
FN:258,(anonymous_32)
FN:267,(anonymous_33)
FN:279,(anonymous_34)
FNF:34
FNH:0
FNDA:0,(anonymous_1)
FNDA:0,(anonymous_2)
FNDA:0,(anonymous_3)
FNDA:0,(anonymous_4)
FNDA:0,(anonymous_5)
FNDA:0,(anonymous_6)
FNDA:0,(anonymous_7)
FNDA:0,(anonymous_8)
FNDA:0,(anonymous_9)
FNDA:0,(anonymous_10)
FNDA:0,(anonymous_11)
FNDA:0,(anonymous_12)
FNDA:0,(anonymous_13)
FNDA:0,(anonymous_14)
FNDA:0,(anonymous_15)
FNDA:0,(anonymous_16)
FNDA:0,(anonymous_17)
FNDA:0,(anonymous_18)
FNDA:0,(anonymous_19)
FNDA:0,(anonymous_20)
FNDA:0,(anonymous_21)
FNDA:0,(anonymous_22)
FNDA:0,(anonymous_23)
FNDA:0,(anonymous_24)
FNDA:0,(anonymous_25)
FNDA:0,(anonymous_26)
FNDA:0,(anonymous_27)
FNDA:0,(anonymous_28)
FNDA:0,(anonymous_29)
FNDA:0,(anonymous_30)
FNDA:0,(anonymous_31)
FNDA:0,(anonymous_32)
FNDA:0,(anonymous_33)
FNDA:0,(anonymous_34)
DA:1,1
DA:2,0
DA:3,0
DA:5,0
DA:12,0
DA:17,0
DA:19,0
DA:21,0
DA:29,0
DA:35,0
DA:44,0
DA:45,0
DA:46,0
DA:47,0
DA:48,0
DA:49,0
DA:54,0
DA:55,0
DA:57,0
DA:65,0
DA:67,0
DA:68,0
DA:69,0
DA:71,0
DA:75,0
DA:78,0
DA:79,0
DA:85,0
DA:91,0
DA:92,0
DA:93,0
DA:94,0
DA:95,0
DA:97,0
DA:98,0
DA:104,0
DA:112,0
DA:119,0
DA:126,0
DA:127,0
DA:133,0
DA:140,0
DA:146,0
DA:153,0
DA:159,0
DA:167,0
DA:172,0
DA:173,0
DA:175,0
DA:183,0
DA:185,0
DA:186,0
DA:188,0
DA:192,0
DA:195,0
DA:196,0
DA:203,0
DA:204,0
DA:213,0
DA:214,0
DA:216,0
DA:224,0
DA:231,0
DA:232,0
DA:240,0
DA:241,0
DA:242,0
DA:244,0
DA:252,0
DA:259,0
DA:261,0
DA:263,0
DA:268,0
DA:269,0
DA:270,0
DA:280,0
LF:76
LH:1
BRF:0
BRH:0
end_of_record
