{"/Users/avi/Documents/CodeHatcher/Code/quippics/app.js":{"path":"/Users/avi/Documents/CodeHatcher/Code/quippics/app.js","s":{"1":1,"2":0,"3":1,"4":1,"5":1,"6":1,"7":1,"8":1,"9":1,"10":1,"11":1,"12":1,"13":1,"14":1,"15":1,"16":1,"17":1,"18":1,"19":1,"20":1,"21":1,"22":1,"23":1,"24":1,"25":1,"26":1,"27":189,"28":189,"29":1,"30":1,"31":1,"32":1,"33":1,"34":1,"35":1,"36":1,"37":1,"38":1,"39":124,"40":1,"41":150,"42":150,"43":150,"44":149,"45":1,"46":1,"47":37,"48":1,"49":1,"50":1,"51":0,"52":1,"53":1,"54":1,"55":1,"56":1,"57":1,"58":1,"59":1,"60":1,"61":1,"62":1,"63":1,"64":1,"65":1,"66":1,"67":1,"68":1,"69":1,"70":1,"71":1,"72":1,"73":1,"74":1,"75":1,"76":1,"77":1,"78":1,"79":1,"80":1,"81":1,"82":1,"83":1,"84":1,"85":1,"86":1,"87":1,"88":1,"89":1,"90":1,"91":1,"92":1,"93":1,"94":1,"95":1,"96":0,"97":0,"98":1,"99":0,"100":1,"101":1},"b":{"1":[0,1],"2":[1,0],"3":[1,0],"4":[1,1,0],"5":[149,1],"6":[150,150],"7":[0,1]},"f":{"1":189,"2":124,"3":150,"4":150,"5":37,"6":0,"7":0,"8":0,"9":1},"fnMap":{"1":{"name":"(anonymous_1)","line":47,"loc":{"start":{"line":47,"column":10},"end":{"line":47,"column":34}}},"2":{"name":"(anonymous_2)","line":65,"loc":{"start":{"line":65,"column":26},"end":{"line":65,"column":36}}},"3":{"name":"(anonymous_3)","line":68,"loc":{"start":{"line":68,"column":31},"end":{"line":68,"column":65}}},"4":{"name":"(anonymous_4)","line":76,"loc":{"start":{"line":76,"column":20},"end":{"line":76,"column":39}}},"5":{"name":"apiAuth","line":85,"loc":{"start":{"line":85,"column":0},"end":{"line":85,"column":18}}},"6":{"name":"(anonymous_6)","line":97,"loc":{"start":{"line":97,"column":26},"end":{"line":97,"column":44}}},"7":{"name":"(anonymous_7)","line":155,"loc":{"start":{"line":155,"column":57},"end":{"line":155,"column":75}}},"8":{"name":"(anonymous_8)","line":158,"loc":{"start":{"line":158,"column":8},"end":{"line":158,"column":26}}},"9":{"name":"(anonymous_9)","line":162,"loc":{"start":{"line":162,"column":47},"end":{"line":162,"column":57}}}},"statementMap":{"1":{"start":{"line":2,"column":0},"end":{"line":7,"column":1}},"2":{"start":{"line":3,"column":2},"end":{"line":6,"column":5}},"3":{"start":{"line":13,"column":0},"end":{"line":13,"column":33}},"4":{"start":{"line":14,"column":0},"end":{"line":14,"column":44}},"5":{"start":{"line":15,"column":0},"end":{"line":15,"column":38}},"6":{"start":{"line":16,"column":0},"end":{"line":16,"column":48}},"7":{"start":{"line":17,"column":0},"end":{"line":17,"column":50}},"8":{"start":{"line":18,"column":0},"end":{"line":18,"column":42}},"9":{"start":{"line":19,"column":0},"end":{"line":19,"column":44}},"10":{"start":{"line":20,"column":0},"end":{"line":20,"column":48}},"11":{"start":{"line":21,"column":0},"end":{"line":21,"column":36}},"12":{"start":{"line":22,"column":0},"end":{"line":22,"column":27}},"13":{"start":{"line":23,"column":0},"end":{"line":23,"column":27}},"14":{"start":{"line":24,"column":0},"end":{"line":24,"column":41}},"15":{"start":{"line":25,"column":0},"end":{"line":25,"column":29}},"16":{"start":{"line":26,"column":0},"end":{"line":26,"column":36}},"17":{"start":{"line":27,"column":0},"end":{"line":27,"column":40}},"18":{"start":{"line":28,"column":0},"end":{"line":28,"column":39}},"19":{"start":{"line":29,"column":0},"end":{"line":30,"column":57}},"20":{"start":{"line":33,"column":0},"end":{"line":35,"column":3}},"21":{"start":{"line":36,"column":0},"end":{"line":36,"column":20}},"22":{"start":{"line":39,"column":0},"end":{"line":41,"column":1}},"23":{"start":{"line":40,"column":2},"end":{"line":40,"column":33}},"24":{"start":{"line":43,"column":0},"end":{"line":51,"column":1}},"25":{"start":{"line":46,"column":2},"end":{"line":46,"column":75}},"26":{"start":{"line":47,"column":2},"end":{"line":50,"column":5}},"27":{"start":{"line":48,"column":4},"end":{"line":48,"column":16}},"28":{"start":{"line":49,"column":4},"end":{"line":49,"column":11}},"29":{"start":{"line":53,"column":0},"end":{"line":53,"column":36}},"30":{"start":{"line":54,"column":0},"end":{"line":54,"column":39}},"31":{"start":{"line":55,"column":0},"end":{"line":55,"column":30}},"32":{"start":{"line":56,"column":0},"end":{"line":56,"column":27}},"33":{"start":{"line":57,"column":0},"end":{"line":57,"column":30}},"34":{"start":{"line":58,"column":0},"end":{"line":58,"column":34}},"35":{"start":{"line":59,"column":0},"end":{"line":59,"column":31}},"36":{"start":{"line":60,"column":0},"end":{"line":60,"column":20}},"37":{"start":{"line":61,"column":0},"end":{"line":61,"column":56}},"38":{"start":{"line":65,"column":0},"end":{"line":65,"column":71}},"39":{"start":{"line":65,"column":38},"end":{"line":65,"column":69}},"40":{"start":{"line":68,"column":0},"end":{"line":83,"column":4}},"41":{"start":{"line":71,"column":2},"end":{"line":74,"column":5}},"42":{"start":{"line":76,"column":2},"end":{"line":82,"column":5}},"43":{"start":{"line":77,"column":4},"end":{"line":81,"column":5}},"44":{"start":{"line":78,"column":6},"end":{"line":78,"column":30}},"45":{"start":{"line":80,"column":6},"end":{"line":80,"column":31}},"46":{"start":{"line":85,"column":0},"end":{"line":87,"column":1}},"47":{"start":{"line":86,"column":2},"end":{"line":86,"column":58}},"48":{"start":{"line":95,"column":0},"end":{"line":95,"column":40}},"49":{"start":{"line":96,"column":0},"end":{"line":96,"column":30}},"50":{"start":{"line":97,"column":0},"end":{"line":99,"column":3}},"51":{"start":{"line":98,"column":2},"end":{"line":98,"column":54}},"52":{"start":{"line":100,"column":0},"end":{"line":100,"column":47}},"53":{"start":{"line":101,"column":0},"end":{"line":101,"column":63}},"54":{"start":{"line":102,"column":0},"end":{"line":102,"column":65}},"55":{"start":{"line":105,"column":0},"end":{"line":105,"column":83}},"56":{"start":{"line":106,"column":0},"end":{"line":106,"column":89}},"57":{"start":{"line":107,"column":0},"end":{"line":107,"column":78}},"58":{"start":{"line":108,"column":0},"end":{"line":108,"column":72}},"59":{"start":{"line":109,"column":0},"end":{"line":109,"column":79}},"60":{"start":{"line":111,"column":0},"end":{"line":111,"column":75}},"61":{"start":{"line":112,"column":0},"end":{"line":112,"column":56}},"62":{"start":{"line":113,"column":0},"end":{"line":113,"column":65}},"63":{"start":{"line":114,"column":0},"end":{"line":114,"column":45}},"64":{"start":{"line":115,"column":0},"end":{"line":115,"column":57}},"65":{"start":{"line":116,"column":0},"end":{"line":116,"column":56}},"66":{"start":{"line":117,"column":0},"end":{"line":117,"column":50}},"67":{"start":{"line":118,"column":0},"end":{"line":118,"column":71}},"68":{"start":{"line":119,"column":0},"end":{"line":119,"column":55}},"69":{"start":{"line":121,"column":0},"end":{"line":121,"column":90}},"70":{"start":{"line":122,"column":0},"end":{"line":122,"column":101}},"71":{"start":{"line":123,"column":0},"end":{"line":123,"column":97}},"72":{"start":{"line":125,"column":0},"end":{"line":125,"column":85}},"73":{"start":{"line":126,"column":0},"end":{"line":126,"column":63}},"74":{"start":{"line":127,"column":0},"end":{"line":127,"column":61}},"75":{"start":{"line":128,"column":0},"end":{"line":128,"column":103}},"76":{"start":{"line":129,"column":0},"end":{"line":129,"column":102}},"77":{"start":{"line":130,"column":0},"end":{"line":130,"column":88}},"78":{"start":{"line":131,"column":0},"end":{"line":131,"column":83}},"79":{"start":{"line":132,"column":0},"end":{"line":132,"column":85}},"80":{"start":{"line":133,"column":0},"end":{"line":133,"column":80}},"81":{"start":{"line":135,"column":0},"end":{"line":135,"column":98}},"82":{"start":{"line":136,"column":0},"end":{"line":136,"column":88}},"83":{"start":{"line":137,"column":0},"end":{"line":137,"column":79}},"84":{"start":{"line":138,"column":0},"end":{"line":138,"column":90}},"85":{"start":{"line":139,"column":0},"end":{"line":139,"column":97}},"86":{"start":{"line":140,"column":0},"end":{"line":140,"column":83}},"87":{"start":{"line":141,"column":0},"end":{"line":141,"column":84}},"88":{"start":{"line":143,"column":0},"end":{"line":143,"column":88}},"89":{"start":{"line":144,"column":0},"end":{"line":144,"column":94}},"90":{"start":{"line":146,"column":0},"end":{"line":146,"column":88}},"91":{"start":{"line":147,"column":0},"end":{"line":147,"column":88}},"92":{"start":{"line":148,"column":0},"end":{"line":148,"column":100}},"93":{"start":{"line":149,"column":0},"end":{"line":149,"column":100}},"94":{"start":{"line":151,"column":0},"end":{"line":151,"column":44}},"95":{"start":{"line":154,"column":0},"end":{"line":156,"column":1}},"96":{"start":{"line":155,"column":2},"end":{"line":155,"column":132}},"97":{"start":{"line":155,"column":76},"end":{"line":155,"column":129}},"98":{"start":{"line":158,"column":0},"end":{"line":160,"column":3}},"99":{"start":{"line":159,"column":2},"end":{"line":159,"column":96}},"100":{"start":{"line":162,"column":0},"end":{"line":164,"column":3}},"101":{"start":{"line":163,"column":2},"end":{"line":163,"column":69}}},"branchMap":{"1":{"line":2,"type":"if","locations":[{"start":{"line":2,"column":0},"end":{"line":2,"column":0}},{"start":{"line":2,"column":0},"end":{"line":2,"column":0}}]},"2":{"line":39,"type":"if","locations":[{"start":{"line":39,"column":0},"end":{"line":39,"column":0}},{"start":{"line":39,"column":0},"end":{"line":39,"column":0}}]},"3":{"line":43,"type":"if","locations":[{"start":{"line":43,"column":0},"end":{"line":43,"column":0}},{"start":{"line":43,"column":0},"end":{"line":43,"column":0}}]},"4":{"line":43,"type":"binary-expr","locations":[{"start":{"line":43,"column":4},"end":{"line":43,"column":24}},{"start":{"line":44,"column":4},"end":{"line":44,"column":26}},{"start":{"line":45,"column":4},"end":{"line":45,"column":25}}]},"5":{"line":77,"type":"if","locations":[{"start":{"line":77,"column":4},"end":{"line":77,"column":4}},{"start":{"line":77,"column":4},"end":{"line":77,"column":4}}]},"6":{"line":77,"type":"binary-expr","locations":[{"start":{"line":77,"column":8},"end":{"line":77,"column":12}},{"start":{"line":77,"column":16},"end":{"line":77,"column":20}}]},"7":{"line":154,"type":"if","locations":[{"start":{"line":154,"column":0},"end":{"line":154,"column":0}},{"start":{"line":154,"column":0},"end":{"line":154,"column":0}}]}}},"/Users/avi/Documents/CodeHatcher/Code/quippics/routes/users.js":{"path":"/Users/avi/Documents/CodeHatcher/Code/quippics/routes/users.js","s":{"1":1,"2":1,"3":1,"4":1,"5":1,"6":1,"7":1,"8":1,"9":1,"10":0,"11":1,"12":1,"13":0,"14":1,"15":1,"16":1,"17":1,"18":0,"19":1,"20":1,"21":0,"22":1,"23":1,"24":1,"25":0,"26":1,"27":10,"28":0,"29":10,"30":10,"31":10,"32":10,"33":10,"34":0,"35":10,"36":10,"37":10,"38":0,"39":0,"40":0,"41":10,"42":10,"43":10,"44":10,"45":0,"46":0,"47":10,"48":10,"49":0,"50":1,"51":7,"52":7,"53":7,"54":7,"55":4,"56":3,"57":0,"58":1,"59":1,"60":1,"61":1,"62":1,"63":1,"64":0,"65":0,"66":1,"67":4,"68":4,"69":4,"70":0,"71":4,"72":4,"73":4,"74":4,"75":0,"76":0,"77":1,"78":5,"79":5,"80":5,"81":0,"82":5,"83":5,"84":5,"85":5,"86":5,"87":5,"88":5,"89":5,"90":5,"91":5,"92":0,"93":0,"94":0,"95":0,"96":0,"97":5,"98":5,"99":5,"100":5,"101":5,"102":5,"103":5,"104":0,"105":0,"106":0,"107":0,"108":0,"109":0,"110":5,"111":0,"112":5,"113":1,"114":1,"115":0,"116":1,"117":1,"118":1,"119":1,"120":1,"121":1,"122":0,"123":0,"124":0,"125":0,"126":0,"127":0,"128":1,"129":8,"130":0,"131":8,"132":8,"133":8,"134":8,"135":3,"136":2,"137":6,"138":6,"139":6,"140":6,"141":0,"142":0,"143":0,"144":0,"145":6,"146":6,"147":6,"148":6,"149":6,"150":6,"151":0,"152":0,"153":0,"154":0,"155":0,"156":0,"157":8,"158":2,"159":6,"160":1,"161":3,"162":3,"163":3,"164":0,"165":3,"166":3,"167":3,"168":3,"169":0,"170":0,"171":1,"172":2,"173":2,"174":2,"175":0,"176":2,"177":2,"178":2,"179":2,"180":2,"181":0,"182":2,"183":2,"184":2,"185":1,"186":2,"187":4,"188":1,"189":3,"190":2,"191":0,"192":0,"193":0,"194":2,"195":0,"196":2,"197":1,"198":4,"199":0,"200":4,"201":4,"202":4,"203":4,"204":0,"205":0,"206":1,"207":3,"208":0,"209":3,"210":3,"211":3,"212":3,"213":3,"214":3,"215":3,"216":3,"217":3,"218":3,"219":0,"220":0,"221":0,"222":0,"223":1,"224":28,"225":28,"226":28,"227":28,"228":28,"229":24,"230":4,"231":0},"b":{"1":[0,1],"2":[1,1],"3":[1,0],"4":[0,1],"5":[1,0],"6":[0,10],"7":[10,10,10],"8":[10,0],"9":[10,0],"10":[10,10],"11":[0,10],"12":[0,0],"13":[10,0],"14":[10,10],"15":[10,0],"16":[7,0],"17":[4,3],"18":[1,0],"19":[1,0],"20":[4,0],"21":[0,4],"22":[4,4],"23":[4,0],"24":[4,0],"25":[0,5],"26":[5,5],"27":[5,0],"28":[5,0],"29":[5,0],"30":[5,5],"31":[0,0],"32":[0,0],"33":[5,0],"34":[5,5],"35":[5,0],"36":[5,5],"37":[0,0],"38":[0,0],"39":[0,0],"40":[0,0],"41":[0,5],"42":[0,1],"43":[1,1],"44":[1,0],"45":[1,1],"46":[1,0],"47":[1,1],"48":[0,0],"49":[0,0],"50":[0,0],"51":[0,8],"52":[8,8],"53":[8,0],"54":[8,8],"55":[2,6],"56":[6,0],"57":[6,6],"58":[0,0],"59":[6,0],"60":[6,6],"61":[6,0],"62":[6,6],"63":[0,0],"64":[0,0],"65":[2,6],"66":[3,0],"67":[0,3],"68":[3,3],"69":[3,0],"70":[3,0],"71":[2,0],"72":[0,2],"73":[2,2],"74":[2,0],"75":[2,2],"76":[2,0],"77":[2,2],"78":[1,3],"79":[0,0],"80":[0,2],"81":[0,4],"82":[4,0],"83":[4,0],"84":[0,3],"85":[3,0],"86":[3,0],"87":[1,2],"88":[3,0],"89":[1,2],"90":[3,0],"91":[28,0],"92":[24,4]},"f":{"1":0,"2":1,"3":1,"4":1,"5":1,"6":10,"7":10,"8":10,"9":10,"10":10,"11":0,"12":10,"13":10,"14":7,"15":7,"16":1,"17":1,"18":4,"19":4,"20":5,"21":5,"22":5,"23":5,"24":5,"25":5,"26":5,"27":5,"28":1,"29":1,"30":1,"31":8,"32":8,"33":8,"34":3,"35":6,"36":6,"37":6,"38":6,"39":8,"40":3,"41":3,"42":2,"43":2,"44":2,"45":2,"46":2,"47":1,"48":4,"49":2,"50":4,"51":4,"52":3,"53":3,"54":3,"55":3,"56":28,"57":28,"58":28},"fnMap":{"1":{"name":"(anonymous_1)","line":17,"loc":{"start":{"line":17,"column":15},"end":{"line":17,"column":33}},"skip":true},"2":{"name":"(anonymous_2)","line":21,"loc":{"start":{"line":21,"column":17},"end":{"line":21,"column":35}}},"3":{"name":"(anonymous_3)","line":28,"loc":{"start":{"line":28,"column":51},"end":{"line":28,"column":64}}},"4":{"name":"(anonymous_4)","line":37,"loc":{"start":{"line":37,"column":24},"end":{"line":37,"column":42}}},"5":{"name":"(anonymous_5)","line":43,"loc":{"start":{"line":43,"column":56},"end":{"line":43,"column":69}}},"6":{"name":"(anonymous_6)","line":51,"loc":{"start":{"line":51,"column":25},"end":{"line":51,"column":43}}},"7":{"name":"(anonymous_7)","line":62,"loc":{"start":{"line":62,"column":2},"end":{"line":62,"column":14}}},"8":{"name":"(anonymous_8)","line":64,"loc":{"start":{"line":64,"column":37},"end":{"line":64,"column":61}}},"9":{"name":"(anonymous_9)","line":73,"loc":{"start":{"line":73,"column":2},"end":{"line":73,"column":14}}},"10":{"name":"(anonymous_10)","line":77,"loc":{"start":{"line":77,"column":10},"end":{"line":77,"column":29}}},"11":{"name":"(anonymous_11)","line":83,"loc":{"start":{"line":83,"column":31},"end":{"line":83,"column":47}}},"12":{"name":"(anonymous_12)","line":95,"loc":{"start":{"line":95,"column":18},"end":{"line":95,"column":37}}},"13":{"name":"(anonymous_13)","line":110,"loc":{"start":{"line":110,"column":4},"end":{"line":110,"column":26}}},"14":{"name":"(anonymous_14)","line":120,"loc":{"start":{"line":120,"column":23},"end":{"line":120,"column":41}}},"15":{"name":"(anonymous_15)","line":125,"loc":{"start":{"line":125,"column":20},"end":{"line":125,"column":43}}},"16":{"name":"(anonymous_16)","line":146,"loc":{"start":{"line":146,"column":17},"end":{"line":146,"column":35}}},"17":{"name":"(anonymous_17)","line":150,"loc":{"start":{"line":150,"column":10},"end":{"line":150,"column":30}}},"18":{"name":"(anonymous_18)","line":164,"loc":{"start":{"line":164,"column":25},"end":{"line":164,"column":43}}},"19":{"name":"(anonymous_19)","line":184,"loc":{"start":{"line":184,"column":10},"end":{"line":184,"column":29}}},"20":{"name":"(anonymous_20)","line":198,"loc":{"start":{"line":198,"column":25},"end":{"line":198,"column":43}}},"21":{"name":"(anonymous_21)","line":209,"loc":{"start":{"line":209,"column":4},"end":{"line":209,"column":16}}},"22":{"name":"(anonymous_22)","line":215,"loc":{"start":{"line":215,"column":10},"end":{"line":215,"column":33}}},"23":{"name":"(anonymous_23)","line":224,"loc":{"start":{"line":224,"column":22},"end":{"line":224,"column":50}}},"24":{"name":"(anonymous_24)","line":242,"loc":{"start":{"line":242,"column":4},"end":{"line":242,"column":16}}},"25":{"name":"(anonymous_25)","line":248,"loc":{"start":{"line":248,"column":12},"end":{"line":248,"column":36}}},"26":{"name":"(anonymous_26)","line":253,"loc":{"start":{"line":253,"column":25},"end":{"line":253,"column":54}}},"27":{"name":"(anonymous_27)","line":272,"loc":{"start":{"line":272,"column":2},"end":{"line":272,"column":24}}},"28":{"name":"(anonymous_28)","line":282,"loc":{"start":{"line":282,"column":27},"end":{"line":282,"column":45}}},"29":{"name":"(anonymous_29)","line":298,"loc":{"start":{"line":298,"column":8},"end":{"line":298,"column":31}}},"30":{"name":"(anonymous_30)","line":302,"loc":{"start":{"line":302,"column":20},"end":{"line":302,"column":39}}},"31":{"name":"(anonymous_31)","line":321,"loc":{"start":{"line":321,"column":24},"end":{"line":321,"column":42}}},"32":{"name":"(anonymous_32)","line":329,"loc":{"start":{"line":329,"column":4},"end":{"line":329,"column":16}}},"33":{"name":"(anonymous_33)","line":334,"loc":{"start":{"line":334,"column":12},"end":{"line":334,"column":36}}},"34":{"name":"(anonymous_34)","line":339,"loc":{"start":{"line":339,"column":58},"end":{"line":339,"column":75}}},"35":{"name":"(anonymous_35)","line":346,"loc":{"start":{"line":346,"column":27},"end":{"line":346,"column":46}}},"36":{"name":"(anonymous_36)","line":363,"loc":{"start":{"line":363,"column":4},"end":{"line":363,"column":16}}},"37":{"name":"(anonymous_37)","line":368,"loc":{"start":{"line":368,"column":12},"end":{"line":368,"column":35}}},"38":{"name":"(anonymous_38)","line":372,"loc":{"start":{"line":372,"column":24},"end":{"line":372,"column":43}}},"39":{"name":"(anonymous_39)","line":391,"loc":{"start":{"line":391,"column":2},"end":{"line":391,"column":24}}},"40":{"name":"(anonymous_40)","line":402,"loc":{"start":{"line":402,"column":22},"end":{"line":402,"column":40}}},"41":{"name":"(anonymous_41)","line":423,"loc":{"start":{"line":423,"column":10},"end":{"line":423,"column":29}}},"42":{"name":"(anonymous_42)","line":438,"loc":{"start":{"line":438,"column":20},"end":{"line":438,"column":38}}},"43":{"name":"(anonymous_43)","line":450,"loc":{"start":{"line":450,"column":4},"end":{"line":450,"column":16}}},"44":{"name":"(anonymous_44)","line":454,"loc":{"start":{"line":454,"column":12},"end":{"line":454,"column":31}}},"45":{"name":"(anonymous_45)","line":464,"loc":{"start":{"line":464,"column":4},"end":{"line":464,"column":16}}},"46":{"name":"(anonymous_46)","line":470,"loc":{"start":{"line":470,"column":12},"end":{"line":470,"column":32}}},"47":{"name":"(anonymous_47)","line":473,"loc":{"start":{"line":473,"column":26},"end":{"line":473,"column":49}}},"48":{"name":"(anonymous_48)","line":477,"loc":{"start":{"line":477,"column":24},"end":{"line":477,"column":45}}},"49":{"name":"(anonymous_49)","line":493,"loc":{"start":{"line":493,"column":5},"end":{"line":493,"column":27}}},"50":{"name":"(anonymous_50)","line":502,"loc":{"start":{"line":502,"column":18},"end":{"line":502,"column":36}}},"51":{"name":"(anonymous_51)","line":510,"loc":{"start":{"line":510,"column":10},"end":{"line":510,"column":29}}},"52":{"name":"(anonymous_52)","line":524,"loc":{"start":{"line":524,"column":17},"end":{"line":524,"column":35}}},"53":{"name":"(anonymous_53)","line":530,"loc":{"start":{"line":530,"column":38},"end":{"line":530,"column":57}}},"54":{"name":"(anonymous_54)","line":538,"loc":{"start":{"line":538,"column":27},"end":{"line":538,"column":37}}},"55":{"name":"(anonymous_55)","line":540,"loc":{"start":{"line":540,"column":20},"end":{"line":540,"column":46}}},"56":{"name":"(anonymous_56)","line":565,"loc":{"start":{"line":565,"column":19},"end":{"line":565,"column":37}}},"57":{"name":"(anonymous_57)","line":572,"loc":{"start":{"line":572,"column":21},"end":{"line":572,"column":34}}},"58":{"name":"(anonymous_58)","line":575,"loc":{"start":{"line":575,"column":16},"end":{"line":575,"column":38}}}},"statementMap":{"1":{"start":{"line":7,"column":0},"end":{"line":7,"column":40}},"2":{"start":{"line":8,"column":0},"end":{"line":8,"column":17}},"3":{"start":{"line":9,"column":0},"end":{"line":9,"column":29}},"4":{"start":{"line":10,"column":0},"end":{"line":10,"column":37}},"5":{"start":{"line":11,"column":0},"end":{"line":11,"column":51}},"6":{"start":{"line":12,"column":0},"end":{"line":12,"column":40}},"7":{"start":{"line":13,"column":0},"end":{"line":13,"column":30}},"8":{"start":{"line":14,"column":0},"end":{"line":14,"column":44}},"9":{"start":{"line":17,"column":0},"end":{"line":19,"column":2},"skip":true},"10":{"start":{"line":18,"column":2},"end":{"line":18,"column":38},"skip":true},"11":{"start":{"line":21,"column":0},"end":{"line":35,"column":2}},"12":{"start":{"line":22,"column":2},"end":{"line":25,"column":3}},"13":{"start":{"line":24,"column":4},"end":{"line":24,"column":59}},"14":{"start":{"line":27,"column":2},"end":{"line":27,"column":50}},"15":{"start":{"line":28,"column":2},"end":{"line":34,"column":5}},"16":{"start":{"line":29,"column":4},"end":{"line":33,"column":5}},"17":{"start":{"line":30,"column":6},"end":{"line":30,"column":61}},"18":{"start":{"line":32,"column":6},"end":{"line":32,"column":32}},"19":{"start":{"line":37,"column":0},"end":{"line":50,"column":2}},"20":{"start":{"line":39,"column":2},"end":{"line":41,"column":3}},"21":{"start":{"line":40,"column":4},"end":{"line":40,"column":59}},"22":{"start":{"line":43,"column":2},"end":{"line":49,"column":5}},"23":{"start":{"line":44,"column":4},"end":{"line":48,"column":5}},"24":{"start":{"line":45,"column":6},"end":{"line":45,"column":72}},"25":{"start":{"line":47,"column":6},"end":{"line":47,"column":89}},"26":{"start":{"line":51,"column":0},"end":{"line":117,"column":2}},"27":{"start":{"line":54,"column":2},"end":{"line":58,"column":3}},"28":{"start":{"line":57,"column":4},"end":{"line":57,"column":59},"skip":true},"29":{"start":{"line":60,"column":2},"end":{"line":60,"column":51}},"30":{"start":{"line":61,"column":2},"end":{"line":116,"column":5}},"31":{"start":{"line":64,"column":4},"end":{"line":71,"column":7}},"32":{"start":{"line":66,"column":6},"end":{"line":70,"column":7}},"33":{"start":{"line":67,"column":8},"end":{"line":67,"column":17}},"34":{"start":{"line":69,"column":8},"end":{"line":69,"column":16}},"35":{"start":{"line":75,"column":4},"end":{"line":108,"column":7}},"36":{"start":{"line":80,"column":6},"end":{"line":107,"column":7}},"37":{"start":{"line":81,"column":8},"end":{"line":93,"column":9}},"38":{"start":{"line":83,"column":10},"end":{"line":87,"column":13}},"39":{"start":{"line":84,"column":12},"end":{"line":86,"column":13}},"40":{"start":{"line":85,"column":14},"end":{"line":85,"column":57}},"41":{"start":{"line":89,"column":10},"end":{"line":92,"column":13}},"42":{"start":{"line":95,"column":8},"end":{"line":103,"column":11}},"43":{"start":{"line":96,"column":10},"end":{"line":102,"column":11}},"44":{"start":{"line":98,"column":12},"end":{"line":98,"column":21}},"45":{"start":{"line":101,"column":12},"end":{"line":101,"column":62}},"46":{"start":{"line":106,"column":8},"end":{"line":106,"column":62}},"47":{"start":{"line":111,"column":4},"end":{"line":115,"column":5}},"48":{"start":{"line":112,"column":6},"end":{"line":112,"column":74}},"49":{"start":{"line":114,"column":6},"end":{"line":114,"column":32}},"50":{"start":{"line":120,"column":0},"end":{"line":144,"column":2}},"51":{"start":{"line":121,"column":2},"end":{"line":124,"column":5}},"52":{"start":{"line":125,"column":2},"end":{"line":143,"column":5}},"53":{"start":{"line":127,"column":4},"end":{"line":142,"column":5}},"54":{"start":{"line":128,"column":6},"end":{"line":136,"column":7}},"55":{"start":{"line":129,"column":8},"end":{"line":131,"column":11}},"56":{"start":{"line":133,"column":8},"end":{"line":135,"column":11}},"57":{"start":{"line":138,"column":6},"end":{"line":141,"column":9},"skip":true},"58":{"start":{"line":146,"column":0},"end":{"line":162,"column":2}},"59":{"start":{"line":147,"column":2},"end":{"line":147,"column":90}},"60":{"start":{"line":148,"column":2},"end":{"line":161,"column":7}},"61":{"start":{"line":152,"column":6},"end":{"line":160,"column":7}},"62":{"start":{"line":153,"column":8},"end":{"line":157,"column":9}},"63":{"start":{"line":154,"column":10},"end":{"line":154,"column":33}},"64":{"start":{"line":156,"column":10},"end":{"line":156,"column":87}},"65":{"start":{"line":159,"column":8},"end":{"line":159,"column":34},"skip":true},"66":{"start":{"line":164,"column":0},"end":{"line":196,"column":2}},"67":{"start":{"line":166,"column":2},"end":{"line":166,"column":41}},"68":{"start":{"line":167,"column":2},"end":{"line":167,"column":45}},"69":{"start":{"line":169,"column":2},"end":{"line":173,"column":3}},"70":{"start":{"line":172,"column":4},"end":{"line":172,"column":59},"skip":true},"71":{"start":{"line":174,"column":2},"end":{"line":195,"column":7}},"72":{"start":{"line":186,"column":6},"end":{"line":194,"column":7}},"73":{"start":{"line":187,"column":8},"end":{"line":191,"column":9}},"74":{"start":{"line":188,"column":10},"end":{"line":188,"column":37}},"75":{"start":{"line":190,"column":10},"end":{"line":190,"column":66}},"76":{"start":{"line":193,"column":8},"end":{"line":193,"column":34},"skip":true},"77":{"start":{"line":198,"column":0},"end":{"line":280,"column":2}},"78":{"start":{"line":199,"column":2},"end":{"line":199,"column":34}},"79":{"start":{"line":200,"column":2},"end":{"line":200,"column":34}},"80":{"start":{"line":202,"column":2},"end":{"line":206,"column":3}},"81":{"start":{"line":205,"column":4},"end":{"line":205,"column":59},"skip":true},"82":{"start":{"line":208,"column":2},"end":{"line":279,"column":5}},"83":{"start":{"line":210,"column":4},"end":{"line":210,"column":24}},"84":{"start":{"line":212,"column":4},"end":{"line":240,"column":7}},"85":{"start":{"line":218,"column":6},"end":{"line":239,"column":7}},"86":{"start":{"line":219,"column":8},"end":{"line":236,"column":9}},"87":{"start":{"line":221,"column":8},"end":{"line":221,"column":50}},"88":{"start":{"line":223,"column":8},"end":{"line":223,"column":47}},"89":{"start":{"line":224,"column":8},"end":{"line":233,"column":11}},"90":{"start":{"line":225,"column":10},"end":{"line":232,"column":11}},"91":{"start":{"line":226,"column":12},"end":{"line":226,"column":36}},"92":{"start":{"line":228,"column":17},"end":{"line":232,"column":11}},"93":{"start":{"line":229,"column":12},"end":{"line":229,"column":73}},"94":{"start":{"line":231,"column":12},"end":{"line":231,"column":20},"skip":true},"95":{"start":{"line":235,"column":10},"end":{"line":235,"column":70}},"96":{"start":{"line":238,"column":8},"end":{"line":238,"column":16},"skip":true},"97":{"start":{"line":243,"column":6},"end":{"line":243,"column":27}},"98":{"start":{"line":245,"column":6},"end":{"line":269,"column":9}},"99":{"start":{"line":250,"column":8},"end":{"line":268,"column":9}},"100":{"start":{"line":252,"column":10},"end":{"line":252,"column":49}},"101":{"start":{"line":253,"column":10},"end":{"line":262,"column":13}},"102":{"start":{"line":254,"column":12},"end":{"line":261,"column":13}},"103":{"start":{"line":255,"column":14},"end":{"line":255,"column":39}},"104":{"start":{"line":257,"column":19},"end":{"line":261,"column":13}},"105":{"start":{"line":258,"column":14},"end":{"line":258,"column":76}},"106":{"start":{"line":260,"column":14},"end":{"line":260,"column":22},"skip":true},"107":{"start":{"line":264,"column":15},"end":{"line":268,"column":9}},"108":{"start":{"line":265,"column":10},"end":{"line":265,"column":90}},"109":{"start":{"line":267,"column":10},"end":{"line":267,"column":18},"skip":true},"110":{"start":{"line":273,"column":4},"end":{"line":278,"column":5}},"111":{"start":{"line":274,"column":6},"end":{"line":274,"column":32}},"112":{"start":{"line":277,"column":6},"end":{"line":277,"column":67}},"113":{"start":{"line":282,"column":0},"end":{"line":319,"column":2}},"114":{"start":{"line":290,"column":2},"end":{"line":294,"column":3}},"115":{"start":{"line":293,"column":4},"end":{"line":293,"column":59},"skip":true},"116":{"start":{"line":295,"column":2},"end":{"line":318,"column":5}},"117":{"start":{"line":299,"column":4},"end":{"line":317,"column":5}},"118":{"start":{"line":301,"column":6},"end":{"line":301,"column":50}},"119":{"start":{"line":302,"column":6},"end":{"line":311,"column":9}},"120":{"start":{"line":303,"column":8},"end":{"line":310,"column":9}},"121":{"start":{"line":304,"column":10},"end":{"line":304,"column":71}},"122":{"start":{"line":306,"column":15},"end":{"line":310,"column":9}},"123":{"start":{"line":307,"column":10},"end":{"line":307,"column":90}},"124":{"start":{"line":309,"column":10},"end":{"line":309,"column":36},"skip":true},"125":{"start":{"line":313,"column":11},"end":{"line":317,"column":5}},"126":{"start":{"line":314,"column":6},"end":{"line":315,"column":4}},"127":{"start":{"line":316,"column":6},"end":{"line":316,"column":32},"skip":true},"128":{"start":{"line":321,"column":0},"end":{"line":399,"column":2}},"129":{"start":{"line":323,"column":2},"end":{"line":327,"column":3}},"130":{"start":{"line":326,"column":4},"end":{"line":326,"column":59},"skip":true},"131":{"start":{"line":328,"column":2},"end":{"line":398,"column":5}},"132":{"start":{"line":331,"column":6},"end":{"line":360,"column":9}},"133":{"start":{"line":336,"column":8},"end":{"line":359,"column":9}},"134":{"start":{"line":339,"column":10},"end":{"line":356,"column":11}},"135":{"start":{"line":339,"column":76},"end":{"line":339,"column":102}},"136":{"start":{"line":341,"column":12},"end":{"line":341,"column":74}},"137":{"start":{"line":344,"column":12},"end":{"line":344,"column":64}},"138":{"start":{"line":346,"column":12},"end":{"line":355,"column":15}},"139":{"start":{"line":347,"column":14},"end":{"line":354,"column":15}},"140":{"start":{"line":348,"column":14},"end":{"line":348,"column":30}},"141":{"start":{"line":350,"column":21},"end":{"line":354,"column":15}},"142":{"start":{"line":351,"column":16},"end":{"line":351,"column":89}},"143":{"start":{"line":353,"column":16},"end":{"line":353,"column":31},"skip":true},"144":{"start":{"line":358,"column":10},"end":{"line":358,"column":25},"skip":true},"145":{"start":{"line":365,"column":6},"end":{"line":388,"column":9}},"146":{"start":{"line":369,"column":8},"end":{"line":387,"column":9}},"147":{"start":{"line":371,"column":10},"end":{"line":371,"column":60}},"148":{"start":{"line":372,"column":10},"end":{"line":381,"column":13}},"149":{"start":{"line":373,"column":12},"end":{"line":380,"column":13}},"150":{"start":{"line":374,"column":14},"end":{"line":374,"column":30}},"151":{"start":{"line":376,"column":19},"end":{"line":380,"column":13}},"152":{"start":{"line":377,"column":14},"end":{"line":377,"column":87}},"153":{"start":{"line":379,"column":14},"end":{"line":379,"column":29},"skip":true},"154":{"start":{"line":383,"column":15},"end":{"line":387,"column":9}},"155":{"start":{"line":384,"column":10},"end":{"line":384,"column":88}},"156":{"start":{"line":386,"column":10},"end":{"line":386,"column":25},"skip":true},"157":{"start":{"line":392,"column":4},"end":{"line":397,"column":5}},"158":{"start":{"line":393,"column":6},"end":{"line":393,"column":32}},"159":{"start":{"line":396,"column":6},"end":{"line":396,"column":73}},"160":{"start":{"line":402,"column":0},"end":{"line":435,"column":2}},"161":{"start":{"line":404,"column":2},"end":{"line":404,"column":41}},"162":{"start":{"line":405,"column":2},"end":{"line":405,"column":45}},"163":{"start":{"line":408,"column":2},"end":{"line":412,"column":3}},"164":{"start":{"line":411,"column":4},"end":{"line":411,"column":59},"skip":true},"165":{"start":{"line":413,"column":2},"end":{"line":434,"column":7}},"166":{"start":{"line":425,"column":6},"end":{"line":433,"column":7}},"167":{"start":{"line":426,"column":8},"end":{"line":430,"column":9}},"168":{"start":{"line":427,"column":10},"end":{"line":427,"column":37}},"169":{"start":{"line":429,"column":10},"end":{"line":429,"column":66}},"170":{"start":{"line":432,"column":8},"end":{"line":432,"column":34},"skip":true},"171":{"start":{"line":438,"column":0},"end":{"line":500,"column":2}},"172":{"start":{"line":441,"column":2},"end":{"line":441,"column":41}},"173":{"start":{"line":442,"column":2},"end":{"line":442,"column":14}},"174":{"start":{"line":444,"column":2},"end":{"line":448,"column":3}},"175":{"start":{"line":447,"column":4},"end":{"line":447,"column":59},"skip":true},"176":{"start":{"line":449,"column":2},"end":{"line":499,"column":5}},"177":{"start":{"line":451,"column":6},"end":{"line":462,"column":9}},"178":{"start":{"line":455,"column":8},"end":{"line":461,"column":9}},"179":{"start":{"line":457,"column":10},"end":{"line":457,"column":33}},"180":{"start":{"line":458,"column":10},"end":{"line":458,"column":25}},"181":{"start":{"line":460,"column":10},"end":{"line":460,"column":18}},"182":{"start":{"line":465,"column":6},"end":{"line":491,"column":9}},"183":{"start":{"line":471,"column":8},"end":{"line":490,"column":9}},"184":{"start":{"line":473,"column":10},"end":{"line":475,"column":13}},"185":{"start":{"line":474,"column":12},"end":{"line":474,"column":47}},"186":{"start":{"line":477,"column":10},"end":{"line":483,"column":13}},"187":{"start":{"line":478,"column":12},"end":{"line":482,"column":13}},"188":{"start":{"line":479,"column":14},"end":{"line":479,"column":47}},"189":{"start":{"line":481,"column":14},"end":{"line":481,"column":48}},"190":{"start":{"line":484,"column":10},"end":{"line":484,"column":26}},"191":{"start":{"line":486,"column":15},"end":{"line":490,"column":9}},"192":{"start":{"line":487,"column":10},"end":{"line":487,"column":50}},"193":{"start":{"line":489,"column":10},"end":{"line":489,"column":18},"skip":true},"194":{"start":{"line":494,"column":4},"end":{"line":498,"column":5}},"195":{"start":{"line":495,"column":6},"end":{"line":495,"column":32}},"196":{"start":{"line":497,"column":6},"end":{"line":497,"column":39}},"197":{"start":{"line":502,"column":0},"end":{"line":522,"column":2}},"198":{"start":{"line":504,"column":2},"end":{"line":507,"column":3}},"199":{"start":{"line":506,"column":4},"end":{"line":506,"column":59},"skip":true},"200":{"start":{"line":508,"column":2},"end":{"line":521,"column":7}},"201":{"start":{"line":512,"column":6},"end":{"line":520,"column":7}},"202":{"start":{"line":513,"column":8},"end":{"line":517,"column":9}},"203":{"start":{"line":514,"column":10},"end":{"line":514,"column":37}},"204":{"start":{"line":516,"column":10},"end":{"line":516,"column":67}},"205":{"start":{"line":519,"column":8},"end":{"line":519,"column":34},"skip":true},"206":{"start":{"line":524,"column":0},"end":{"line":562,"column":2}},"207":{"start":{"line":526,"column":2},"end":{"line":529,"column":3}},"208":{"start":{"line":528,"column":4},"end":{"line":528,"column":59},"skip":true},"209":{"start":{"line":530,"column":2},"end":{"line":560,"column":5}},"210":{"start":{"line":532,"column":4},"end":{"line":558,"column":5}},"211":{"start":{"line":533,"column":6},"end":{"line":554,"column":7}},"212":{"start":{"line":535,"column":8},"end":{"line":535,"column":85}},"213":{"start":{"line":536,"column":8},"end":{"line":536,"column":66}},"214":{"start":{"line":537,"column":8},"end":{"line":537,"column":84}},"215":{"start":{"line":538,"column":8},"end":{"line":551,"column":11}},"216":{"start":{"line":540,"column":10},"end":{"line":550,"column":13}},"217":{"start":{"line":542,"column":12},"end":{"line":549,"column":13}},"218":{"start":{"line":543,"column":14},"end":{"line":546,"column":17}},"219":{"start":{"line":548,"column":14},"end":{"line":548,"column":40},"skip":true},"220":{"start":{"line":553,"column":8},"end":{"line":553,"column":29}},"221":{"start":{"line":556,"column":6},"end":{"line":556,"column":68},"skip":true},"222":{"start":{"line":557,"column":6},"end":{"line":557,"column":32},"skip":true},"223":{"start":{"line":565,"column":0},"end":{"line":592,"column":2}},"224":{"start":{"line":567,"column":2},"end":{"line":571,"column":5}},"225":{"start":{"line":572,"column":2},"end":{"line":591,"column":5}},"226":{"start":{"line":574,"column":4},"end":{"line":590,"column":5}},"227":{"start":{"line":575,"column":6},"end":{"line":587,"column":9}},"228":{"start":{"line":576,"column":8},"end":{"line":586,"column":9}},"229":{"start":{"line":577,"column":10},"end":{"line":580,"column":13}},"230":{"start":{"line":582,"column":10},"end":{"line":585,"column":13}},"231":{"start":{"line":589,"column":6},"end":{"line":589,"column":32},"skip":true}},"branchMap":{"1":{"line":22,"type":"if","locations":[{"start":{"line":22,"column":2},"end":{"line":22,"column":2}},{"start":{"line":22,"column":2},"end":{"line":22,"column":2}}]},"2":{"line":22,"type":"binary-expr","locations":[{"start":{"line":22,"column":6},"end":{"line":22,"column":48}},{"start":{"line":23,"column":6},"end":{"line":23,"column":30}}]},"3":{"line":29,"type":"if","locations":[{"start":{"line":29,"column":4},"end":{"line":29,"column":4}},{"start":{"line":29,"column":4},"end":{"line":29,"column":4}}]},"4":{"line":39,"type":"if","locations":[{"start":{"line":39,"column":2},"end":{"line":39,"column":2}},{"start":{"line":39,"column":2},"end":{"line":39,"column":2}}]},"5":{"line":44,"type":"if","locations":[{"start":{"line":44,"column":4},"end":{"line":44,"column":4}},{"start":{"line":44,"column":4},"end":{"line":44,"column":4}}]},"6":{"line":54,"type":"if","locations":[{"start":{"line":54,"column":2},"end":{"line":54,"column":2},"skip":true},{"start":{"line":54,"column":2},"end":{"line":54,"column":2}}]},"7":{"line":54,"type":"binary-expr","locations":[{"start":{"line":54,"column":6},"end":{"line":54,"column":48}},{"start":{"line":55,"column":6},"end":{"line":55,"column":33}},{"start":{"line":56,"column":8},"end":{"line":56,"column":53}}]},"8":{"line":66,"type":"if","locations":[{"start":{"line":66,"column":6},"end":{"line":66,"column":6}},{"start":{"line":66,"column":6},"end":{"line":66,"column":6}}]},"9":{"line":80,"type":"if","locations":[{"start":{"line":80,"column":6},"end":{"line":80,"column":6}},{"start":{"line":80,"column":6},"end":{"line":80,"column":6}}]},"10":{"line":80,"type":"binary-expr","locations":[{"start":{"line":80,"column":10},"end":{"line":80,"column":14}},{"start":{"line":80,"column":18},"end":{"line":80,"column":22}}]},"11":{"line":81,"type":"if","locations":[{"start":{"line":81,"column":8},"end":{"line":81,"column":8}},{"start":{"line":81,"column":8},"end":{"line":81,"column":8}}]},"12":{"line":84,"type":"if","locations":[{"start":{"line":84,"column":12},"end":{"line":84,"column":12}},{"start":{"line":84,"column":12},"end":{"line":84,"column":12}}]},"13":{"line":96,"type":"if","locations":[{"start":{"line":96,"column":10},"end":{"line":96,"column":10}},{"start":{"line":96,"column":10},"end":{"line":96,"column":10}}]},"14":{"line":96,"type":"binary-expr","locations":[{"start":{"line":96,"column":14},"end":{"line":96,"column":18}},{"start":{"line":96,"column":22},"end":{"line":96,"column":26}}]},"15":{"line":111,"type":"if","locations":[{"start":{"line":111,"column":4},"end":{"line":111,"column":4}},{"start":{"line":111,"column":4},"end":{"line":111,"column":4}}]},"16":{"line":127,"type":"if","locations":[{"start":{"line":127,"column":4},"end":{"line":127,"column":4}},{"start":{"line":127,"column":4},"end":{"line":127,"column":4},"skip":true}]},"17":{"line":128,"type":"if","locations":[{"start":{"line":128,"column":6},"end":{"line":128,"column":6}},{"start":{"line":128,"column":6},"end":{"line":128,"column":6}}]},"18":{"line":152,"type":"if","locations":[{"start":{"line":152,"column":6},"end":{"line":152,"column":6}},{"start":{"line":152,"column":6},"end":{"line":152,"column":6},"skip":true}]},"19":{"line":153,"type":"if","locations":[{"start":{"line":153,"column":8},"end":{"line":153,"column":8}},{"start":{"line":153,"column":8},"end":{"line":153,"column":8}}]},"20":{"line":166,"type":"binary-expr","locations":[{"start":{"line":166,"column":20},"end":{"line":166,"column":35}},{"start":{"line":166,"column":39},"end":{"line":166,"column":40}}]},"21":{"line":169,"type":"if","locations":[{"start":{"line":169,"column":2},"end":{"line":169,"column":2},"skip":true},{"start":{"line":169,"column":2},"end":{"line":169,"column":2}}]},"22":{"line":169,"type":"binary-expr","locations":[{"start":{"line":169,"column":6},"end":{"line":169,"column":43}},{"start":{"line":170,"column":6},"end":{"line":170,"column":33}}]},"23":{"line":186,"type":"if","locations":[{"start":{"line":186,"column":6},"end":{"line":186,"column":6}},{"start":{"line":186,"column":6},"end":{"line":186,"column":6},"skip":true}]},"24":{"line":187,"type":"if","locations":[{"start":{"line":187,"column":8},"end":{"line":187,"column":8}},{"start":{"line":187,"column":8},"end":{"line":187,"column":8}}]},"25":{"line":202,"type":"if","locations":[{"start":{"line":202,"column":2},"end":{"line":202,"column":2},"skip":true},{"start":{"line":202,"column":2},"end":{"line":202,"column":2}}]},"26":{"line":202,"type":"binary-expr","locations":[{"start":{"line":202,"column":6},"end":{"line":202,"column":32}},{"start":{"line":203,"column":6},"end":{"line":203,"column":33}}]},"27":{"line":218,"type":"if","locations":[{"start":{"line":218,"column":6},"end":{"line":218,"column":6}},{"start":{"line":218,"column":6},"end":{"line":218,"column":6},"skip":true}]},"28":{"line":219,"type":"if","locations":[{"start":{"line":219,"column":8},"end":{"line":219,"column":8}},{"start":{"line":219,"column":8},"end":{"line":219,"column":8}}]},"29":{"line":225,"type":"if","locations":[{"start":{"line":225,"column":10},"end":{"line":225,"column":10}},{"start":{"line":225,"column":10},"end":{"line":225,"column":10}}]},"30":{"line":225,"type":"binary-expr","locations":[{"start":{"line":225,"column":14},"end":{"line":225,"column":18}},{"start":{"line":225,"column":22},"end":{"line":225,"column":35}}]},"31":{"line":228,"type":"if","locations":[{"start":{"line":228,"column":17},"end":{"line":228,"column":17}},{"start":{"line":228,"column":17},"end":{"line":228,"column":17},"skip":true}]},"32":{"line":228,"type":"binary-expr","locations":[{"start":{"line":228,"column":21},"end":{"line":228,"column":25}},{"start":{"line":228,"column":29},"end":{"line":228,"column":43}}]},"33":{"line":250,"type":"if","locations":[{"start":{"line":250,"column":8},"end":{"line":250,"column":8}},{"start":{"line":250,"column":8},"end":{"line":250,"column":8}}]},"34":{"line":250,"type":"binary-expr","locations":[{"start":{"line":250,"column":11},"end":{"line":250,"column":15}},{"start":{"line":250,"column":19},"end":{"line":250,"column":28}}]},"35":{"line":254,"type":"if","locations":[{"start":{"line":254,"column":12},"end":{"line":254,"column":12}},{"start":{"line":254,"column":12},"end":{"line":254,"column":12}}]},"36":{"line":254,"type":"binary-expr","locations":[{"start":{"line":254,"column":16},"end":{"line":254,"column":20}},{"start":{"line":254,"column":24},"end":{"line":254,"column":38}}]},"37":{"line":257,"type":"if","locations":[{"start":{"line":257,"column":19},"end":{"line":257,"column":19}},{"start":{"line":257,"column":19},"end":{"line":257,"column":19},"skip":true}]},"38":{"line":257,"type":"binary-expr","locations":[{"start":{"line":257,"column":22},"end":{"line":257,"column":26}},{"start":{"line":257,"column":30},"end":{"line":257,"column":45}}]},"39":{"line":264,"type":"if","locations":[{"start":{"line":264,"column":15},"end":{"line":264,"column":15}},{"start":{"line":264,"column":15},"end":{"line":264,"column":15},"skip":true}]},"40":{"line":264,"type":"binary-expr","locations":[{"start":{"line":264,"column":18},"end":{"line":264,"column":22}},{"start":{"line":264,"column":26},"end":{"line":264,"column":36}}]},"41":{"line":273,"type":"if","locations":[{"start":{"line":273,"column":4},"end":{"line":273,"column":4}},{"start":{"line":273,"column":4},"end":{"line":273,"column":4}}]},"42":{"line":290,"type":"if","locations":[{"start":{"line":290,"column":2},"end":{"line":290,"column":2},"skip":true},{"start":{"line":290,"column":2},"end":{"line":290,"column":2}}]},"43":{"line":290,"type":"binary-expr","locations":[{"start":{"line":290,"column":6},"end":{"line":290,"column":32}},{"start":{"line":291,"column":6},"end":{"line":291,"column":33}}]},"44":{"line":299,"type":"if","locations":[{"start":{"line":299,"column":4},"end":{"line":299,"column":4}},{"start":{"line":299,"column":4},"end":{"line":299,"column":4}}]},"45":{"line":299,"type":"binary-expr","locations":[{"start":{"line":299,"column":8},"end":{"line":299,"column":12}},{"start":{"line":299,"column":16},"end":{"line":299,"column":24}}]},"46":{"line":303,"type":"if","locations":[{"start":{"line":303,"column":8},"end":{"line":303,"column":8}},{"start":{"line":303,"column":8},"end":{"line":303,"column":8}}]},"47":{"line":303,"type":"binary-expr","locations":[{"start":{"line":303,"column":12},"end":{"line":303,"column":16}},{"start":{"line":303,"column":20},"end":{"line":303,"column":24}}]},"48":{"line":306,"type":"if","locations":[{"start":{"line":306,"column":15},"end":{"line":306,"column":15}},{"start":{"line":306,"column":15},"end":{"line":306,"column":15},"skip":true}]},"49":{"line":306,"type":"binary-expr","locations":[{"start":{"line":306,"column":19},"end":{"line":306,"column":23}},{"start":{"line":306,"column":27},"end":{"line":306,"column":32}}]},"50":{"line":313,"type":"if","locations":[{"start":{"line":313,"column":11},"end":{"line":313,"column":11}},{"start":{"line":313,"column":11},"end":{"line":313,"column":11},"skip":true}]},"51":{"line":323,"type":"if","locations":[{"start":{"line":323,"column":2},"end":{"line":323,"column":2},"skip":true},{"start":{"line":323,"column":2},"end":{"line":323,"column":2}}]},"52":{"line":323,"type":"binary-expr","locations":[{"start":{"line":323,"column":6},"end":{"line":323,"column":33}},{"start":{"line":324,"column":6},"end":{"line":324,"column":34}}]},"53":{"line":336,"type":"if","locations":[{"start":{"line":336,"column":8},"end":{"line":336,"column":8}},{"start":{"line":336,"column":8},"end":{"line":336,"column":8},"skip":true}]},"54":{"line":336,"type":"binary-expr","locations":[{"start":{"line":336,"column":12},"end":{"line":336,"column":16}},{"start":{"line":336,"column":20},"end":{"line":336,"column":29}}]},"55":{"line":339,"type":"if","locations":[{"start":{"line":339,"column":10},"end":{"line":339,"column":10}},{"start":{"line":339,"column":10},"end":{"line":339,"column":10}}]},"56":{"line":347,"type":"if","locations":[{"start":{"line":347,"column":14},"end":{"line":347,"column":14}},{"start":{"line":347,"column":14},"end":{"line":347,"column":14}}]},"57":{"line":347,"type":"binary-expr","locations":[{"start":{"line":347,"column":18},"end":{"line":347,"column":22}},{"start":{"line":347,"column":26},"end":{"line":347,"column":30}}]},"58":{"line":350,"type":"if","locations":[{"start":{"line":350,"column":21},"end":{"line":350,"column":21}},{"start":{"line":350,"column":21},"end":{"line":350,"column":21},"skip":true}]},"59":{"line":369,"type":"if","locations":[{"start":{"line":369,"column":8},"end":{"line":369,"column":8}},{"start":{"line":369,"column":8},"end":{"line":369,"column":8}}]},"60":{"line":369,"type":"binary-expr","locations":[{"start":{"line":369,"column":12},"end":{"line":369,"column":16}},{"start":{"line":369,"column":20},"end":{"line":369,"column":28}}]},"61":{"line":373,"type":"if","locations":[{"start":{"line":373,"column":12},"end":{"line":373,"column":12}},{"start":{"line":373,"column":12},"end":{"line":373,"column":12}}]},"62":{"line":373,"type":"binary-expr","locations":[{"start":{"line":373,"column":16},"end":{"line":373,"column":20}},{"start":{"line":373,"column":24},"end":{"line":373,"column":28}}]},"63":{"line":376,"type":"if","locations":[{"start":{"line":376,"column":19},"end":{"line":376,"column":19}},{"start":{"line":376,"column":19},"end":{"line":376,"column":19},"skip":true}]},"64":{"line":383,"type":"if","locations":[{"start":{"line":383,"column":15},"end":{"line":383,"column":15}},{"start":{"line":383,"column":15},"end":{"line":383,"column":15},"skip":true}]},"65":{"line":392,"type":"if","locations":[{"start":{"line":392,"column":4},"end":{"line":392,"column":4}},{"start":{"line":392,"column":4},"end":{"line":392,"column":4}}]},"66":{"line":404,"type":"binary-expr","locations":[{"start":{"line":404,"column":20},"end":{"line":404,"column":35}},{"start":{"line":404,"column":39},"end":{"line":404,"column":40}}]},"67":{"line":408,"type":"if","locations":[{"start":{"line":408,"column":2},"end":{"line":408,"column":2},"skip":true},{"start":{"line":408,"column":2},"end":{"line":408,"column":2}}]},"68":{"line":408,"type":"binary-expr","locations":[{"start":{"line":408,"column":6},"end":{"line":408,"column":43}},{"start":{"line":409,"column":6},"end":{"line":409,"column":33}}]},"69":{"line":425,"type":"if","locations":[{"start":{"line":425,"column":6},"end":{"line":425,"column":6}},{"start":{"line":425,"column":6},"end":{"line":425,"column":6},"skip":true}]},"70":{"line":426,"type":"if","locations":[{"start":{"line":426,"column":8},"end":{"line":426,"column":8}},{"start":{"line":426,"column":8},"end":{"line":426,"column":8}}]},"71":{"line":441,"type":"binary-expr","locations":[{"start":{"line":441,"column":20},"end":{"line":441,"column":35}},{"start":{"line":441,"column":39},"end":{"line":441,"column":40}}]},"72":{"line":444,"type":"if","locations":[{"start":{"line":444,"column":2},"end":{"line":444,"column":2},"skip":true},{"start":{"line":444,"column":2},"end":{"line":444,"column":2}}]},"73":{"line":444,"type":"binary-expr","locations":[{"start":{"line":444,"column":6},"end":{"line":444,"column":43}},{"start":{"line":445,"column":6},"end":{"line":445,"column":33}}]},"74":{"line":455,"type":"if","locations":[{"start":{"line":455,"column":8},"end":{"line":455,"column":8}},{"start":{"line":455,"column":8},"end":{"line":455,"column":8}}]},"75":{"line":455,"type":"binary-expr","locations":[{"start":{"line":455,"column":12},"end":{"line":455,"column":16}},{"start":{"line":455,"column":20},"end":{"line":455,"column":24}}]},"76":{"line":471,"type":"if","locations":[{"start":{"line":471,"column":8},"end":{"line":471,"column":8}},{"start":{"line":471,"column":8},"end":{"line":471,"column":8}}]},"77":{"line":471,"type":"binary-expr","locations":[{"start":{"line":471,"column":11},"end":{"line":471,"column":15}},{"start":{"line":471,"column":19},"end":{"line":471,"column":31}}]},"78":{"line":478,"type":"if","locations":[{"start":{"line":478,"column":12},"end":{"line":478,"column":12}},{"start":{"line":478,"column":12},"end":{"line":478,"column":12}}]},"79":{"line":486,"type":"if","locations":[{"start":{"line":486,"column":15},"end":{"line":486,"column":15}},{"start":{"line":486,"column":15},"end":{"line":486,"column":15},"skip":true}]},"80":{"line":494,"type":"if","locations":[{"start":{"line":494,"column":4},"end":{"line":494,"column":4}},{"start":{"line":494,"column":4},"end":{"line":494,"column":4}}]},"81":{"line":504,"type":"if","locations":[{"start":{"line":504,"column":2},"end":{"line":504,"column":2},"skip":true},{"start":{"line":504,"column":2},"end":{"line":504,"column":2}}]},"82":{"line":512,"type":"if","locations":[{"start":{"line":512,"column":6},"end":{"line":512,"column":6}},{"start":{"line":512,"column":6},"end":{"line":512,"column":6},"skip":true}]},"83":{"line":513,"type":"if","locations":[{"start":{"line":513,"column":8},"end":{"line":513,"column":8}},{"start":{"line":513,"column":8},"end":{"line":513,"column":8}}]},"84":{"line":526,"type":"if","locations":[{"start":{"line":526,"column":2},"end":{"line":526,"column":2},"skip":true},{"start":{"line":526,"column":2},"end":{"line":526,"column":2}}]},"85":{"line":532,"type":"if","locations":[{"start":{"line":532,"column":4},"end":{"line":532,"column":4}},{"start":{"line":532,"column":4},"end":{"line":532,"column":4},"skip":true}]},"86":{"line":533,"type":"if","locations":[{"start":{"line":533,"column":6},"end":{"line":533,"column":6}},{"start":{"line":533,"column":6},"end":{"line":533,"column":6}}]},"87":{"line":535,"type":"cond-expr","locations":[{"start":{"line":535,"column":48},"end":{"line":535,"column":68}},{"start":{"line":535,"column":71},"end":{"line":535,"column":84}}]},"88":{"line":536,"type":"cond-expr","locations":[{"start":{"line":536,"column":38},"end":{"line":536,"column":52}},{"start":{"line":536,"column":55},"end":{"line":536,"column":65}}]},"89":{"line":537,"type":"cond-expr","locations":[{"start":{"line":537,"column":47},"end":{"line":537,"column":67}},{"start":{"line":537,"column":70},"end":{"line":537,"column":83}}]},"90":{"line":542,"type":"if","locations":[{"start":{"line":542,"column":12},"end":{"line":542,"column":12}},{"start":{"line":542,"column":12},"end":{"line":542,"column":12},"skip":true}]},"91":{"line":574,"type":"if","locations":[{"start":{"line":574,"column":4},"end":{"line":574,"column":4}},{"start":{"line":574,"column":4},"end":{"line":574,"column":4},"skip":true}]},"92":{"line":576,"type":"if","locations":[{"start":{"line":576,"column":8},"end":{"line":576,"column":8}},{"start":{"line":576,"column":8},"end":{"line":576,"column":8}}]}}},"/Users/avi/Documents/CodeHatcher/Code/quippics/models/user.js":{"path":"/Users/avi/Documents/CodeHatcher/Code/quippics/models/user.js","s":{"1":1,"2":1,"3":1,"4":1,"5":1,"6":1,"7":1,"8":1,"9":1,"10":1,"11":1,"12":1,"13":1,"14":1,"15":41,"16":41,"17":41,"18":41,"19":5,"20":2,"21":3,"22":36,"23":0,"24":0,"25":1,"26":73,"27":73,"28":37,"29":37,"30":37,"31":0,"32":36,"33":1,"34":0,"35":0,"36":0,"37":0,"38":0,"39":0,"40":1,"41":0,"42":0,"43":0,"44":0,"45":0,"46":0,"47":0,"48":0,"49":0,"50":0,"51":0,"52":0,"53":0,"54":1,"55":1,"56":1,"57":1,"58":1,"59":1,"60":1,"61":1,"62":1,"63":1,"64":1,"65":0,"66":0,"67":0,"68":1,"69":31,"70":12,"71":12,"72":12,"73":12,"74":12,"75":12,"76":12,"77":12,"78":12,"79":12,"80":0,"81":19,"82":1,"83":157,"84":157,"85":157,"86":157,"87":156,"88":156,"89":156,"90":153,"91":3,"92":0,"93":1,"94":0,"95":1,"96":37,"97":37,"98":37,"99":37,"100":37,"101":0,"102":1,"103":156,"104":156,"105":156,"106":156,"107":153,"108":3,"109":0,"110":1,"111":26,"112":26,"113":0,"114":26,"115":26,"116":26,"117":26,"118":4,"119":9,"120":9,"121":22,"122":22,"123":0,"124":1,"125":10,"126":0,"127":10,"128":10,"129":10,"130":0,"131":1,"132":0,"133":0,"134":0,"135":0,"136":0,"137":0,"138":0,"139":0,"140":0,"141":0,"142":0,"143":0,"144":1,"145":1,"146":0,"147":1,"148":1,"149":1,"150":1,"151":1,"152":1,"153":1,"154":1,"155":0,"156":0,"157":1,"158":0,"159":0,"160":0,"161":0,"162":0,"163":0,"164":0,"165":0,"166":0,"167":0,"168":0,"169":0,"170":0,"171":1,"172":1},"b":{"1":[41,0],"2":[5,36],"3":[2,3],"4":[37,36],"5":[37,0],"6":[0,0],"7":[0,0],"8":[0,0],"9":[0,0],"10":[1,0],"11":[1,1],"12":[1,0],"13":[1,1],"14":[1,0],"15":[12,19],"16":[12,0],"17":[157,0],"18":[156,1],"19":[156,0],"20":[153,3],"21":[37,0],"22":[156,0],"23":[153,3],"24":[0,26],"25":[26,26],"26":[4,22],"27":[26,26],"28":[22,0],"29":[0,10],"30":[10,0],"31":[0,0],"32":[0,0],"33":[0,0,0],"34":[0,0],"35":[0,0],"36":[0,0],"37":[0,1],"38":[1,1],"39":[1,0],"40":[1,1,1],"41":[1,0],"42":[1,0],"43":[1,1],"44":[0,0],"45":[0,0],"46":[0,0],"47":[0,0,0],"48":[0,0],"49":[0,0],"50":[0,0]},"f":{"1":41,"2":41,"3":73,"4":37,"5":0,"6":0,"7":0,"8":0,"9":0,"10":1,"11":1,"12":1,"13":1,"14":31,"15":12,"16":157,"17":157,"18":156,"19":37,"20":37,"21":156,"22":156,"23":26,"24":26,"25":9,"26":9,"27":10,"28":10,"29":0,"30":0,"31":0,"32":0,"33":1,"34":1,"35":1,"36":1,"37":0,"38":0,"39":0,"40":0},"fnMap":{"1":{"name":"(anonymous_1)","line":50,"loc":{"start":{"line":50,"column":37},"end":{"line":50,"column":58}}},"2":{"name":"(anonymous_2)","line":54,"loc":{"start":{"line":54,"column":10},"end":{"line":54,"column":29}}},"3":{"name":"(anonymous_3)","line":76,"loc":{"start":{"line":76,"column":23},"end":{"line":76,"column":37}}},"4":{"name":"(anonymous_4)","line":81,"loc":{"start":{"line":81,"column":22},"end":{"line":81,"column":41}}},"5":{"name":"(anonymous_5)","line":94,"loc":{"start":{"line":94,"column":25},"end":{"line":94,"column":37}}},"6":{"name":"(anonymous_6)","line":103,"loc":{"start":{"line":103,"column":8},"end":{"line":103,"column":27}}},"7":{"name":"(anonymous_7)","line":113,"loc":{"start":{"line":113,"column":45},"end":{"line":113,"column":57}}},"8":{"name":"(anonymous_8)","line":120,"loc":{"start":{"line":120,"column":13},"end":{"line":120,"column":26}}},"9":{"name":"(anonymous_9)","line":129,"loc":{"start":{"line":129,"column":14},"end":{"line":129,"column":27}}},"10":{"name":"(anonymous_10)","line":141,"loc":{"start":{"line":141,"column":35},"end":{"line":141,"column":64}}},"11":{"name":"(anonymous_11)","line":145,"loc":{"start":{"line":145,"column":8},"end":{"line":145,"column":27}}},"12":{"name":"(anonymous_12)","line":155,"loc":{"start":{"line":155,"column":16},"end":{"line":155,"column":35}}},"13":{"name":"(anonymous_13)","line":163,"loc":{"start":{"line":163,"column":13},"end":{"line":163,"column":26}}},"14":{"name":"(anonymous_14)","line":180,"loc":{"start":{"line":180,"column":30},"end":{"line":180,"column":49}}},"15":{"name":"(anonymous_15)","line":192,"loc":{"start":{"line":192,"column":6},"end":{"line":192,"column":44}}},"16":{"name":"(anonymous_16)","line":208,"loc":{"start":{"line":208,"column":34},"end":{"line":208,"column":46}}},"17":{"name":"(anonymous_17)","line":212,"loc":{"start":{"line":212,"column":10},"end":{"line":212,"column":29}}},"18":{"name":"(anonymous_18)","line":217,"loc":{"start":{"line":217,"column":47},"end":{"line":217,"column":66}}},"19":{"name":"(anonymous_19)","line":244,"loc":{"start":{"line":244,"column":34},"end":{"line":244,"column":46}}},"20":{"name":"(anonymous_20)","line":246,"loc":{"start":{"line":246,"column":54},"end":{"line":246,"column":73}}},"21":{"name":"(anonymous_21)","line":258,"loc":{"start":{"line":258,"column":35},"end":{"line":258,"column":61}}},"22":{"name":"(anonymous_22)","line":260,"loc":{"start":{"line":260,"column":53},"end":{"line":260,"column":75}}},"23":{"name":"(anonymous_23)","line":282,"loc":{"start":{"line":282,"column":39},"end":{"line":282,"column":60}}},"24":{"name":"(anonymous_24)","line":300,"loc":{"start":{"line":300,"column":5},"end":{"line":300,"column":27}}},"25":{"name":"(anonymous_25)","line":302,"loc":{"start":{"line":302,"column":22},"end":{"line":302,"column":45}}},"26":{"name":"(anonymous_26)","line":307,"loc":{"start":{"line":307,"column":14},"end":{"line":307,"column":27}}},"27":{"name":"(anonymous_27)","line":320,"loc":{"start":{"line":320,"column":34},"end":{"line":320,"column":55}}},"28":{"name":"(anonymous_28)","line":331,"loc":{"start":{"line":331,"column":4},"end":{"line":331,"column":28}}},"29":{"name":"(anonymous_29)","line":341,"loc":{"start":{"line":341,"column":41},"end":{"line":341,"column":62}}},"30":{"name":"(anonymous_30)","line":353,"loc":{"start":{"line":353,"column":8},"end":{"line":353,"column":27}}},"31":{"name":"(anonymous_31)","line":356,"loc":{"start":{"line":356,"column":27},"end":{"line":356,"column":50}}},"32":{"name":"(anonymous_32)","line":361,"loc":{"start":{"line":361,"column":20},"end":{"line":361,"column":39}}},"33":{"name":"(anonymous_33)","line":381,"loc":{"start":{"line":381,"column":34},"end":{"line":381,"column":55}}},"34":{"name":"(anonymous_34)","line":394,"loc":{"start":{"line":394,"column":8},"end":{"line":394,"column":27}}},"35":{"name":"(anonymous_35)","line":397,"loc":{"start":{"line":397,"column":27},"end":{"line":397,"column":50}}},"36":{"name":"(anonymous_36)","line":402,"loc":{"start":{"line":402,"column":20},"end":{"line":402,"column":39}}},"37":{"name":"(anonymous_37)","line":422,"loc":{"start":{"line":422,"column":33},"end":{"line":422,"column":54}}},"38":{"name":"(anonymous_38)","line":432,"loc":{"start":{"line":432,"column":8},"end":{"line":432,"column":27}}},"39":{"name":"(anonymous_39)","line":434,"loc":{"start":{"line":434,"column":27},"end":{"line":434,"column":50}}},"40":{"name":"(anonymous_40)","line":445,"loc":{"start":{"line":445,"column":16},"end":{"line":445,"column":35}}}},"statementMap":{"1":{"start":{"line":1,"column":0},"end":{"line":1,"column":35}},"2":{"start":{"line":2,"column":0},"end":{"line":2,"column":29}},"3":{"start":{"line":3,"column":0},"end":{"line":3,"column":31}},"4":{"start":{"line":4,"column":0},"end":{"line":4,"column":25}},"5":{"start":{"line":5,"column":0},"end":{"line":5,"column":23}},"6":{"start":{"line":6,"column":0},"end":{"line":6,"column":23}},"7":{"start":{"line":7,"column":0},"end":{"line":7,"column":43}},"8":{"start":{"line":8,"column":0},"end":{"line":8,"column":37}},"9":{"start":{"line":9,"column":0},"end":{"line":9,"column":52}},"10":{"start":{"line":10,"column":0},"end":{"line":10,"column":44}},"11":{"start":{"line":11,"column":0},"end":{"line":11,"column":42}},"12":{"start":{"line":12,"column":0},"end":{"line":12,"column":44}},"13":{"start":{"line":19,"column":0},"end":{"line":47,"column":3}},"14":{"start":{"line":50,"column":0},"end":{"line":74,"column":30}},"15":{"start":{"line":52,"column":2},"end":{"line":52,"column":28}},"16":{"start":{"line":53,"column":2},"end":{"line":73,"column":7}},"17":{"start":{"line":56,"column":6},"end":{"line":72,"column":7}},"18":{"start":{"line":57,"column":8},"end":{"line":67,"column":9}},"19":{"start":{"line":59,"column":10},"end":{"line":63,"column":11}},"20":{"start":{"line":60,"column":12},"end":{"line":60,"column":30}},"21":{"start":{"line":62,"column":12},"end":{"line":62,"column":31}},"22":{"start":{"line":66,"column":10},"end":{"line":66,"column":28}},"23":{"start":{"line":70,"column":8},"end":{"line":70,"column":70},"skip":true},"24":{"start":{"line":71,"column":8},"end":{"line":71,"column":26},"skip":true},"25":{"start":{"line":76,"column":0},"end":{"line":92,"column":3}},"26":{"start":{"line":77,"column":2},"end":{"line":77,"column":18}},"27":{"start":{"line":80,"column":2},"end":{"line":90,"column":3}},"28":{"start":{"line":81,"column":4},"end":{"line":87,"column":7}},"29":{"start":{"line":82,"column":6},"end":{"line":86,"column":7}},"30":{"start":{"line":83,"column":8},"end":{"line":83,"column":22}},"31":{"start":{"line":85,"column":8},"end":{"line":85,"column":25}},"32":{"start":{"line":89,"column":4},"end":{"line":89,"column":18}},"33":{"start":{"line":94,"column":0},"end":{"line":111,"column":2}},"34":{"start":{"line":96,"column":2},"end":{"line":98,"column":5}},"35":{"start":{"line":101,"column":2},"end":{"line":110,"column":5}},"36":{"start":{"line":104,"column":4},"end":{"line":109,"column":5}},"37":{"start":{"line":105,"column":6},"end":{"line":105,"column":77}},"38":{"start":{"line":106,"column":6},"end":{"line":106,"column":14}},"39":{"start":{"line":108,"column":6},"end":{"line":108,"column":15}},"40":{"start":{"line":113,"column":0},"end":{"line":139,"column":2}},"41":{"start":{"line":115,"column":2},"end":{"line":115,"column":48}},"42":{"start":{"line":117,"column":2},"end":{"line":137,"column":3}},"43":{"start":{"line":119,"column":4},"end":{"line":119,"column":34}},"44":{"start":{"line":120,"column":4},"end":{"line":127,"column":7}},"45":{"start":{"line":121,"column":6},"end":{"line":126,"column":7}},"46":{"start":{"line":122,"column":8},"end":{"line":122,"column":17}},"47":{"start":{"line":124,"column":8},"end":{"line":124,"column":88}},"48":{"start":{"line":125,"column":8},"end":{"line":125,"column":16}},"49":{"start":{"line":129,"column":4},"end":{"line":136,"column":7}},"50":{"start":{"line":130,"column":6},"end":{"line":135,"column":7}},"51":{"start":{"line":131,"column":8},"end":{"line":131,"column":17}},"52":{"start":{"line":133,"column":8},"end":{"line":133,"column":105}},"53":{"start":{"line":134,"column":8},"end":{"line":134,"column":16}},"54":{"start":{"line":141,"column":0},"end":{"line":178,"column":2}},"55":{"start":{"line":143,"column":2},"end":{"line":177,"column":5}},"56":{"start":{"line":147,"column":4},"end":{"line":176,"column":5}},"57":{"start":{"line":149,"column":6},"end":{"line":149,"column":45}},"58":{"start":{"line":151,"column":6},"end":{"line":151,"column":54}},"59":{"start":{"line":153,"column":6},"end":{"line":153,"column":114}},"60":{"start":{"line":155,"column":6},"end":{"line":173,"column":9}},"61":{"start":{"line":156,"column":8},"end":{"line":172,"column":9}},"62":{"start":{"line":158,"column":10},"end":{"line":169,"column":13}},"63":{"start":{"line":164,"column":12},"end":{"line":168,"column":13}},"64":{"start":{"line":165,"column":14},"end":{"line":165,"column":30}},"65":{"start":{"line":167,"column":14},"end":{"line":167,"column":65}},"66":{"start":{"line":171,"column":10},"end":{"line":171,"column":61}},"67":{"start":{"line":175,"column":6},"end":{"line":175,"column":68}},"68":{"start":{"line":180,"column":0},"end":{"line":206,"column":2}},"69":{"start":{"line":182,"column":2},"end":{"line":205,"column":3}},"70":{"start":{"line":184,"column":4},"end":{"line":184,"column":61}},"71":{"start":{"line":185,"column":4},"end":{"line":185,"column":48}},"72":{"start":{"line":186,"column":4},"end":{"line":186,"column":58}},"73":{"start":{"line":189,"column":4},"end":{"line":189,"column":49}},"74":{"start":{"line":190,"column":4},"end":{"line":190,"column":20}},"75":{"start":{"line":191,"column":4},"end":{"line":201,"column":9}},"76":{"start":{"line":193,"column":8},"end":{"line":193,"column":56}},"77":{"start":{"line":194,"column":8},"end":{"line":194,"column":57}},"78":{"start":{"line":196,"column":8},"end":{"line":200,"column":9}},"79":{"start":{"line":197,"column":10},"end":{"line":197,"column":21}},"80":{"start":{"line":199,"column":10},"end":{"line":199,"column":20},"skip":true},"81":{"start":{"line":204,"column":4},"end":{"line":204,"column":15}},"82":{"start":{"line":208,"column":0},"end":{"line":241,"column":2}},"83":{"start":{"line":209,"column":2},"end":{"line":209,"column":22}},"84":{"start":{"line":211,"column":2},"end":{"line":240,"column":7}},"85":{"start":{"line":214,"column":6},"end":{"line":239,"column":7}},"86":{"start":{"line":215,"column":8},"end":{"line":236,"column":9}},"87":{"start":{"line":217,"column":9},"end":{"line":228,"column":12}},"88":{"start":{"line":219,"column":11},"end":{"line":227,"column":12}},"89":{"start":{"line":220,"column":13},"end":{"line":224,"column":14}},"90":{"start":{"line":221,"column":15},"end":{"line":221,"column":37}},"91":{"start":{"line":223,"column":15},"end":{"line":223,"column":37}},"92":{"start":{"line":226,"column":13},"end":{"line":226,"column":34},"skip":true},"93":{"start":{"line":235,"column":10},"end":{"line":235,"column":32}},"94":{"start":{"line":238,"column":8},"end":{"line":238,"column":29},"skip":true},"95":{"start":{"line":244,"column":0},"end":{"line":256,"column":2}},"96":{"start":{"line":245,"column":2},"end":{"line":245,"column":18}},"97":{"start":{"line":246,"column":2},"end":{"line":255,"column":5}},"98":{"start":{"line":248,"column":4},"end":{"line":254,"column":5}},"99":{"start":{"line":250,"column":6},"end":{"line":250,"column":27}},"100":{"start":{"line":251,"column":6},"end":{"line":251,"column":28}},"101":{"start":{"line":253,"column":6},"end":{"line":253,"column":27},"skip":true},"102":{"start":{"line":258,"column":0},"end":{"line":272,"column":2}},"103":{"start":{"line":259,"column":2},"end":{"line":259,"column":18}},"104":{"start":{"line":260,"column":2},"end":{"line":271,"column":5}},"105":{"start":{"line":262,"column":4},"end":{"line":270,"column":5}},"106":{"start":{"line":263,"column":6},"end":{"line":267,"column":7}},"107":{"start":{"line":264,"column":8},"end":{"line":264,"column":30}},"108":{"start":{"line":266,"column":8},"end":{"line":266,"column":30}},"109":{"start":{"line":269,"column":6},"end":{"line":269,"column":27},"skip":true},"110":{"start":{"line":282,"column":0},"end":{"line":318,"column":2}},"111":{"start":{"line":284,"column":2},"end":{"line":284,"column":39}},"112":{"start":{"line":285,"column":2},"end":{"line":289,"column":3}},"113":{"start":{"line":286,"column":4},"end":{"line":288,"column":7}},"114":{"start":{"line":290,"column":2},"end":{"line":290,"column":36}},"115":{"start":{"line":291,"column":2},"end":{"line":291,"column":34}},"116":{"start":{"line":292,"column":2},"end":{"line":317,"column":5}},"117":{"start":{"line":301,"column":4},"end":{"line":316,"column":5}},"118":{"start":{"line":302,"column":6},"end":{"line":311,"column":9}},"119":{"start":{"line":303,"column":8},"end":{"line":308,"column":11}},"120":{"start":{"line":310,"column":8},"end":{"line":310,"column":24}},"121":{"start":{"line":312,"column":11},"end":{"line":316,"column":5}},"122":{"start":{"line":313,"column":6},"end":{"line":313,"column":22}},"123":{"start":{"line":315,"column":6},"end":{"line":315,"column":21}},"124":{"start":{"line":320,"column":0},"end":{"line":338,"column":2}},"125":{"start":{"line":321,"column":2},"end":{"line":323,"column":3}},"126":{"start":{"line":322,"column":4},"end":{"line":322,"column":48}},"127":{"start":{"line":325,"column":2},"end":{"line":337,"column":5}},"128":{"start":{"line":332,"column":4},"end":{"line":336,"column":5}},"129":{"start":{"line":333,"column":6},"end":{"line":333,"column":33}},"130":{"start":{"line":335,"column":6},"end":{"line":335,"column":21}},"131":{"start":{"line":341,"column":0},"end":{"line":379,"column":2}},"132":{"start":{"line":342,"column":2},"end":{"line":346,"column":3}},"133":{"start":{"line":343,"column":4},"end":{"line":345,"column":7}},"134":{"start":{"line":348,"column":2},"end":{"line":376,"column":5}},"135":{"start":{"line":354,"column":4},"end":{"line":375,"column":5}},"136":{"start":{"line":356,"column":6},"end":{"line":369,"column":9}},"137":{"start":{"line":358,"column":8},"end":{"line":368,"column":9}},"138":{"start":{"line":360,"column":10},"end":{"line":360,"column":40}},"139":{"start":{"line":361,"column":10},"end":{"line":367,"column":13}},"140":{"start":{"line":362,"column":12},"end":{"line":366,"column":13}},"141":{"start":{"line":363,"column":14},"end":{"line":363,"column":26}},"142":{"start":{"line":365,"column":14},"end":{"line":365,"column":63}},"143":{"start":{"line":372,"column":6},"end":{"line":374,"column":9}},"144":{"start":{"line":381,"column":0},"end":{"line":420,"column":2}},"145":{"start":{"line":382,"column":2},"end":{"line":386,"column":3}},"146":{"start":{"line":383,"column":4},"end":{"line":385,"column":7}},"147":{"start":{"line":388,"column":2},"end":{"line":417,"column":5}},"148":{"start":{"line":395,"column":4},"end":{"line":416,"column":5}},"149":{"start":{"line":397,"column":6},"end":{"line":410,"column":9}},"150":{"start":{"line":399,"column":8},"end":{"line":409,"column":9}},"151":{"start":{"line":401,"column":10},"end":{"line":401,"column":40}},"152":{"start":{"line":402,"column":10},"end":{"line":408,"column":13}},"153":{"start":{"line":403,"column":12},"end":{"line":407,"column":13}},"154":{"start":{"line":404,"column":14},"end":{"line":404,"column":26}},"155":{"start":{"line":406,"column":14},"end":{"line":406,"column":73}},"156":{"start":{"line":413,"column":6},"end":{"line":415,"column":9}},"157":{"start":{"line":422,"column":0},"end":{"line":462,"column":2}},"158":{"start":{"line":423,"column":2},"end":{"line":427,"column":3}},"159":{"start":{"line":424,"column":4},"end":{"line":426,"column":7}},"160":{"start":{"line":429,"column":2},"end":{"line":461,"column":5}},"161":{"start":{"line":433,"column":4},"end":{"line":460,"column":5}},"162":{"start":{"line":434,"column":6},"end":{"line":443,"column":9}},"163":{"start":{"line":436,"column":8},"end":{"line":442,"column":9}},"164":{"start":{"line":438,"column":11},"end":{"line":441,"column":12}},"165":{"start":{"line":440,"column":13},"end":{"line":440,"column":43}},"166":{"start":{"line":445,"column":6},"end":{"line":454,"column":9}},"167":{"start":{"line":446,"column":8},"end":{"line":453,"column":9}},"168":{"start":{"line":447,"column":10},"end":{"line":447,"column":22}},"169":{"start":{"line":449,"column":10},"end":{"line":452,"column":13}},"170":{"start":{"line":456,"column":6},"end":{"line":459,"column":9}},"171":{"start":{"line":463,"column":0},"end":{"line":463,"column":46}},"172":{"start":{"line":465,"column":0},"end":{"line":465,"column":22}}},"branchMap":{"1":{"line":56,"type":"if","locations":[{"start":{"line":56,"column":6},"end":{"line":56,"column":6}},{"start":{"line":56,"column":6},"end":{"line":56,"column":6},"skip":true}]},"2":{"line":57,"type":"if","locations":[{"start":{"line":57,"column":8},"end":{"line":57,"column":8}},{"start":{"line":57,"column":8},"end":{"line":57,"column":8}}]},"3":{"line":59,"type":"if","locations":[{"start":{"line":59,"column":10},"end":{"line":59,"column":10}},{"start":{"line":59,"column":10},"end":{"line":59,"column":10}}]},"4":{"line":80,"type":"if","locations":[{"start":{"line":80,"column":2},"end":{"line":80,"column":2}},{"start":{"line":80,"column":2},"end":{"line":80,"column":2}}]},"5":{"line":82,"type":"if","locations":[{"start":{"line":82,"column":6},"end":{"line":82,"column":6}},{"start":{"line":82,"column":6},"end":{"line":82,"column":6}}]},"6":{"line":104,"type":"if","locations":[{"start":{"line":104,"column":4},"end":{"line":104,"column":4}},{"start":{"line":104,"column":4},"end":{"line":104,"column":4}}]},"7":{"line":117,"type":"if","locations":[{"start":{"line":117,"column":2},"end":{"line":117,"column":2}},{"start":{"line":117,"column":2},"end":{"line":117,"column":2}}]},"8":{"line":121,"type":"if","locations":[{"start":{"line":121,"column":6},"end":{"line":121,"column":6}},{"start":{"line":121,"column":6},"end":{"line":121,"column":6}}]},"9":{"line":130,"type":"if","locations":[{"start":{"line":130,"column":6},"end":{"line":130,"column":6}},{"start":{"line":130,"column":6},"end":{"line":130,"column":6}}]},"10":{"line":147,"type":"if","locations":[{"start":{"line":147,"column":4},"end":{"line":147,"column":4}},{"start":{"line":147,"column":4},"end":{"line":147,"column":4}}]},"11":{"line":147,"type":"binary-expr","locations":[{"start":{"line":147,"column":8},"end":{"line":147,"column":12}},{"start":{"line":147,"column":16},"end":{"line":147,"column":20}}]},"12":{"line":156,"type":"if","locations":[{"start":{"line":156,"column":8},"end":{"line":156,"column":8}},{"start":{"line":156,"column":8},"end":{"line":156,"column":8}}]},"13":{"line":156,"type":"binary-expr","locations":[{"start":{"line":156,"column":12},"end":{"line":156,"column":16}},{"start":{"line":156,"column":20},"end":{"line":156,"column":24}}]},"14":{"line":164,"type":"if","locations":[{"start":{"line":164,"column":12},"end":{"line":164,"column":12}},{"start":{"line":164,"column":12},"end":{"line":164,"column":12}}]},"15":{"line":182,"type":"if","locations":[{"start":{"line":182,"column":2},"end":{"line":182,"column":2}},{"start":{"line":182,"column":2},"end":{"line":182,"column":2}}]},"16":{"line":196,"type":"if","locations":[{"start":{"line":196,"column":8},"end":{"line":196,"column":8}},{"start":{"line":196,"column":8},"end":{"line":196,"column":8},"skip":true}]},"17":{"line":214,"type":"if","locations":[{"start":{"line":214,"column":6},"end":{"line":214,"column":6}},{"start":{"line":214,"column":6},"end":{"line":214,"column":6},"skip":true}]},"18":{"line":215,"type":"if","locations":[{"start":{"line":215,"column":8},"end":{"line":215,"column":8}},{"start":{"line":215,"column":8},"end":{"line":215,"column":8}}]},"19":{"line":219,"type":"if","locations":[{"start":{"line":219,"column":11},"end":{"line":219,"column":11}},{"start":{"line":219,"column":11},"end":{"line":219,"column":11},"skip":true}]},"20":{"line":220,"type":"if","locations":[{"start":{"line":220,"column":13},"end":{"line":220,"column":13}},{"start":{"line":220,"column":13},"end":{"line":220,"column":13}}]},"21":{"line":248,"type":"if","locations":[{"start":{"line":248,"column":4},"end":{"line":248,"column":4}},{"start":{"line":248,"column":4},"end":{"line":248,"column":4},"skip":true}]},"22":{"line":262,"type":"if","locations":[{"start":{"line":262,"column":4},"end":{"line":262,"column":4}},{"start":{"line":262,"column":4},"end":{"line":262,"column":4},"skip":true}]},"23":{"line":263,"type":"if","locations":[{"start":{"line":263,"column":6},"end":{"line":263,"column":6}},{"start":{"line":263,"column":6},"end":{"line":263,"column":6}}]},"24":{"line":285,"type":"if","locations":[{"start":{"line":285,"column":2},"end":{"line":285,"column":2}},{"start":{"line":285,"column":2},"end":{"line":285,"column":2}}]},"25":{"line":285,"type":"binary-expr","locations":[{"start":{"line":285,"column":6},"end":{"line":285,"column":20}},{"start":{"line":285,"column":24},"end":{"line":285,"column":40}}]},"26":{"line":301,"type":"if","locations":[{"start":{"line":301,"column":4},"end":{"line":301,"column":4}},{"start":{"line":301,"column":4},"end":{"line":301,"column":4}}]},"27":{"line":301,"type":"binary-expr","locations":[{"start":{"line":301,"column":8},"end":{"line":301,"column":12}},{"start":{"line":301,"column":16},"end":{"line":301,"column":30}}]},"28":{"line":312,"type":"if","locations":[{"start":{"line":312,"column":11},"end":{"line":312,"column":11}},{"start":{"line":312,"column":11},"end":{"line":312,"column":11}}]},"29":{"line":321,"type":"if","locations":[{"start":{"line":321,"column":2},"end":{"line":321,"column":2}},{"start":{"line":321,"column":2},"end":{"line":321,"column":2}}]},"30":{"line":332,"type":"if","locations":[{"start":{"line":332,"column":4},"end":{"line":332,"column":4}},{"start":{"line":332,"column":4},"end":{"line":332,"column":4}}]},"31":{"line":342,"type":"if","locations":[{"start":{"line":342,"column":2},"end":{"line":342,"column":2}},{"start":{"line":342,"column":2},"end":{"line":342,"column":2}}]},"32":{"line":354,"type":"if","locations":[{"start":{"line":354,"column":4},"end":{"line":354,"column":4}},{"start":{"line":354,"column":4},"end":{"line":354,"column":4}}]},"33":{"line":354,"type":"binary-expr","locations":[{"start":{"line":354,"column":8},"end":{"line":354,"column":12}},{"start":{"line":354,"column":16},"end":{"line":354,"column":20}},{"start":{"line":354,"column":24},"end":{"line":354,"column":43}}]},"34":{"line":358,"type":"if","locations":[{"start":{"line":358,"column":8},"end":{"line":358,"column":8}},{"start":{"line":358,"column":8},"end":{"line":358,"column":8}}]},"35":{"line":362,"type":"if","locations":[{"start":{"line":362,"column":12},"end":{"line":362,"column":12}},{"start":{"line":362,"column":12},"end":{"line":362,"column":12}}]},"36":{"line":362,"type":"binary-expr","locations":[{"start":{"line":362,"column":16},"end":{"line":362,"column":20}},{"start":{"line":362,"column":24},"end":{"line":362,"column":28}}]},"37":{"line":382,"type":"if","locations":[{"start":{"line":382,"column":2},"end":{"line":382,"column":2}},{"start":{"line":382,"column":2},"end":{"line":382,"column":2}}]},"38":{"line":382,"type":"binary-expr","locations":[{"start":{"line":382,"column":6},"end":{"line":382,"column":17}},{"start":{"line":382,"column":20},"end":{"line":382,"column":33}}]},"39":{"line":395,"type":"if","locations":[{"start":{"line":395,"column":4},"end":{"line":395,"column":4}},{"start":{"line":395,"column":4},"end":{"line":395,"column":4}}]},"40":{"line":395,"type":"binary-expr","locations":[{"start":{"line":395,"column":8},"end":{"line":395,"column":12}},{"start":{"line":395,"column":16},"end":{"line":395,"column":20}},{"start":{"line":395,"column":24},"end":{"line":395,"column":43}}]},"41":{"line":399,"type":"if","locations":[{"start":{"line":399,"column":8},"end":{"line":399,"column":8}},{"start":{"line":399,"column":8},"end":{"line":399,"column":8}}]},"42":{"line":403,"type":"if","locations":[{"start":{"line":403,"column":12},"end":{"line":403,"column":12}},{"start":{"line":403,"column":12},"end":{"line":403,"column":12}}]},"43":{"line":403,"type":"binary-expr","locations":[{"start":{"line":403,"column":16},"end":{"line":403,"column":20}},{"start":{"line":403,"column":24},"end":{"line":403,"column":28}
[...]
,"column":9}},"39":{"start":{"line":93,"column":10},"end":{"line":93,"column":73}},"40":{"start":{"line":95,"column":10},"end":{"line":95,"column":70}},"41":{"start":{"line":98,"column":8},"end":{"line":98,"column":34},"skip":true}},"branchMap":{"1":{"line":12,"type":"if","locations":[{"start":{"line":12,"column":2},"end":{"line":12,"column":2},"skip":true},{"start":{"line":12,"column":2},"end":{"line":12,"column":2}}]},"2":{"line":25,"type":"if","locations":[{"start":{"line":25,"column":6},"end":{"line":25,"column":6}},{"start":{"line":25,"column":6},"end":{"line":25,"column":6},"skip":true}]},"3":{"line":26,"type":"if","locations":[{"start":{"line":26,"column":8},"end":{"line":26,"column":8}},{"start":{"line":26,"column":8},"end":{"line":26,"column":8}}]},"4":{"line":40,"type":"if","locations":[{"start":{"line":40,"column":2},"end":{"line":40,"column":2},"skip":true},{"start":{"line":40,"column":2},"end":{"line":40,"column":2}}]},"5":{"line":40,"type":"binary-expr","locations":[{"start":{"line":40,"column":6},"end":{"line":40,"column":37}},{"start":{"line":41,"column":6},"end":{"line":41,"column":42}},{"start":{"line":42,"column":6},"end":{"line":42,"column":33}}]},"6":{"line":51,"type":"if","locations":[{"start":{"line":51,"column":6},"end":{"line":51,"column":6}},{"start":{"line":51,"column":6},"end":{"line":51,"column":6},"skip":true}]},"7":{"line":52,"type":"if","locations":[{"start":{"line":52,"column":8},"end":{"line":52,"column":8}},{"start":{"line":52,"column":8},"end":{"line":52,"column":8}}]},"8":{"line":60,"type":"if","locations":[{"start":{"line":60,"column":12},"end":{"line":60,"column":12}},{"start":{"line":60,"column":12},"end":{"line":60,"column":12}}]},"9":{"line":60,"type":"binary-expr","locations":[{"start":{"line":60,"column":15},"end":{"line":60,"column":19}},{"start":{"line":60,"column":23},"end":{"line":60,"column":36}}]},"10":{"line":64,"type":"if","locations":[{"start":{"line":64,"column":19},"end":{"line":64,"column":19}},{"start":{"line":64,"column":19},"end":{"line":64,"column":19},"skip":true}]},"11":{"line":82,"type":"if","locations":[{"start":{"line":82,"column":2},"end":{"line":82,"column":2},"skip":true},{"start":{"line":82,"column":2},"end":{"line":82,"column":2}}]},"12":{"line":82,"type":"binary-expr","locations":[{"start":{"line":82,"column":6},"end":{"line":82,"column":35}},{"start":{"line":83,"column":6},"end":{"line":83,"column":33}}]},"13":{"line":91,"type":"if","locations":[{"start":{"line":91,"column":6},"end":{"line":91,"column":6}},{"start":{"line":91,"column":6},"end":{"line":91,"column":6},"skip":true}]},"14":{"line":92,"type":"if","locations":[{"start":{"line":92,"column":8},"end":{"line":92,"column":8}},{"start":{"line":92,"column":8},"end":{"line":92,"column":8}}]}}},"/Users/avi/Documents/CodeHatcher/Code/quippics/routes/activities.js":{"path":"/Users/avi/Documents/CodeHatcher/Code/quippics/routes/activities.js","s":{"1":1,"2":1,"3":1,"4":1,"5":1,"6":1,"7":1,"8":1,"9":1,"10":12,"11":0,"12":12,"13":12,"14":12,"15":12,"16":0,"17":0,"18":0,"19":12,"20":12,"21":10,"22":15,"23":10,"24":2,"25":10,"26":10,"27":8,"28":2,"29":2,"30":0,"31":12,"32":8,"33":4,"34":1,"35":4,"36":0,"37":4,"38":4,"39":3,"40":1,"41":1,"42":0},"b":{"1":[0,12],"2":[12,12],"3":[12,0],"4":[12,12],"5":[0,0],"6":[10,2],"7":[12,12,12],"8":[8,2],"9":[10,10],"10":[2,0],"11":[8,4],"12":[0,4],"13":[4,4],"14":[3,1],"15":[4,4],"16":[1,0]},"f":{"1":12,"2":12,"3":12,"4":12,"5":12,"6":15,"7":10,"8":10,"9":12,"10":4,"11":4},"fnMap":{"1":{"name":"(anonymous_1)","line":11,"loc":{"start":{"line":11,"column":27},"end":{"line":11,"column":45}}},"2":{"name":"(anonymous_2)","line":20,"loc":{"start":{"line":20,"column":2},"end":{"line":20,"column":14}}},"3":{"name":"(anonymous_3)","line":25,"loc":{"start":{"line":25,"column":10},"end":{"line":25,"column":29}}},"4":{"name":"(anonymous_4)","line":36,"loc":{"start":{"line":36,"column":2},"end":{"line":36,"column":20}}},"5":{"name":"(anonymous_5)","line":48,"loc":{"start":{"line":48,"column":10},"end":{"line":48,"column":35}}},"6":{"name":"(anonymous_6)","line":50,"loc":{"start":{"line":50,"column":45},"end":{"line":50,"column":64}}},"7":{"name":"(anonymous_7)","line":58,"loc":{"start":{"line":58,"column":2},"end":{"line":58,"column":34}}},"8":{"name":"(anonymous_8)","line":87,"loc":{"start":{"line":87,"column":10},"end":{"line":87,"column":35}}},"9":{"name":"(anonymous_9)","line":98,"loc":{"start":{"line":98,"column":5},"end":{"line":98,"column":30}}},"10":{"name":"(anonymous_10)","line":107,"loc":{"start":{"line":107,"column":23},"end":{"line":107,"column":41}}},"11":{"name":"(anonymous_11)","line":141,"loc":{"start":{"line":141,"column":8},"end":{"line":141,"column":33}}}},"statementMap":{"1":{"start":{"line":1,"column":0},"end":{"line":1,"column":48}},"2":{"start":{"line":2,"column":0},"end":{"line":2,"column":40}},"3":{"start":{"line":3,"column":0},"end":{"line":3,"column":50}},"4":{"start":{"line":4,"column":0},"end":{"line":4,"column":29}},"5":{"start":{"line":5,"column":0},"end":{"line":5,"column":37}},"6":{"start":{"line":6,"column":0},"end":{"line":6,"column":51}},"7":{"start":{"line":7,"column":0},"end":{"line":7,"column":30}},"8":{"start":{"line":8,"column":0},"end":{"line":8,"column":17}},"9":{"start":{"line":11,"column":0},"end":{"line":105,"column":2}},"10":{"start":{"line":13,"column":2},"end":{"line":17,"column":3}},"11":{"start":{"line":16,"column":4},"end":{"line":16,"column":59},"skip":true},"12":{"start":{"line":19,"column":2},"end":{"line":104,"column":5}},"13":{"start":{"line":22,"column":4},"end":{"line":34,"column":7}},"14":{"start":{"line":26,"column":6},"end":{"line":33,"column":7}},"15":{"start":{"line":27,"column":8},"end":{"line":27,"column":23}},"16":{"start":{"line":29,"column":13},"end":{"line":33,"column":7}},"17":{"start":{"line":30,"column":8},"end":{"line":30,"column":47}},"18":{"start":{"line":32,"column":8},"end":{"line":32,"column":16},"skip":true},"19":{"start":{"line":37,"column":4},"end":{"line":56,"column":7}},"20":{"start":{"line":49,"column":6},"end":{"line":55,"column":7}},"21":{"start":{"line":50,"column":8},"end":{"line":50,"column":100}},"22":{"start":{"line":50,"column":65},"end":{"line":50,"column":97}},"23":{"start":{"line":51,"column":8},"end":{"line":51,"column":37}},"24":{"start":{"line":54,"column":8},"end":{"line":54,"column":62}},"25":{"start":{"line":61,"column":4},"end":{"line":96,"column":7}},"26":{"start":{"line":88,"column":6},"end":{"line":95,"column":7}},"27":{"start":{"line":89,"column":8},"end":{"line":89,"column":29}},"28":{"start":{"line":91,"column":13},"end":{"line":95,"column":7}},"29":{"start":{"line":92,"column":8},"end":{"line":92,"column":72}},"30":{"start":{"line":94,"column":8},"end":{"line":94,"column":16},"skip":true},"31":{"start":{"line":99,"column":4},"end":{"line":103,"column":5}},"32":{"start":{"line":100,"column":6},"end":{"line":100,"column":39}},"33":{"start":{"line":102,"column":6},"end":{"line":102,"column":32}},"34":{"start":{"line":107,"column":0},"end":{"line":151,"column":2}},"35":{"start":{"line":110,"column":2},"end":{"line":114,"column":3}},"36":{"start":{"line":113,"column":4},"end":{"line":113,"column":59},"skip":true},"37":{"start":{"line":115,"column":2},"end":{"line":150,"column":5}},"38":{"start":{"line":142,"column":4},"end":{"line":149,"column":5}},"39":{"start":{"line":143,"column":6},"end":{"line":143,"column":39}},"40":{"start":{"line":145,"column":11},"end":{"line":149,"column":5}},"41":{"start":{"line":146,"column":6},"end":{"line":146,"column":77}},"42":{"start":{"line":148,"column":6},"end":{"line":148,"column":32},"skip":true}},"branchMap":{"1":{"line":13,"type":"if","locations":[{"start":{"line":13,"column":2},"end":{"line":13,"column":2},"skip":true},{"start":{"line":13,"column":2},"end":{"line":13,"column":2}}]},"2":{"line":13,"type":"binary-expr","locations":[{"start":{"line":13,"column":6},"end":{"line":13,"column":43}},{"start":{"line":14,"column":6},"end":{"line":14,"column":33}}]},"3":{"line":26,"type":"if","locations":[{"start":{"line":26,"column":6},"end":{"line":26,"column":6}},{"start":{"line":26,"column":6},"end":{"line":26,"column":6}}]},"4":{"line":26,"type":"binary-expr","locations":[{"start":{"line":26,"column":10},"end":{"line":26,"column":14}},{"start":{"line":26,"column":18},"end":{"line":26,"column":22}}]},"5":{"line":29,"type":"if","locations":[{"start":{"line":29,"column":13},"end":{"line":29,"column":13}},{"start":{"line":29,"column":13},"end":{"line":29,"column":13},"skip":true}]},"6":{"line":49,"type":"if","locations":[{"start":{"line":49,"column":6},"end":{"line":49,"column":6}},{"start":{"line":49,"column":6},"end":{"line":49,"column":6}}]},"7":{"line":49,"type":"binary-expr","locations":[{"start":{"line":49,"column":10},"end":{"line":49,"column":14}},{"start":{"line":49,"column":18},"end":{"line":49,"column":28}},{"start":{"line":49,"column":32},"end":{"line":49,"column":49}}]},"8":{"line":88,"type":"if","locations":[{"start":{"line":88,"column":6},"end":{"line":88,"column":6}},{"start":{"line":88,"column":6},"end":{"line":88,"column":6}}]},"9":{"line":88,"type":"binary-expr","locations":[{"start":{"line":88,"column":10},"end":{"line":88,"column":14}},{"start":{"line":88,"column":18},"end":{"line":88,"column":35}}]},"10":{"line":91,"type":"if","locations":[{"start":{"line":91,"column":13},"end":{"line":91,"column":13}},{"start":{"line":91,"column":13},"end":{"line":91,"column":13},"skip":true}]},"11":{"line":99,"type":"if","locations":[{"start":{"line":99,"column":4},"end":{"line":99,"column":4}},{"start":{"line":99,"column":4},"end":{"line":99,"column":4}}]},"12":{"line":110,"type":"if","locations":[{"start":{"line":110,"column":2},"end":{"line":110,"column":2},"skip":true},{"start":{"line":110,"column":2},"end":{"line":110,"column":2}}]},"13":{"line":110,"type":"binary-expr","locations":[{"start":{"line":110,"column":6},"end":{"line":110,"column":43}},{"start":{"line":111,"column":6},"end":{"line":111,"column":33}}]},"14":{"line":142,"type":"if","locations":[{"start":{"line":142,"column":4},"end":{"line":142,"column":4}},{"start":{"line":142,"column":4},"end":{"line":142,"column":4}}]},"15":{"line":142,"type":"binary-expr","locations":[{"start":{"line":142,"column":8},"end":{"line":142,"column":12}},{"start":{"line":142,"column":16},"end":{"line":142,"column":33}}]},"16":{"line":145,"type":"if","locations":[{"start":{"line":145,"column":11},"end":{"line":145,"column":11}},{"start":{"line":145,"column":11},"end":{"line":145,"column":11},"skip":true}]}}},"/Users/avi/Documents/CodeHatcher/Code/quippics/routes/apns.js":{"path":"/Users/avi/Documents/CodeHatcher/Code/quippics/routes/apns.js","s":{"1":1,"2":1,"3":1,"4":1,"5":1,"6":0,"7":0,"8":1,"9":0,"10":0,"11":1,"12":0,"13":0},"b":{},"f":{"1":0,"2":0,"3":0,"4":0,"5":0,"6":0},"fnMap":{"1":{"name":"(anonymous_1)","line":8,"loc":{"start":{"line":8,"column":20},"end":{"line":8,"column":38}},"skip":true},"2":{"name":"(anonymous_2)","line":12,"loc":{"start":{"line":12,"column":8},"end":{"line":12,"column":21}},"skip":true},"3":{"name":"(anonymous_3)","line":22,"loc":{"start":{"line":22,"column":25},"end":{"line":22,"column":43}},"skip":true},"4":{"name":"(anonymous_4)","line":34,"loc":{"start":{"line":34,"column":8},"end":{"line":34,"column":21}},"skip":true},"5":{"name":"(anonymous_5)","line":44,"loc":{"start":{"line":44,"column":26},"end":{"line":44,"column":44}},"skip":true},"6":{"name":"(anonymous_6)","line":56,"loc":{"start":{"line":56,"column":8},"end":{"line":56,"column":21}},"skip":true}},"statementMap":{"1":{"start":{"line":1,"column":0},"end":{"line":1,"column":29}},"2":{"start":{"line":2,"column":0},"end":{"line":2,"column":37}},"3":{"start":{"line":3,"column":0},"end":{"line":3,"column":51}},"4":{"start":{"line":4,"column":0},"end":{"line":4,"column":37}},"5":{"start":{"line":8,"column":0},"end":{"line":19,"column":2},"skip":true},"6":{"start":{"line":9,"column":2},"end":{"line":18,"column":5},"skip":true},"7":{"start":{"line":14,"column":4},"end":{"line":17,"column":7},"skip":true},"8":{"start":{"line":22,"column":0},"end":{"line":41,"column":2},"skip":true},"9":{"start":{"line":23,"column":2},"end":{"line":40,"column":5},"skip":true},"10":{"start":{"line":36,"column":4},"end":{"line":39,"column":7},"skip":true},"11":{"start":{"line":44,"column":0},"end":{"line":63,"column":2},"skip":true},"12":{"start":{"line":45,"column":2},"end":{"line":62,"column":5},"skip":true},"13":{"start":{"line":58,"column":4},"end":{"line":61,"column":7},"skip":true}},"branchMap":{}},"/Users/avi/Documents/CodeHatcher/Code/quippics/dbs/db.js":{"path":"/Users/avi/Documents/CodeHatcher/Code/quippics/dbs/db.js","s":{"1":1,"2":1,"3":1,"4":1,"5":1,"6":1,"7":0,"8":1,"9":1,"10":1,"11":1,"12":1,"13":1},"b":{},"f":{"1":1,"2":0,"3":1,"4":1,"5":1},"fnMap":{"1":{"name":"(anonymous_1)","line":9,"loc":{"start":{"line":9,"column":36},"end":{"line":9,"column":46}}},"2":{"name":"(anonymous_2)","line":14,"loc":{"start":{"line":14,"column":32},"end":{"line":14,"column":45}},"skip":true},"3":{"name":"(anonymous_3)","line":18,"loc":{"start":{"line":18,"column":39},"end":{"line":18,"column":49}}},"4":{"name":"(anonymous_4)","line":22,"loc":{"start":{"line":22,"column":21},"end":{"line":22,"column":31}}},"5":{"name":"(anonymous_5)","line":23,"loc":{"start":{"line":23,"column":28},"end":{"line":23,"column":38}}}},"statementMap":{"1":{"start":{"line":1,"column":0},"end":{"line":1,"column":35}},"2":{"start":{"line":2,"column":0},"end":{"line":2,"column":42}},"3":{"start":{"line":5,"column":0},"end":{"line":5,"column":31}},"4":{"start":{"line":9,"column":0},"end":{"line":11,"column":3}},"5":{"start":{"line":10,"column":2},"end":{"line":10,"column":55}},"6":{"start":{"line":14,"column":0},"end":{"line":16,"column":3},"skip":true},"7":{"start":{"line":15,"column":2},"end":{"line":15,"column":51},"skip":true},"8":{"start":{"line":18,"column":0},"end":{"line":20,"column":3}},"9":{"start":{"line":19,"column":2},"end":{"line":19,"column":39}},"10":{"start":{"line":22,"column":0},"end":{"line":27,"column":3}},"11":{"start":{"line":23,"column":2},"end":{"line":26,"column":5}},"12":{"start":{"line":24,"column":4},"end":{"line":24,"column":65}},"13":{"start":{"line":25,"column":4},"end":{"line":25,"column":20}}},"branchMap":{}},"/Users/avi/Documents/CodeHatcher/Code/quippics/routes/util.js":{"path":"/Users/avi/Documents/CodeHatcher/Code/quippics/routes/util.js","s":{"1":1,"2":1,"3":0,"4":0,"5":0,"6":0,"7":0,"8":0,"9":0,"10":0},"b":{"1":[0,0]},"f":{"1":0},"fnMap":{"1":{"name":"(anonymous_1)","line":5,"loc":{"start":{"line":5,"column":17},"end":{"line":5,"column":35}},"skip":true}},"statementMap":{"1":{"start":{"line":2,"column":0},"end":{"line":2,"column":34}},"2":{"start":{"line":5,"column":0},"end":{"line":21,"column":2},"skip":true},"3":{"start":{"line":6,"column":2},"end":{"line":6,"column":30},"skip":true},"4":{"start":{"line":7,"column":2},"end":{"line":9,"column":5},"skip":true},"5":{"start":{"line":10,"column":2},"end":{"line":16,"column":3},"skip":true},"6":{"start":{"line":11,"column":4},"end":{"line":15,"column":5},"skip":true},"7":{"start":{"line":12,"column":6},"end":{"line":14,"column":59},"skip":true},"8":{"start":{"line":17,"column":2},"end":{"line":17,"column":61},"skip":true},"9":{"start":{"line":18,"column":2},"end":{"line":18,"column":29},"skip":true},"10":{"start":{"line":19,"column":2},"end":{"line":19,"column":19},"skip":true}},"branchMap":{"1":{"line":11,"type":"if","locations":[{"start":{"line":11,"column":4},"end":{"line":11,"column":4},"skip":true},{"start":{"line":11,"column":4},"end":{"line":11,"column":4},"skip":true}]}}},"/Users/avi/Documents/CodeHatcher/Code/quippics/routes/server.js":{"path":"/Users/avi/Documents/CodeHatcher/Code/quippics/routes/server.js","s":{"1":1,"2":1,"3":1,"4":1,"5":1,"6":1,"7":10,"8":10,"9":10,"10":10,"11":0,"12":10,"13":10,"14":10,"15":0,"16":10,"17":10,"18":10,"19":0,"20":10,"21":10,"22":10,"23":0,"24":10,"25":0,"26":10,"27":10},"b":{"1":[10,0],"2":[10,0],"3":[10,0],"4":[10,0],"5":[0,10]},"f":{"1":10,"2":10,"3":10,"4":10,"5":10,"6":10,"7":10,"8":10,"9":10,"10":10},"fnMap":{"1":{"name":"(anonymous_1)","line":11,"loc":{"start":{"line":11,"column":17},"end":{"line":11,"column":36}}},"2":{"name":"(anonymous_2)","line":13,"loc":{"start":{"line":13,"column":4},"end":{"line":13,"column":16}}},"3":{"name":"(anonymous_3)","line":15,"loc":{"start":{"line":15,"column":22},"end":{"line":15,"column":42}}},"4":{"name":"(anonymous_4)","line":24,"loc":{"start":{"line":24,"column":4},"end":{"line":24,"column":16}}},"5":{"name":"(anonymous_5)","line":26,"loc":{"start":{"line":26,"column":27},"end":{"line":26,"column":52}}},"6":{"name":"(anonymous_6)","line":35,"loc":{"start":{"line":35,"column":4},"end":{"line":35,"column":16}}},"7":{"name":"(anonymous_7)","line":37,"loc":{"start":{"line":37,"column":28},"end":{"line":37,"column":54}}},"8":{"name":"(anonymous_8)","line":46,"loc":{"start":{"line":46,"column":4},"end":{"line":46,"column":16}}},"9":{"name":"(anonymous_9)","line":48,"loc":{"start":{"line":48,"column":26},"end":{"line":48,"column":51}}},"10":{"name":"(anonymous_10)","line":58,"loc":{"start":{"line":58,"column":2},"end":{"line":58,"column":24}}}},"statementMap":{"1":{"start":{"line":6,"column":0},"end":{"line":6,"column":40}},"2":{"start":{"line":7,"column":0},"end":{"line":7,"column":50}},"3":{"start":{"line":8,"column":0},"end":{"line":8,"column":52}},"4":{"start":{"line":9,"column":0},"end":{"line":9,"column":48}},"5":{"start":{"line":10,"column":0},"end":{"line":10,"column":29}},"6":{"start":{"line":11,"column":0},"end":{"line":76,"column":2}},"7":{"start":{"line":12,"column":2},"end":{"line":75,"column":5}},"8":{"start":{"line":15,"column":6},"end":{"line":22,"column":9}},"9":{"start":{"line":17,"column":8},"end":{"line":21,"column":9}},"10":{"start":{"line":18,"column":10},"end":{"line":18,"column":26}},"11":{"start":{"line":20,"column":10},"end":{"line":20,"column":18},"skip":true},"12":{"start":{"line":26,"column":6},"end":{"line":33,"column":9}},"13":{"start":{"line":28,"column":8},"end":{"line":32,"column":9}},"14":{"start":{"line":29,"column":10},"end":{"line":29,"column":31}},"15":{"start":{"line":31,"column":10},"end":{"line":31,"column":18},"skip":true},"16":{"start":{"line":37,"column":6},"end":{"line":44,"column":9}},"17":{"start":{"line":39,"column":8},"end":{"line":43,"column":9}},"18":{"start":{"line":40,"column":10},"end":{"line":40,"column":32}},"19":{"start":{"line":42,"column":10},"end":{"line":42,"column":18},"skip":true},"20":{"start":{"line":48,"column":6},"end":{"line":55,"column":9}},"21":{"start":{"line":50,"column":8},"end":{"line":54,"column":9}},"22":{"start":{"line":51,"column":10},"end":{"line":51,"column":31}},"23":{"start":{"line":53,"column":10},"end":{"line":53,"column":18},"skip":true},"24":{"start":{"line":60,"column":4},"end":{"line":74,"column":5}},"25":{"start":{"line":61,"column":6},"end":{"line":61,"column":32},"skip":true},"26":{"start":{"line":64,"column":6},"end":{"line":67,"column":16}},"27":{"start":{"line":68,"column":6},"end":{"line":73,"column":9}}},"branchMap":{"1":{"line":17,"type":"if","locations":[{"start":{"line":17,"column":8},"end":{"line":17,"column":8}},{"start":{"line":17,"column":8},"end":{"line":17,"column":8},"skip":true}]},"2":{"line":28,"type":"if","locations":[{"start":{"line":28,"column":8},"end":{"line":28,"column":8}},{"start":{"line":28,"column":8},"end":{"line":28,"column":8},"skip":true}]},"3":{"line":39,"type":"if","locations":[{"start":{"line":39,"column":8},"end":{"line":39,"column":8}},{"start":{"line":39,"column":8},"end":{"line":39,"column":8},"skip":true}]},"4":{"line":50,"type":"if","locations":[{"start":{"line":50,"column":8},"end":{"line":50,"column":8}},{"start":{"line":50,"column":8},"end":{"line":50,"column":8},"skip":true}]},"5":{"line":60,"type":"if","locations":[{"start":{"line":60,"column":4},"end":{"line":60,"column":4},"skip":true},{"start":{"line":60,"column":4},"end":{"line":60,"column":4}}]}}}}