{"/Users/avi/Documents/CodeHatcher/Code/quippics/app.js":{"path":"/Users/avi/Documents/CodeHatcher/Code/quippics/app.js","s":{"1":1,"2":1,"3":1,"4":1,"5":1,"6":1,"7":1,"8":1,"9":1,"10":1,"11":1,"12":1,"13":1,"14":1,"15":1,"16":1,"17":1,"18":1,"19":1,"20":1,"21":1,"22":1,"23":1,"24":1,"25":1,"26":101,"27":101,"28":1,"29":1,"30":1,"31":1,"32":1,"33":1,"34":1,"35":1,"36":1,"37":1,"38":63,"39":1,"40":74,"41":74,"42":74,"43":74,"44":0,"45":1,"46":32,"47":1,"48":1,"49":1,"50":1,"51":0,"52":1,"53":1,"54":1,"55":1,"56":1,"57":1,"58":1,"59":1,"60":1,"61":1,"62":1,"63":1,"64":1,"65":1,"66":1,"67":1,"68":1,"69":1,"70":1,"71":1,"72":1,"73":1,"74":1,"75":1,"76":1,"77":1,"78":1,"79":1,"80":1,"81":1,"82":1,"83":1,"84":1,"85":1,"86":1,"87":1,"88":1,"89":1,"90":0,"91":0,"92":1,"93":1},"b":{"1":[1,0],"2":[1,0],"3":[1,1],"4":[74,0],"5":[74,74]},"f":{"1":101,"2":63,"3":74,"4":74,"5":32,"6":0,"7":0,"8":1},"fnMap":{"1":{"name":"(anonymous_1)","line":41,"loc":{"start":{"line":41,"column":10},"end":{"line":41,"column":34}}},"2":{"name":"(anonymous_2)","line":59,"loc":{"start":{"line":59,"column":26},"end":{"line":59,"column":36}}},"3":{"name":"(anonymous_3)","line":62,"loc":{"start":{"line":62,"column":31},"end":{"line":62,"column":65}}},"4":{"name":"(anonymous_4)","line":70,"loc":{"start":{"line":70,"column":20},"end":{"line":70,"column":39}}},"5":{"name":"apiAuth","line":79,"loc":{"start":{"line":79,"column":0},"end":{"line":79,"column":18}}},"6":{"name":"(anonymous_6)","line":92,"loc":{"start":{"line":92,"column":26},"end":{"line":92,"column":44}}},"7":{"name":"(anonymous_7)","line":142,"loc":{"start":{"line":142,"column":8},"end":{"line":142,"column":26}}},"8":{"name":"(anonymous_8)","line":147,"loc":{"start":{"line":147,"column":47},"end":{"line":147,"column":57}}}},"statementMap":{"1":{"start":{"line":6,"column":0},"end":{"line":6,"column":33}},"2":{"start":{"line":7,"column":0},"end":{"line":7,"column":44}},"3":{"start":{"line":8,"column":0},"end":{"line":8,"column":33}},"4":{"start":{"line":9,"column":0},"end":{"line":9,"column":38}},"5":{"start":{"line":10,"column":0},"end":{"line":10,"column":48}},"6":{"start":{"line":11,"column":0},"end":{"line":11,"column":50}},"7":{"start":{"line":12,"column":0},"end":{"line":12,"column":42}},"8":{"start":{"line":13,"column":0},"end":{"line":13,"column":44}},"9":{"start":{"line":14,"column":0},"end":{"line":14,"column":48}},"10":{"start":{"line":15,"column":0},"end":{"line":15,"column":36}},"11":{"start":{"line":16,"column":0},"end":{"line":16,"column":27}},"12":{"start":{"line":17,"column":0},"end":{"line":17,"column":27}},"13":{"start":{"line":18,"column":0},"end":{"line":18,"column":41}},"14":{"start":{"line":19,"column":0},"end":{"line":19,"column":29}},"15":{"start":{"line":20,"column":0},"end":{"line":20,"column":36}},"16":{"start":{"line":21,"column":0},"end":{"line":21,"column":40}},"17":{"start":{"line":22,"column":0},"end":{"line":22,"column":39}},"18":{"start":{"line":23,"column":0},"end":{"line":24,"column":57}},"19":{"start":{"line":27,"column":0},"end":{"line":29,"column":3}},"20":{"start":{"line":30,"column":0},"end":{"line":30,"column":20}},"21":{"start":{"line":33,"column":0},"end":{"line":35,"column":1}},"22":{"start":{"line":37,"column":0},"end":{"line":45,"column":1}},"23":{"start":{"line":39,"column":2},"end":{"line":39,"column":33}},"24":{"start":{"line":40,"column":2},"end":{"line":40,"column":75}},"25":{"start":{"line":41,"column":2},"end":{"line":44,"column":5}},"26":{"start":{"line":42,"column":4},"end":{"line":42,"column":16}},"27":{"start":{"line":43,"column":4},"end":{"line":43,"column":11}},"28":{"start":{"line":47,"column":0},"end":{"line":47,"column":36}},"29":{"start":{"line":48,"column":0},"end":{"line":48,"column":39}},"30":{"start":{"line":49,"column":0},"end":{"line":49,"column":30}},"31":{"start":{"line":50,"column":0},"end":{"line":50,"column":27}},"32":{"start":{"line":51,"column":0},"end":{"line":51,"column":30}},"33":{"start":{"line":52,"column":0},"end":{"line":52,"column":34}},"34":{"start":{"line":53,"column":0},"end":{"line":53,"column":31}},"35":{"start":{"line":54,"column":0},"end":{"line":54,"column":20}},"36":{"start":{"line":55,"column":0},"end":{"line":55,"column":56}},"37":{"start":{"line":59,"column":0},"end":{"line":59,"column":71}},"38":{"start":{"line":59,"column":38},"end":{"line":59,"column":69}},"39":{"start":{"line":62,"column":0},"end":{"line":77,"column":4}},"40":{"start":{"line":65,"column":2},"end":{"line":68,"column":5}},"41":{"start":{"line":70,"column":2},"end":{"line":76,"column":5}},"42":{"start":{"line":71,"column":4},"end":{"line":75,"column":5}},"43":{"start":{"line":72,"column":6},"end":{"line":72,"column":30}},"44":{"start":{"line":74,"column":6},"end":{"line":74,"column":31}},"45":{"start":{"line":79,"column":0},"end":{"line":81,"column":1}},"46":{"start":{"line":80,"column":2},"end":{"line":80,"column":58}},"47":{"start":{"line":89,"column":0},"end":{"line":89,"column":27}},"48":{"start":{"line":90,"column":0},"end":{"line":90,"column":40}},"49":{"start":{"line":91,"column":0},"end":{"line":91,"column":30}},"50":{"start":{"line":92,"column":0},"end":{"line":94,"column":3}},"51":{"start":{"line":93,"column":2},"end":{"line":93,"column":54}},"52":{"start":{"line":95,"column":0},"end":{"line":95,"column":47}},"53":{"start":{"line":96,"column":0},"end":{"line":96,"column":63}},"54":{"start":{"line":97,"column":0},"end":{"line":97,"column":65}},"55":{"start":{"line":100,"column":0},"end":{"line":100,"column":83}},"56":{"start":{"line":101,"column":0},"end":{"line":101,"column":89}},"57":{"start":{"line":102,"column":0},"end":{"line":102,"column":78}},"58":{"start":{"line":103,"column":0},"end":{"line":103,"column":72}},"59":{"start":{"line":104,"column":0},"end":{"line":104,"column":79}},"60":{"start":{"line":106,"column":0},"end":{"line":106,"column":75}},"61":{"start":{"line":107,"column":0},"end":{"line":107,"column":56}},"62":{"start":{"line":108,"column":0},"end":{"line":108,"column":65}},"63":{"start":{"line":109,"column":0},"end":{"line":109,"column":45}},"64":{"start":{"line":110,"column":0},"end":{"line":110,"column":57}},"65":{"start":{"line":111,"column":0},"end":{"line":111,"column":71}},"66":{"start":{"line":112,"column":0},"end":{"line":112,"column":55}},"67":{"start":{"line":114,"column":0},"end":{"line":114,"column":90}},"68":{"start":{"line":115,"column":0},"end":{"line":115,"column":101}},"69":{"start":{"line":117,"column":0},"end":{"line":117,"column":85}},"70":{"start":{"line":118,"column":0},"end":{"line":118,"column":63}},"71":{"start":{"line":119,"column":0},"end":{"line":119,"column":61}},"72":{"start":{"line":120,"column":0},"end":{"line":120,"column":102}},"73":{"start":{"line":121,"column":0},"end":{"line":121,"column":88}},"74":{"start":{"line":122,"column":0},"end":{"line":122,"column":83}},"75":{"start":{"line":123,"column":0},"end":{"line":123,"column":85}},"76":{"start":{"line":124,"column":0},"end":{"line":124,"column":80}},"77":{"start":{"line":126,"column":0},"end":{"line":126,"column":79}},"78":{"start":{"line":127,"column":0},"end":{"line":127,"column":90}},"79":{"start":{"line":128,"column":0},"end":{"line":128,"column":97}},"80":{"start":{"line":129,"column":0},"end":{"line":129,"column":83}},"81":{"start":{"line":130,"column":0},"end":{"line":130,"column":84}},"82":{"start":{"line":132,"column":0},"end":{"line":132,"column":88}},"83":{"start":{"line":133,"column":0},"end":{"line":133,"column":94}},"84":{"start":{"line":135,"column":0},"end":{"line":135,"column":88}},"85":{"start":{"line":136,"column":0},"end":{"line":136,"column":88}},"86":{"start":{"line":137,"column":0},"end":{"line":137,"column":100}},"87":{"start":{"line":138,"column":0},"end":{"line":138,"column":100}},"88":{"start":{"line":140,"column":0},"end":{"line":140,"column":44}},"89":{"start":{"line":142,"column":0},"end":{"line":145,"column":3}},"90":{"start":{"line":143,"column":2},"end":{"line":143,"column":26}},"91":{"start":{"line":144,"column":2},"end":{"line":144,"column":16}},"92":{"start":{"line":147,"column":0},"end":{"line":149,"column":3}},"93":{"start":{"line":148,"column":2},"end":{"line":148,"column":69}}},"branchMap":{"1":{"line":33,"type":"if","locations":[{"start":{"line":33,"column":0},"end":{"line":33,"column":0}},{"start":{"line":33,"column":0},"end":{"line":33,"column":0}}]},"2":{"line":37,"type":"if","locations":[{"start":{"line":37,"column":0},"end":{"line":37,"column":0}},{"start":{"line":37,"column":0},"end":{"line":37,"column":0}}]},"3":{"line":37,"type":"binary-expr","locations":[{"start":{"line":37,"column":4},"end":{"line":37,"column":24}},{"start":{"line":38,"column":4},"end":{"line":38,"column":26}}]},"4":{"line":71,"type":"if","locations":[{"start":{"line":71,"column":4},"end":{"line":71,"column":4}},{"start":{"line":71,"column":4},"end":{"line":71,"column":4}}]},"5":{"line":71,"type":"binary-expr","locations":[{"start":{"line":71,"column":8},"end":{"line":71,"column":12}},{"start":{"line":71,"column":16},"end":{"line":71,"column":20}}]}}},"/Users/avi/Documents/CodeHatcher/Code/quippics/routes/index.js":{"path":"/Users/avi/Documents/CodeHatcher/Code/quippics/routes/index.js","s":{"1":1,"2":0},"b":{},"f":{"1":0},"fnMap":{"1":{"name":"(anonymous_1)","line":6,"loc":{"start":{"line":6,"column":16},"end":{"line":6,"column":34}}}},"statementMap":{"1":{"start":{"line":6,"column":0},"end":{"line":8,"column":2}},"2":{"start":{"line":7,"column":2},"end":{"line":7,"column":44}}},"branchMap":{}},"/Users/avi/Documents/CodeHatcher/Code/quippics/routes/users.js":{"path":"/Users/avi/Documents/CodeHatcher/Code/quippics/routes/users.js","s":{"1":1,"2":1,"3":1,"4":1,"5":1,"6":1,"7":1,"8":1,"9":0,"10":1,"11":3,"12":0,"13":3,"14":3,"15":3,"16":3,"17":0,"18":1,"19":5,"20":5,"21":5,"22":5,"23":4,"24":1,"25":0,"26":1,"27":1,"28":1,"29":1,"30":1,"31":1,"32":0,"33":0,"34":1,"35":4,"36":4,"37":4,"38":0,"39":4,"40":4,"41":4,"42":4,"43":0,"44":0,"45":1,"46":2,"47":2,"48":2,"49":0,"50":2,"51":2,"52":2,"53":2,"54":2,"55":2,"56":2,"57":2,"58":2,"59":2,"60":0,"61":0,"62":0,"63":0,"64":0,"65":2,"66":2,"67":2,"68":2,"69":2,"70":2,"71":2,"72":0,"73":0,"74":0,"75":0,"76":0,"77":0,"78":2,"79":0,"80":2,"81":1,"82":1,"83":0,"84":1,"85":1,"86":1,"87":1,"88":1,"89":1,"90":0,"91":0,"92":0,"93":0,"94":0,"95":0,"96":1,"97":5,"98":0,"99":5,"100":5,"101":5,"102":5,"103":2,"104":2,"105":3,"106":3,"107":3,"108":3,"109":0,"110":0,"111":0,"112":0,"113":3,"114":3,"115":3,"116":3,"117":3,"118":3,"119":0,"120":0,"121":0,"122":0,"123":0,"124":0,"125":5,"126":2,"127":3,"128":1,"129":3,"130":3,"131":3,"132":0,"133":3,"134":3,"135":3,"136":3,"137":0,"138":0,"139":1,"140":1,"141":1,"142":0,"143":1,"144":1,"145":1,"146":0,"147":0,"148":0,"149":1,"150":4,"151":0,"152":4,"153":4,"154":4,"155":4,"156":0,"157":0,"158":1,"159":3,"160":0,"161":3,"162":3,"163":3,"164":3,"165":3,"166":3,"167":3,"168":3,"169":3,"170":3,"171":0,"172":0,"173":0,"174":0,"175":1,"176":20,"177":20,"178":20,"179":20,"180":20,"181":18,"182":2,"183":0},"b":{"1":[0,3],"2":[3,3,3],"3":[3,0],"4":[5,0],"5":[4,1],"6":[1,0],"7":[1,0],"8":[4,0],"9":[0,4],"10":[4,4],"11":[4,0],"12":[4,0],"13":[0,2],"14":[2,2],"15":[2,0],"16":[2,0],"17":[2,0],"18":[2,2],"19":[0,0],"20":[0,0],"21":[2,0],"22":[2,2],"23":[2,0],"24":[2,2],"25":[0,0],"26":[0,0],"27":[0,0],"28":[0,0],"29":[0,2],"30":[0,1],"31":[1,1],"32":[1,0],"33":[1,1],"34":[1,0],"35":[1,1],"36":[0,0],"37":[0,0],"38":[0,0],"39":[0,5],"40":[5,5],"41":[5,0],"42":[5,5],"43":[2,3],"44":[3,0],"45":[3,3],"46":[0,0],"47":[3,0],"48":[3,3],"49":[3,0],"50":[3,3],"51":[0,0],"52":[0,0],"53":[2,3],"54":[3,0],"55":[0,3],"56":[3,3],"57":[3,0],"58":[3,0],"59":[1,0],"60":[0,1],"61":[1,1],"62":[1,0],"63":[1,1],"64":[0,0],"65":[0,4],"66":[4,0],"67":[4,0],"68":[0,3],"69":[3,0],"70":[3,0],"71":[1,2],"72":[3,0],"73":[1,2],"74":[3,0],"75":[20,0],"76":[18,2]},"f":{"1":0,"2":3,"3":3,"4":5,"5":5,"6":1,"7":1,"8":4,"9":4,"10":2,"11":2,"12":2,"13":2,"14":2,"15":2,"16":2,"17":2,"18":1,"19":1,"20":1,"21":5,"22":5,"23":5,"24":2,"25":3,"26":3,"27":3,"28":3,"29":5,"30":3,"31":3,"32":1,"33":1,"34":4,"35":4,"36":3,"37":3,"38":3,"39":3,"40":20,"41":20,"42":20},"fnMap":{"1":{"name":"(anonymous_1)","line":15,"loc":{"start":{"line":15,"column":15},"end":{"line":15,"column":33}}},"2":{"name":"(anonymous_2)","line":18,"loc":{"start":{"line":18,"column":25},"end":{"line":18,"column":43}}},"3":{"name":"(anonymous_3)","line":28,"loc":{"start":{"line":28,"column":104},"end":{"line":28,"column":135}}},"4":{"name":"(anonymous_4)","line":43,"loc":{"start":{"line":43,"column":23},"end":{"line":43,"column":41}}},"5":{"name":"(anonymous_5)","line":48,"loc":{"start":{"line":48,"column":20},"end":{"line":48,"column":43}}},"6":{"name":"(anonymous_6)","line":68,"loc":{"start":{"line":68,"column":17},"end":{"line":68,"column":35}}},"7":{"name":"(anonymous_7)","line":72,"loc":{"start":{"line":72,"column":10},"end":{"line":72,"column":30}}},"8":{"name":"(anonymous_8)","line":85,"loc":{"start":{"line":85,"column":25},"end":{"line":85,"column":43}}},"9":{"name":"(anonymous_9)","line":104,"loc":{"start":{"line":104,"column":10},"end":{"line":104,"column":29}}},"10":{"name":"(anonymous_10)","line":117,"loc":{"start":{"line":117,"column":25},"end":{"line":117,"column":43}}},"11":{"name":"(anonymous_11)","line":127,"loc":{"start":{"line":127,"column":4},"end":{"line":127,"column":16}}},"12":{"name":"(anonymous_12)","line":133,"loc":{"start":{"line":133,"column":10},"end":{"line":133,"column":33}}},"13":{"name":"(anonymous_13)","line":141,"loc":{"start":{"line":141,"column":22},"end":{"line":141,"column":50}}},"14":{"name":"(anonymous_14)","line":158,"loc":{"start":{"line":158,"column":4},"end":{"line":158,"column":16}}},"15":{"name":"(anonymous_15)","line":164,"loc":{"start":{"line":164,"column":12},"end":{"line":164,"column":36}}},"16":{"name":"(anonymous_16)","line":169,"loc":{"start":{"line":169,"column":25},"end":{"line":169,"column":54}}},"17":{"name":"(anonymous_17)","line":186,"loc":{"start":{"line":186,"column":2},"end":{"line":186,"column":24}}},"18":{"name":"(anonymous_18)","line":196,"loc":{"start":{"line":196,"column":27},"end":{"line":196,"column":45}}},"19":{"name":"(anonymous_19)","line":211,"loc":{"start":{"line":211,"column":8},"end":{"line":211,"column":31}}},"20":{"name":"(anonymous_20)","line":215,"loc":{"start":{"line":215,"column":20},"end":{"line":215,"column":39}}},"21":{"name":"(anonymous_21)","line":232,"loc":{"start":{"line":232,"column":24},"end":{"line":232,"column":42}}},"22":{"name":"(anonymous_22)","line":239,"loc":{"start":{"line":239,"column":4},"end":{"line":239,"column":16}}},"23":{"name":"(anonymous_23)","line":244,"loc":{"start":{"line":244,"column":12},"end":{"line":244,"column":36}}},"24":{"name":"(anonymous_24)","line":248,"loc":{"start":{"line":248,"column":58},"end":{"line":248,"column":75}}},"25":{"name":"(anonymous_25)","line":255,"loc":{"start":{"line":255,"column":27},"end":{"line":255,"column":46}}},"26":{"name":"(anonymous_26)","line":271,"loc":{"start":{"line":271,"column":4},"end":{"line":271,"column":16}}},"27":{"name":"(anonymous_27)","line":276,"loc":{"start":{"line":276,"column":12},"end":{"line":276,"column":35}}},"28":{"name":"(anonymous_28)","line":280,"loc":{"start":{"line":280,"column":24},"end":{"line":280,"column":43}}},"29":{"name":"(anonymous_29)","line":297,"loc":{"start":{"line":297,"column":2},"end":{"line":297,"column":24}}},"30":{"name":"(anonymous_30)","line":308,"loc":{"start":{"line":308,"column":22},"end":{"line":308,"column":40}}},"31":{"name":"(anonymous_31)","line":328,"loc":{"start":{"line":328,"column":10},"end":{"line":328,"column":29}}},"32":{"name":"(anonymous_32)","line":342,"loc":{"start":{"line":342,"column":20},"end":{"line":342,"column":38}}},"33":{"name":"(anonymous_33)","line":355,"loc":{"start":{"line":355,"column":10},"end":{"line":355,"column":30}}},"34":{"name":"(anonymous_34)","line":366,"loc":{"start":{"line":366,"column":18},"end":{"line":366,"column":36}}},"35":{"name":"(anonymous_35)","line":373,"loc":{"start":{"line":373,"column":10},"end":{"line":373,"column":29}}},"36":{"name":"(anonymous_36)","line":386,"loc":{"start":{"line":386,"column":17},"end":{"line":386,"column":35}}},"37":{"name":"(anonymous_37)","line":391,"loc":{"start":{"line":391,"column":38},"end":{"line":391,"column":57}}},"38":{"name":"(anonymous_38)","line":398,"loc":{"start":{"line":398,"column":27},"end":{"line":398,"column":37}}},"39":{"name":"(anonymous_39)","line":400,"loc":{"start":{"line":400,"column":20},"end":{"line":400,"column":46}}},"40":{"name":"(anonymous_40)","line":424,"loc":{"start":{"line":424,"column":19},"end":{"line":424,"column":37}}},"41":{"name":"(anonymous_41)","line":430,"loc":{"start":{"line":430,"column":21},"end":{"line":430,"column":34}}},"42":{"name":"(anonymous_42)","line":432,"loc":{"start":{"line":432,"column":16},"end":{"line":432,"column":38}}}},"statementMap":{"1":{"start":{"line":7,"column":0},"end":{"line":7,"column":40}},"2":{"start":{"line":8,"column":0},"end":{"line":8,"column":17}},"3":{"start":{"line":9,"column":0},"end":{"line":9,"column":29}},"4":{"start":{"line":10,"column":0},"end":{"line":10,"column":37}},"5":{"start":{"line":11,"column":0},"end":{"line":11,"column":51}},"6":{"start":{"line":12,"column":0},"end":{"line":12,"column":40}},"7":{"start":{"line":13,"column":0},"end":{"line":13,"column":30}},"8":{"start":{"line":15,"column":0},"end":{"line":17,"column":2}},"9":{"start":{"line":16,"column":2},"end":{"line":16,"column":38}},"10":{"start":{"line":18,"column":0},"end":{"line":40,"column":2}},"11":{"start":{"line":20,"column":2},"end":{"line":24,"column":3}},"12":{"start":{"line":23,"column":4},"end":{"line":23,"column":59}},"13":{"start":{"line":26,"column":2},"end":{"line":26,"column":51}},"14":{"start":{"line":28,"column":2},"end":{"line":39,"column":5}},"15":{"start":{"line":29,"column":4},"end":{"line":38,"column":5}},"16":{"start":{"line":30,"column":6},"end":{"line":32,"column":9}},"17":{"start":{"line":34,"column":6},"end":{"line":37,"column":9}},"18":{"start":{"line":43,"column":0},"end":{"line":66,"column":2}},"19":{"start":{"line":44,"column":2},"end":{"line":47,"column":5}},"20":{"start":{"line":48,"column":2},"end":{"line":65,"column":5}},"21":{"start":{"line":49,"column":4},"end":{"line":64,"column":5}},"22":{"start":{"line":50,"column":6},"end":{"line":58,"column":7}},"23":{"start":{"line":51,"column":8},"end":{"line":53,"column":11}},"24":{"start":{"line":55,"column":8},"end":{"line":57,"column":11}},"25":{"start":{"line":60,"column":6},"end":{"line":63,"column":9}},"26":{"start":{"line":68,"column":0},"end":{"line":83,"column":2}},"27":{"start":{"line":69,"column":2},"end":{"line":69,"column":90}},"28":{"start":{"line":70,"column":2},"end":{"line":82,"column":7}},"29":{"start":{"line":73,"column":6},"end":{"line":81,"column":7}},"30":{"start":{"line":74,"column":8},"end":{"line":78,"column":9}},"31":{"start":{"line":75,"column":10},"end":{"line":75,"column":33}},"32":{"start":{"line":77,"column":10},"end":{"line":77,"column":87}},"33":{"start":{"line":80,"column":8},"end":{"line":80,"column":34}},"34":{"start":{"line":85,"column":0},"end":{"line":115,"column":2}},"35":{"start":{"line":87,"column":2},"end":{"line":87,"column":41}},"36":{"start":{"line":88,"column":2},"end":{"line":88,"column":45}},"37":{"start":{"line":89,"column":2},"end":{"line":93,"column":3}},"38":{"start":{"line":92,"column":4},"end":{"line":92,"column":59}},"39":{"start":{"line":94,"column":2},"end":{"line":114,"column":7}},"40":{"start":{"line":105,"column":6},"end":{"line":113,"column":7}},"41":{"start":{"line":106,"column":8},"end":{"line":110,"column":9}},"42":{"start":{"line":107,"column":10},"end":{"line":107,"column":37}},"43":{"start":{"line":109,"column":10},"end":{"line":109,"column":66}},"44":{"start":{"line":112,"column":8},"end":{"line":112,"column":34}},"45":{"start":{"line":117,"column":0},"end":{"line":194,"column":2}},"46":{"start":{"line":118,"column":2},"end":{"line":118,"column":34}},"47":{"start":{"line":119,"column":2},"end":{"line":119,"column":34}},"48":{"start":{"line":120,"column":2},"end":{"line":124,"column":3}},"49":{"start":{"line":123,"column":4},"end":{"line":123,"column":59}},"50":{"start":{"line":126,"column":2},"end":{"line":193,"column":5}},"51":{"start":{"line":128,"column":4},"end":{"line":128,"column":24}},"52":{"start":{"line":130,"column":4},"end":{"line":156,"column":7}},"53":{"start":{"line":135,"column":6},"end":{"line":155,"column":7}},"54":{"start":{"line":136,"column":8},"end":{"line":152,"column":9}},"55":{"start":{"line":138,"column":8},"end":{"line":138,"column":50}},"56":{"start":{"line":140,"column":8},"end":{"line":140,"column":47}},"57":{"start":{"line":141,"column":8},"end":{"line":149,"column":11}},"58":{"start":{"line":142,"column":10},"end":{"line":148,"column":11}},"59":{"start":{"line":143,"column":12},"end":{"line":143,"column":36}},"60":{"start":{"line":144,"column":17},"end":{"line":148,"column":11}},"61":{"start":{"line":145,"column":12},"end":{"line":145,"column":73}},"62":{"start":{"line":147,"column":12},"end":{"line":147,"column":20}},"63":{"start":{"line":151,"column":10},"end":{"line":151,"column":70}},"64":{"start":{"line":154,"column":8},"end":{"line":154,"column":16}},"65":{"start":{"line":159,"column":6},"end":{"line":159,"column":27}},"66":{"start":{"line":161,"column":6},"end":{"line":183,"column":9}},"67":{"start":{"line":166,"column":8},"end":{"line":182,"column":9}},"68":{"start":{"line":168,"column":10},"end":{"line":168,"column":49}},"69":{"start":{"line":169,"column":10},"end":{"line":177,"column":13}},"70":{"start":{"line":170,"column":12},"end":{"line":176,"column":13}},"71":{"start":{"line":171,"column":14},"end":{"line":171,"column":39}},"72":{"start":{"line":172,"column":19},"end":{"line":176,"column":13}},"73":{"start":{"line":173,"column":14},"end":{"line":173,"column":76}},"74":{"start":{"line":175,"column":14},"end":{"line":175,"column":22}},"75":{"start":{"line":178,"column":15},"end":{"line":182,"column":9}},"76":{"start":{"line":179,"column":10},"end":{"line":179,"column":90}},"77":{"start":{"line":181,"column":10},"end":{"line":181,"column":18}},"78":{"start":{"line":187,"column":4},"end":{"line":192,"column":5}},"79":{"start":{"line":188,"column":6},"end":{"line":188,"column":32}},"80":{"start":{"line":191,"column":6},"end":{"line":191,"column":67}},"81":{"start":{"line":196,"column":0},"end":{"line":230,"column":2}},"82":{"start":{"line":203,"column":2},"end":{"line":207,"column":3}},"83":{"start":{"line":206,"column":4},"end":{"line":206,"column":59}},"84":{"start":{"line":208,"column":2},"end":{"line":229,"column":5}},"85":{"start":{"line":212,"column":4},"end":{"line":228,"column":5}},"86":{"start":{"line":214,"column":6},"end":{"line":214,"column":50}},"87":{"start":{"line":215,"column":6},"end":{"line":223,"column":9}},"88":{"start":{"line":216,"column":8},"end":{"line":222,"column":9}},"89":{"start":{"line":217,"column":10},"end":{"line":217,"column":71}},"90":{"start":{"line":218,"column":15},"end":{"line":222,"column":9}},"91":{"start":{"line":219,"column":10},"end":{"line":219,"column":90}},"92":{"start":{"line":221,"column":10},"end":{"line":221,"column":36}},"93":{"start":{"line":224,"column":11},"end":{"line":228,"column":5}},"94":{"start":{"line":225,"column":6},"end":{"line":226,"column":4}},"95":{"start":{"line":227,"column":6},"end":{"line":227,"column":32}},"96":{"start":{"line":232,"column":0},"end":{"line":305,"column":2}},"97":{"start":{"line":233,"column":2},"end":{"line":237,"column":3}},"98":{"start":{"line":236,"column":4},"end":{"line":236,"column":59}},"99":{"start":{"line":238,"column":2},"end":{"line":304,"column":5}},"100":{"start":{"line":241,"column":6},"end":{"line":268,"column":9}},"101":{"start":{"line":245,"column":8},"end":{"line":267,"column":9}},"102":{"start":{"line":248,"column":10},"end":{"line":264,"column":11}},"103":{"start":{"line":248,"column":76},"end":{"line":248,"column":102}},"104":{"start":{"line":250,"column":12},"end":{"line":250,"column":74}},"105":{"start":{"line":253,"column":12},"end":{"line":253,"column":64}},"106":{"start":{"line":255,"column":12},"end":{"line":263,"column":15}},"107":{"start":{"line":256,"column":14},"end":{"line":262,"column":15}},"108":{"start":{"line":257,"column":14},"end":{"line":257,"column":30}},"109":{"start":{"line":258,"column":21},"end":{"line":262,"column":15}},"110":{"start":{"line":259,"column":16},"end":{"line":259,"column":89}},"111":{"start":{"line":261,"column":16},"end":{"line":261,"column":31}},"112":{"start":{"line":266,"column":10},"end":{"line":266,"column":25}},"113":{"start":{"line":273,"column":6},"end":{"line":294,"column":9}},"114":{"start":{"line":277,"column":8},"end":{"line":293,"column":9}},"115":{"start":{"line":279,"column":10},"end":{"line":279,"column":60}},"116":{"start":{"line":280,"column":10},"end":{"line":288,"column":13}},"117":{"start":{"line":281,"column":12},"end":{"line":287,"column":13}},"118":{"start":{"line":282,"column":14},"end":{"line":282,"column":30}},"119":{"start":{"line":283,"column":19},"end":{"line":287,"column":13}},"120":{"start":{"line":284,"column":14},"end":{"line":284,"column":87}},"121":{"start":{"line":286,"column":14},"end":{"line":286,"column":29}},"122":{"start":{"line":289,"column":15},"end":{"line":293,"column":9}},"123":{"start":{"line":290,"column":10},"end":{"line":290,"column":88}},"124":{"start":{"line":292,"column":10},"end":{"line":292,"column":25}},"125":{"start":{"line":298,"column":4},"end":{"line":303,"column":5}},"126":{"start":{"line":299,"column":6},"end":{"line":299,"column":32}},"127":{"start":{"line":302,"column":6},"end":{"line":302,"column":73}},"128":{"start":{"line":308,"column":0},"end":{"line":339,"column":2}},"129":{"start":{"line":310,"column":2},"end":{"line":310,"column":41}},"130":{"start":{"line":311,"column":2},"end":{"line":311,"column":45}},"131":{"start":{"line":313,"column":2},"end":{"line":317,"column":3}},"132":{"start":{"line":316,"column":4},"end":{"line":316,"column":59}},"133":{"start":{"line":318,"column":2},"end":{"line":338,"column":7}},"134":{"start":{"line":329,"column":6},"end":{"line":337,"column":7}},"135":{"start":{"line":330,"column":8},"end":{"line":334,"column":9}},"136":{"start":{"line":331,"column":10},"end":{"line":331,"column":37}},"137":{"start":{"line":333,"column":10},"end":{"line":333,"column":66}},"138":{"start":{"line":336,"column":8},"end":{"line":336,"column":34}},"139":{"start":{"line":342,"column":0},"end":{"line":364,"column":2}},"140":{"start":{"line":345,"column":2},"end":{"line":345,"column":41}},"141":{"start":{"line":346,"column":2},"end":{"line":350,"column":3}},"142":{"start":{"line":349,"column":4},"end":{"line":349,"column":59}},"143":{"start":{"line":351,"column":2},"end":{"line":363,"column":7}},"144":{"start":{"line":356,"column":6},"end":{"line":362,"column":7}},"145":{"start":{"line":357,"column":8},"end":{"line":357,"column":36}},"146":{"start":{"line":358,"column":13},"end":{"line":362,"column":7}},"147":{"start":{"line":359,"column":8},"end":{"line":359,"column":66}},"148":{"start":{"line":361,"column":8},"end":{"line":361,"column":34}},"149":{"start":{"line":366,"column":0},"end":{"line":384,"column":2}},"150":{"start":{"line":367,"column":2},"end":{"line":370,"column":3}},"151":{"start":{"line":369,"column":4},"end":{"line":369,"column":59}},"152":{"start":{"line":371,"column":2},"end":{"line":383,"column":7}},"153":{"start":{"line":374,"column":6},"end":{"line":382,"column":7}},"154":{"start":{"line":375,"column":8},"end":{"line":379,"column":9}},"155":{"start":{"line":376,"column":10},"end":{"line":376,"column":37}},"156":{"start":{"line":378,"column":10},"end":{"line":378,"column":67}},"157":{"start":{"line":381,"column":8},"end":{"line":381,"column":34}},"158":{"start":{"line":386,"column":0},"end":{"line":421,"column":2}},"159":{"start":{"line":387,"column":2},"end":{"line":390,"column":3}},"160":{"start":{"line":389,"column":4},"end":{"line":389,"column":59}},"161":{"start":{"line":391,"column":2},"end":{"line":419,"column":5}},"162":{"start":{"line":392,"column":4},"end":{"line":417,"column":5}},"163":{"start":{"line":393,"column":6},"end":{"line":413,"column":7}},"164":{"start":{"line":395,"column":8},"end":{"line":395,"column":85}},"165":{"start":{"line":396,"column":8},"end":{"line":396,"column":66}},"166":{"start":{"line":397,"column":8},"end":{"line":397,"column":84}},"167":{"start":{"line":398,"column":8},"end":{"line":410,"column":11}},"168":{"start":{"line":400,"column":10},"end":{"line":409,"column":13}},"169":{"start":{"line":401,"column":12},"end":{"line":408,"column":13}},"170":{"start":{"line":402,"column":14},"end":{"line":405,"column":17}},"171":{"start":{"line":407,"column":14},"end":{"line":407,"column":40}},"172":{"start":{"line":412,"column":8},"end":{"line":412,"column":29}},"173":{"start":{"line":415,"column":6},"end":{"line":415,"column":32}},"174":{"start":{"line":416,"column":6},"end":{"line":416,"column":32}},"175":{"start":{"line":424,"column":0},"end":{"line":449,"column":2}},"176":{"start":{"line":425,"column":2},"end":{"line":429,"column":5}},"177":{"start":{"line":430,"column":2},"end":{"line":448,"column":5}},"178":{"start":{"line":431,"column":4},"end":{"line":447,"column":5}},"179":{"start":{"line":432,"column":6},"end":{"line":444,"column":9}},"180":{"start":{"line":433,"column":8},"end":{"line":443,"column":9}},"181":{"start":{"line":434,"column":10},"end":{"line":437,"column":13}},"182":{"start":{"line":439,"column":10},"end":{"line":442,"column":13}},"183":{"start":{"line":446,"column":6},"end":{"line":446,"column":32}}},"branchMap":{"1":{"line":20,"type":"if","locations":[{"start":{"line":20,"column":2},"end":{"line":20,"column":2}},{"start":{"line":20,"column":2},"end":{"line":20,"column":2}}]},"2":{"line":20,"type":"binary-expr","locations":[{"start":{"line":20,"column":6},"end":{"line":20,"column":48}},{"start":{"line":21,"column":6},"end":{"line":21,"column":33}},{"start":{"line":22,"column":8},"end":{"line":22,"column":53}}]},"3":{"line":29,"type":"if","locations":[{"start":{"line":29,"column":4},"end":{"line":29,"column":4}},{"start":{"line":29,"column":4},"end":{"line":29,"column":4}}]},"4":{"line":49,"type":"if","locations":[{"start":{"line":49,"column":4},"end":{"line":49,"column":4}},{"start":{"line":49,"column":4},"end":{"line":49,"column":4}}]},"5":{"line":50,"type":"if","locations":[{"start":{"line":50,"column":6},"end":{"line":50,"column":6}},{"start":{"line":50,"column":6},"end":{"line":50,"column":6}}]},"6":{"line":73,"type":"if","locations":[{"start":{"line":73,"column":6},"end":{"line":73,"column":6}},{"start":{"line":73,"column":6},"end":{"line":73,"column":6}}]},"7":{"line":74,"type":"if","locations":[{"start":{"line":74,"column":8},"end":{"line":74,"column":8}},{"start":{"line":74,"column":8},"end":{"line":74,"column":8}}]},"8":{"line":87,"type":"binary-expr","locations":[{"start":{"line":87,"column":20},"end":{"line":87,"column":35}},{"start":{"line":87,"column":39},"end":{"line":87,"column":40}}]},"9":{"line":89,"type":"if","locations":[{"start":{"line":89,"column":2},"end":{"line":89,"column":2}},{"start":{"line":89,"column":2},"end":{"line":89,"column":2}}]},"10":{"line":89,"type":"binary-expr","locations":[{"start":{"line":89,"column":6},"end":{"line":89,"column":43}},{"start":{"line":90,"column":6},"end":{"line":90,"column":33}}]},"11":{"line":105,"type":"if","locations":[{"start":{"line":105,"column":6},"end":{"line":105,"column":6}},{"start":{"line":105,"column":6},"end":{"line":105,"column":6}}]},"12":{"line":106,"type":"if","locations":[{"start":{"line":106,"column":8},"end":{"line":106,"column":8}},{"start":{"line":106,"column":8},"end":{"line":106,"column":8}}]},"13":{"line":120,"type":"if","locations":[{"start":{"line":120,"column":2},"end":{"line":120,"column":2}},{"start":{"line":120,"column":2},"end":{"line":120,"column":2}}]},"14":{"line":120,"type":"binary-expr","locations":[{"start":{"line":120,"column":6},"end":{"line":120,"column":32}},{"start":{"line":121,"column":6},"end":{"line":121,"column":33}}]},"15":{"line":135,"type":"if","locations":[{"start":{"line":135,"column":6},"end":{"line":135,"column":6}},{"start":{"line":135,"column":6},"end":{"line":135,"column":6}}]},"16":{"line":136,"type":"if","locations":[{"start":{"line":136,"column":8},"end":{"line":136,"column":8}},{"start":{"line":136,"column":8},"end":{"line":136,"column":8}}]},"17":{"line":142,"type":"if","locations":[{"start":{"line":142,"column":10},"end":{"line":142,"column":10}},{"start":{"line":142,"column":10},"end":{"line":142,"column":10}}]},"18":{"line":142,"type":"binary-expr","locations":[{"start":{"line":142,"column":14},"end":{"line":142,"column":18}},{"start":{"line":142,"column":22},"end":{"line":142,"column":35}}]},"19":{"line":144,"type":"if","locations":[{"start":{"line":144,"column":17},"end":{"line":144,"column":17}},{"start":{"line":144,"column":17},"end":{"line":144,"column":17}}]},"20":{"line":144,"type":"binary-expr","locations":[{"start":{"line":144,"column":21},"end":{"line":144,"column":25}},{"start":{"line":144,"column":29},"end":{"line":144,"column":43}}]},"21":{"line":166,"type":"if","locations":[{"start":{"line":166,"column":8},"end":{"line":166,"column":8}},{"start":{"line":166,"column":8},"end":{"line":166,"column":8}}]},"22":{"line":166,"type":"binary-expr","locations":[{"start":{"line":166,"column":11},"end":{"line":166,"column":15}},{"start":{"line":166,"column":19},"end":{"line":166,"column":28}}]},"23":{"line":170,"type":"if","locations":[{"start":{"line":170,"column":12},"end":{"line":170,"column":12}},{"start":{"line":170,"column":12},"end":{"line":170,"column":12}}]},"24":{"line":170,"type":"binary-expr","locations":[{"start":{"line":170,"column":16},"end":{"line":170,"column":20}},{"start":{"line":170,"column":24},"end":{"line":170,"column":38}}]},"25":{"line":172,"type":"if","locations":[{"start":{"line":172,"column":19},"end":{"line":172,"column":19}},{"start":{"line":172,"column":19},"end":{"line":172,"column":19}}]},"26":{"line":172,"type":"binary-expr","locations":[{"start":{"line":172,"column":22},"end":{"line":172,"column":26}},{"start":{"line":172,"column":30},"end":{"line":172,"column":45}}]},"27":{"line":178,"type":"if","locations":[{"start":{"line":178,"column":15},"end":{"line":178,"column":15}},{"start":{"line":178,"column":15},"end":{"line":178,"column":15}}]},"28":{"line":178,"type":"binary-expr","locations":[{"start":{"line":178,"column":18},"end":{"line":178,"column":22}},{"start":{"line":178,"column":26},"end":{"line":178,"column":36}}]},"29":{"line":187,"type":"if","locations":[{"start":{"line":187,"column":4},"end":{"line":187,"column":4}},{"start":{"line":187,"column":4},"end":{"line":187,"column":4}}]},"30":{"line":203,"type":"if","locations":[{"start":{"line":203,"column":2},"end":{"line":203,"column":2}},{"start":{"line":203,"column":2},"end":{"line":203,"column":2}}]},"31":{"line":203,"type":"binary-expr","locations":[{"start":{"line":203,"column":6},"end":{"line":203,"column":32}},{"start":{"line":204,"column":6},"end":{"line":204,"column":33}}]},"32":{"line":212,"type":"if","locations":[{"start":{"line":212,"column":4},"end":{"line":212,"column":4}},{"start":{"line":212,"column":4},"end":{"line":212,"column":4}}]},"33":{"line":212,"type":"binary-expr","locations":[{"start":{"line":212,"column":8},"end":{"line":212,"column":12}},{"start":{"line":212,"column":16},"end":{"line":212,"column":24}}]},"34":{"line":216,"type":"if","locations":[{"start":{"line":216,"column":8},"end":{"line":216,"column":8}},{"start":{"line":216,"column":8},"end":{"line":216,"column":8}}]},"35":{"line":216,"type":"binary-expr","locations":[{"start":{"line":216,"column":12},"end":{"line":216,"column":16}},{"start":{"line":216,"column":20},"end":{"line":216,"column":24}}]},"36":{"line":218,"type":"if","locations":[{"start":{"line":218,"column":15},"end":{"line":218,"column":15}},{"start":{"line":218,"column":15},"end":{"line":218,"column":15}}]},"37":{"line":218,"type":"binary-expr","locations":[{"start":{"line":218,"column":19},"end":{"line":218,"column":23}},{"start":{"line":218,"column":27},"end":{"line":218,"column":32}}]},"38":{"line":224,"type":"if","locations":[{"start":{"line":224,"column":11},"end":{"line":224,"column":11}},{"start":{"line":224,"column":11},"end":{"line":224,"column":11}}]},"39":{"line":233,"type":"if","locations":[{"start":{"line":233,"column":2},"end":{"line":233,"column":2}},{"start":{"line":233,"column":2},"end":{"line":233,"column":2}}]},"40":{"line":233,"type":"binary-expr","locations":[{"start":{"line":233,"column":6},"end":{"line":233,"column":33}},{"start":{"line":234,"column":6},"end":{"line":234,"column":34}}]},"41":{"line":245,"type":"if","locations":[{"start":{"line":245,"column":8},"end":{"line":245,"column":8}},{"start":{"line":245,"column":8},"end":{"line":245,"column":8}}]},"42":{"line":245,"type":"binary-expr","locations":[{"start":{"line":245,"column":12},"end":{"line":245,"column":16}},{"start":{"line":245,"column":20},"end":{"line":245,"column":29}}]},"43":{"line":248,"type":"if","locations":[{"start":{"line":248,"column":10},"end":{"line":248,"column":10}},{"start":{"line":248,"column":10},"end":{"line":248,"column":10}}]},"44":{"line":256,"type":"if","locations":[{"start":{"line":256,"column":14},"end":{"line":256,"column":14}},{"start":{"line":256,"column":14},"end":{"line":256,"column":14}}]},"45":{"line":256,"type":"binary-expr","locations":[{"start":{"line":256,"column":18},"end":{"line":256,"column":22}},{"start":{"line":256,"column":26},"end":{"line":256,"column":30}}]},"46":{"line":258,"type":"if","locations":[{"start":{"line":258,"column":21},"end":{"line":258,"column":21}},{"start":{"line":258,"column":21},"end":{"line":258,"column":21}}]},"47":{"line":277,"type":"if","locations":[{"start":{"line":277,"column":8},"end":{"line":277,"column":8}},{"start":{"line":277,"column":8},"end":{"line":277,"column":8}}]},"48":{"line":277,"type":"binary-expr","locations":[{"start":{"line":277,"column":12},"end":{"line":277,"column":16}},{"start":{"line":277,"column":20},"end":{"line":277,"column":28}}]},"49":{"line":281,"type":"if","locations":[{"start":{"line":281,"column":12},"end":{"line":281,"column":12}},{"start":{"line":281,"column":12},"end":{"line":281,"column":12}}]},"50":{"line":281,"type":"binary-expr","locations":[{"start":{"line":281,"column":16},"end":{"line":281,"column":20}},{"start":{"line":281,"column":24},"end":{"line":281,"column":28}}]},"51":{"line":283,"type":"if","locations":[{"start":{"line":283,"column":19},"end":{"line":283,"column":19}},{"start":{"line":283,"column":19},"end":{"line":283,"column":19}}]},"52":{"line":289,"type":"if","locations":[{"start":{"line":289,"column":15},"end":{"line":289,"column":15}},{"start":{"line":289,"column":15},"end":{"line":289,"column":15}}]},"53":{"line":298,"type":"if","locations":[{"start":{"line":298,"column":4},"end":{"line":298,"column":4}},{"start":{"line":298,"column":4},"end":{"line":298,"column":4}}]},"54":{"line":310,"type":"binary-expr","locations":[{"start":{"line":310,"column":20},"end":{"line":310,"column":35}},{"start":{"line":310,"column":39},"end":{"line":310,"column":40}}]},"55":{"line":313,"type":"if","locations":[{"start":{"line":313,"column":2},"end":{"line":313,"column":2}},{"start":{"line":313,"column":2},"end":{"line":313,"column":2}}]},"56":{"line":313,"type":"binary-expr","locations":[{"start":{"line":313,"column":6},"end":{"line":313,"column":43}},{"start":{"line":314,"column":6},"end":{"line":314,"column":33}}]},"57":{"line":329,"type":"if","locations":[{"start":{"line":329,"column":6},"end":{"line":329,"column":6}},{"start":{"line":329,"column":6},"end":{"line":329,"column":6}}]},"58":{"line":330,"type":"if","locations":[{"start":{"line":330,"column":8},"end":{"line":330,"column":8}},{"start":{"line":330,"column":8},"end":{"line":330,"column":8}}]},"59":{"line":345,"type":"binary-expr","locations":[{"start":{"line":345,"column":20},"end":{"line":345,"column":35}},{"start":{"line":345,"column":39},"end":{"line":345,"column":40}}]},"60":{"line":346,"type":"if","locations":[{"start":{"line":346,"column":2},"end":{"line":346,"column":2}},{"start":{"line":346,"column":2},"end":{"line":346,"column":2}}]},"61":{"line":346,"type":"binary-expr","locations":[{"start":{"line":346,"column":6},"end":{"line":346,"column":43}},{"start":{"line":347,"column":6},"end":{"line":347,"column":33}}]},"62":{"line":356,"type":"if","locations":[{"start":{"line":356,"column":6},"end":{"line":356,"column":6}},{"start":{"line":356,"column":6},"end":{"line":356,"column":6}}]},"63":{"line":356,"type":"binary-expr","locations":[{"start":{"line":356,"column":9},"end":{"line":356,"column":13}},{"start":{"line":356,"column":17},"end":{"line":356,"column":29}}]},"64":{"line":358,"type":"if","locations":[{"start":{"line":358,"column":13},"end":{"line":358,"column":13}},{"start":{"line":358,"column":13},"end":{"line":358,"column":13}}]},"65":{"line":367,"type":"if","locations":[{"start":{"line":367,"column":2},"end":{"line":367,"column":2}},{"start":{"line":367,"column":2},"end":{"line":367,"column":2}}]},"66":{"line":374,"type":"if","locations":[{"start":{"line":374,"column":6},"end":{"line":374,"column":6}},{"start":{"line":374,"column":6},"end":{"line":374,"column":6}}]},"67":{"line":375,"type":"if","locations":[{"start":{"line":375,"column":8},"end":{"line":375,"column":8}},{"start":{"line":375,"column":8},"end":{"line":375,"column":8}}]},"68":{"line":387,"type":"if","locations":[{"start":{"line":387,"column":2},"end":{"line":387,"column":2}},{"start":{"line":387,"column":2},"end":{"line":387,"column":2}}]},"69":{"line":392,"type":"if","locations":[{"start":{"line":392,"column":4},"end":{"line":392,"column":4}},{"start":{"line":392,"column":4},"end":{"line":392,"column":4}}]},"70":{"line":393,"type":"if","locations":[{"start":{"line":393,"column":6},"end":{"line":393,"column":6}},{"start":{"line":393,"column":6},"end":{"line":393,"column":6}}]},"71":{"line":395,"type":"cond-expr","locations":[{"start":{"line":395,"column":48},"end":{"line":395,"column":68}},{"start":{"line":395,"column":71},"end":{"line":395,"column":84}}]},"72":{"line":396,"type":"cond-expr","locations":[{"start":{"line":396,"column":38},"end":{"line":396,"column":52}},{"start":{"line":396,"column":55},"end":{"line":396,"column":65}}]},"73":{"line":397,"type":"cond-expr","locations":[{"start":{"line":397,"column":47},"end":{"line":397,"column":67}},{"start":{"line":397,"column":70},"end":{"line":397,"column":83}}]},"74":{"line":401,"type":"if","locations":[{"start":{"line":401,"column":12},"end":{"line":401,"column":12}},{"start":{"line":401,"column":12},"end":{"line":401,"column":12}}]},"75":{"line":431,"type":"if","locations":[{"start":{"line":431,"column":4},"end":{"line":431,"column":4}},{"start":{"line":431,"column":4},"end":{"line":431,"column":4}}]},"76":{"line":433,"type":"if","locations":[{"start":{"line":433,"column":8},"end":{"line":433,"column":8}},{"start":{"line":433,"column":8},"end":{"line":433,"column":8}}]}}},"/Users/avi/Documents/CodeHatcher/Code/quippics/models/user.js":{"path":"/Users/avi/Documents/CodeHatcher/Code/quippics/models/user.js","s":{"1":1,"2":1,"3":1,"4":1,"5":1,"6":1,"7":1,"8":1,"9":1,"10":1,"11":30,"12":30,"13":30,"14":30,"15":4,"16":2,"17":2,"18":26,"19":0,"20":1,"21":39,"22":39,"23":26,"24":26,"25":26,"26":0,"27":13,"28":1,"29":23,"30":10,"31":10,"32":10,"33":10,"34":10,"35":10,"36":10,"37":10,"38":10,"39":10,"40":0,"41":13,"42":1,"43":79,"44":79,"45":79,"46":79,"47":79,"48":79,"49":79,"50":78,"51":1,"52":0,"53":0,"54":0,"55":1,"56":26,"57":26,"58":26,"59":26,"60":26,"61":0,"62":1,"63":79,"64":79,"65":79,"66":79,"67":78,"68":1,"69":0,"70":1,"71":11,"72":0,"73":11,"74":11,"75":11,"76":11,"77":11,"78":22,"79":6,"80":6,"81":0,"82":0,"83":0,"84":1,"85":0,"86":0,"87":0,"88":0,"89":0,"90":0,"91":0,"92":0,"93":0,"94":0,"95":0,"96":1,"97":0,"98":0,"99":0,"100":0,"101":0,"102":0,"103":0,"104":0,"105":0,"106":0,"107":0,"108":0,"109":0,"110":0,"111":0,"112":0,"113":0,"114":0,"115":0,"116":0,"117":0,"118":0,"119":0,"120":0,"121":0,"122":0,"123":0,"124":0,"125":0,"126":0,"127":0,"128":0,"129":0,"130":0,"131":0,"132":1,"133":0,"134":0,"135":0,"136":0,"137":0,"138":0,"139":0,"140":0,"141":1,"142":0,"143":0,"144":0,"145":0,"146":0,"147":0,"148":0,"149":0,"150":0,"151":0,"152":0,"153":1,"154":1},"b":{"1":[30,0],"2":[4,26],"3":[2,2],"4":[26,13],"5":[26,0],"6":[10,13],"7":[10,0],"8":[79,0],"9":[79,0],"10":[79,0],"11":[78,1],"12":[26,0],"13":[79,0],"14":[78,1],"15":[0,11],"16":[11,11],"17":[11,0],"18":[11,11],"19":[6,16],"20":[22,22],"21":[0,0],"22":[0,0],"23":[0,0],"24":[0,0],"25":[0,0],"26":[0,0],"27":[0,0],"28":[0,0],"29":[0,0],"30":[0,0],"31":[0,0],"32":[0,0],"33":[0,0],"34":[0,0],"35":[0,0],"36":[0,0],"37":[0,0],"38":[0,0],"39":[0,0],"40":[0,0],"41":[0,0],"42":[0,0],"43":[0,0],"44":[0,0],"45":[0,0],"46":[0,0],"47":[0,0]},"f":{"1":30,"2":30,"3":39,"4":26,"5":23,"6":10,"7":79,"8":79,"9":79,"10":26,"11":26,"12":79,"13":79,"14":11,"15":11,"16":22,"17":6,"18":0,"19":0,"20":0,"21":0,"22":0,"23":0,"24":0,"25":0,"26":0,"27":0,"28":0,"29":0,"30":0,"31":0,"32":0,"33":0},"fnMap":{"1":{"name":"(anonymous_1)","line":43,"loc":{"start":{"line":43,"column":37},"end":{"line":43,"column":58}}},"2":{"name":"(anonymous_2)","line":47,"loc":{"start":{"line":47,"column":10},"end":{"line":47,"column":29}}},"3":{"name":"(anonymous_3)","line":67,"loc":{"start":{"line":67,"column":23},"end":{"line":67,"column":37}}},"4":{"name":"(anonymous_4)","line":72,"loc":{"start":{"line":72,"column":22},"end":{"line":72,"column":41}}},"5":{"name":"(anonymous_5)","line":85,"loc":{"start":{"line":85,"column":30},"end":{"line":85,"column":49}}},"6":{"name":"(anonymous_6)","line":97,"loc":{"start":{"line":97,"column":6},"end":{"line":97,"column":44}}},"7":{"name":"(anonymous_7)","line":112,"loc":{"start":{"line":112,"column":34},"end":{"line":112,"column":46}}},"8":{"name":"(anonymous_8)","line":116,"loc":{"start":{"line":116,"column":10},"end":{"line":116,"column":29}}},"9":{"name":"(anonymous_9)","line":120,"loc":{"start":{"line":120,"column":47},"end":{"line":120,"column":66}}},"10":{"name":"(anonymous_10)","line":146,"loc":{"start":{"line":146,"column":34},"end":{"line":146,"column":46}}},"11":{"name":"(anonymous_11)","line":148,"loc":{"start":{"line":148,"column":54},"end":{"line":148,"column":73}}},"12":{"name":"(anonymous_12)","line":159,"loc":{"start":{"line":159,"column":35},"end":{"line":159,"column":61}}},"13":{"name":"(anonymous_13)","line":161,"loc":{"start":{"line":161,"column":53},"end":{"line":161,"column":75}}},"14":{"name":"(anonymous_14)","line":182,"loc":{"start":{"line":182,"column":39},"end":{"line":182,"column":60}}},"15":{"name":"(anonymous_15)","line":194,"loc":{"start":{"line":194,"column":8},"end":{"line":194,"column":28}}},"16":{"name":"(anonymous_16)","line":196,"loc":{"start":{"line":196,"column":20},"end":{"line":196,"column":41}}},"17":{"name":"(anonymous_17)","line":203,"loc":{"start":{"line":203,"column":16},"end":{"line":203,"column":29}}},"18":{"name":"(anonymous_18)","line":217,"loc":{"start":{"line":217,"column":39},"end":{"line":217,"column":60}}},"19":{"name":"(anonymous_19)","line":226,"loc":{"start":{"line":226,"column":8},"end":{"line":226,"column":27}}},"20":{"name":"(anonymous_20)","line":256,"loc":{"start":{"line":256,"column":33},"end":{"line":256,"column":52}}},"21":{"name":"(anonymous_21)","line":259,"loc":{"start":{"line":259,"column":4},"end":{"line":259,"column":16}}},"22":{"name":"(anonymous_22)","line":267,"loc":{"start":{"line":267,"column":4},"end":{"line":267,"column":16}}},"23":{"name":"(anonymous_23)","line":269,"loc":{"start":{"line":269,"column":37},"end":{"line":269,"column":61}}},"24":{"name":"(anonymous_24)","line":276,"loc":{"start":{"line":276,"column":52},"end":{"line":276,"column":76}}},"25":{"name":"(anonymous_25)","line":296,"loc":{"start":{"line":296,"column":4},"end":{"line":296,"column":16}}},"26":{"name":"(anonymous_26)","line":298,"loc":{"start":{"line":298,"column":36},"end":{"line":298,"column":59}}},"27":{"name":"(anonymous_27)","line":305,"loc":{"start":{"line":305,"column":51},"end":{"line":305,"column":74}}},"28":{"name":"(anonymous_28)","line":325,"loc":{"start":{"line":325,"column":5},"end":{"line":325,"column":18}}},"29":{"name":"(anonymous_29)","line":331,"loc":{"start":{"line":331,"column":24},"end":{"line":331,"column":47}}},"30":{"name":"(anonymous_30)","line":340,"loc":{"start":{"line":340,"column":32},"end":{"line":340,"column":50}}},"31":{"name":"(anonymous_31)","line":343,"loc":{"start":{"line":343,"column":23},"end":{"line":343,"column":42}}},"32":{"name":"(anonymous_32)","line":365,"loc":{"start":{"line":365,"column":30},"end":{"line":365,"column":48}}},"33":{"name":"(anonymous_33)","line":381,"loc":{"start":{"line":381,"column":10},"end":{"line":381,"column":29}}}},"statementMap":{"1":{"start":{"line":1,"column":0},"end":{"line":1,"column":35}},"2":{"start":{"line":2,"column":0},"end":{"line":2,"column":29}},"3":{"start":{"line":3,"column":0},"end":{"line":3,"column":31}},"4":{"start":{"line":4,"column":0},"end":{"line":4,"column":25}},"5":{"start":{"line":5,"column":0},"end":{"line":5,"column":23}},"6":{"start":{"line":6,"column":0},"end":{"line":6,"column":23}},"7":{"start":{"line":7,"column":0},"end":{"line":7,"column":43}},"8":{"start":{"line":8,"column":0},"end":{"line":8,"column":37}},"9":{"start":{"line":15,"column":0},"end":{"line":40,"column":3}},"10":{"start":{"line":43,"column":0},"end":{"line":65,"column":30}},"11":{"start":{"line":45,"column":2},"end":{"line":45,"column":28}},"12":{"start":{"line":46,"column":2},"end":{"line":64,"column":7}},"13":{"start":{"line":48,"column":6},"end":{"line":63,"column":7}},"14":{"start":{"line":49,"column":8},"end":{"line":59,"column":9}},"15":{"start":{"line":51,"column":10},"end":{"line":55,"column":11}},"16":{"start":{"line":52,"column":12},"end":{"line":52,"column":30}},"17":{"start":{"line":54,"column":12},"end":{"line":54,"column":31}},"18":{"start":{"line":58,"column":10},"end":{"line":58,"column":28}},"19":{"start":{"line":62,"column":8},"end":{"line":62,"column":18}},"20":{"start":{"line":67,"column":0},"end":{"line":83,"column":3}},"21":{"start":{"line":68,"column":2},"end":{"line":68,"column":18}},"22":{"start":{"line":71,"column":2},"end":{"line":81,"column":3}},"23":{"start":{"line":72,"column":4},"end":{"line":78,"column":7}},"24":{"start":{"line":73,"column":6},"end":{"line":77,"column":7}},"25":{"start":{"line":74,"column":8},"end":{"line":74,"column":22}},"26":{"start":{"line":76,"column":8},"end":{"line":76,"column":25}},"27":{"start":{"line":80,"column":4},"end":{"line":80,"column":18}},"28":{"start":{"line":85,"column":0},"end":{"line":110,"column":2}},"29":{"start":{"line":87,"column":2},"end":{"line":109,"column":3}},"30":{"start":{"line":89,"column":4},"end":{"line":89,"column":61}},"31":{"start":{"line":90,"column":4},"end":{"line":90,"column":48}},"32":{"start":{"line":91,"column":4},"end":{"line":91,"column":58}},"33":{"start":{"line":94,"column":4},"end":{"line":94,"column":49}},"34":{"start":{"line":95,"column":4},"end":{"line":95,"column":20}},"35":{"start":{"line":96,"column":4},"end":{"line":105,"column":9}},"36":{"start":{"line":98,"column":8},"end":{"line":98,"column":56}},"37":{"start":{"line":99,"column":8},"end":{"line":99,"column":57}},"38":{"start":{"line":100,"column":8},"end":{"line":104,"column":9}},"39":{"start":{"line":101,"column":10},"end":{"line":101,"column":21}},"40":{"start":{"line":103,"column":10},"end":{"line":103,"column":20}},"41":{"start":{"line":108,"column":4},"end":{"line":108,"column":15}},"42":{"start":{"line":112,"column":0},"end":{"line":143,"column":2}},"43":{"start":{"line":113,"column":2},"end":{"line":113,"column":22}},"44":{"start":{"line":115,"column":2},"end":{"line":142,"column":7}},"45":{"start":{"line":117,"column":6},"end":{"line":141,"column":7}},"46":{"start":{"line":118,"column":8},"end":{"line":138,"column":9}},"47":{"start":{"line":120,"column":9},"end":{"line":130,"column":12}},"48":{"start":{"line":121,"column":11},"end":{"line":129,"column":12}},"49":{"start":{"line":122,"column":13},"end":{"line":126,"column":14}},"50":{"start":{"line":123,"column":15},"end":{"line":123,"column":37}},"51":{"start":{"line":125,"column":15},"end":{"line":125,"column":37}},"52":{"start":{"line":128,"column":13},"end":{"line":128,"column":34}},"53":{"start":{"line":137,"column":10},"end":{"line":137,"column":32}},"54":{"start":{"line":140,"column":8},"end":{"line":140,"column":29}},"55":{"start":{"line":146,"column":0},"end":{"line":157,"column":2}},"56":{"start":{"line":147,"column":2},"end":{"line":147,"column":18}},"57":{"start":{"line":148,"column":2},"end":{"line":156,"column":5}},"58":{"start":{"line":149,"column":4},"end":{"line":155,"column":5}},"59":{"start":{"line":151,"column":6},"end":{"line":151,"column":27}},"60":{"start":{"line":152,"column":6},"end":{"line":152,"column":28}},"61":{"start":{"line":154,"column":6},"end":{"line":154,"column":27}},"62":{"start":{"line":159,"column":0},"end":{"line":172,"column":2}},"63":{"start":{"line":160,"column":2},"end":{"line":160,"column":18}},"64":{"start":{"line":161,"column":2},"end":{"line":171,"column":5}},"65":{"start":{"line":162,"column":4},"end":{"line":170,"column":5}},"66":{"start":{"line":163,"column":6},"end":{"line":167,"column":7}},"67":{"start":{"line":164,"column":8},"end":{"line":164,"column":30}},"68":{"start":{"line":166,"column":8},"end":{"line":166,"column":30}},"69":{"start":{"line":169,"column":6},"end":{"line":169,"column":27}},"70":{"start":{"line":182,"column":0},"end":{"line":215,"column":2}},"71":{"start":{"line":183,"column":2},"end":{"line":187,"column":3}},"72":{"start":{"line":184,"column":4},"end":{"line":186,"column":7}},"73":{"start":{"line":188,"column":2},"end":{"line":188,"column":36}},"74":{"start":{"line":189,"column":2},"end":{"line":189,"column":34}},"75":{"start":{"line":191,"column":2},"end":{"line":214,"column":5}},"76":{"start":{"line":195,"column":4},"end":{"line":213,"column":5}},"77":{"start":{"line":196,"column":6},"end":{"line":208,"column":9}},"78":{"start":{"line":197,"column":8},"end":{"line":207,"column":9}},"79":{"start":{"line":199,"column":10},"end":{"line":204,"column":13}},"80":{"start":{"line":206,"column":10},"end":{"line":206,"column":26}},"81":{"start":{"line":209,"column":11},"end":{"line":213,"column":5}},"82":{"start":{"line":210,"column":6},"end":{"line":210,"column":22}},"83":{"start":{"line":212,"column":6},"end":{"line":212,"column":21}},"84":{"start":{"line":217,"column":0},"end":{"line":245,"column":2}},"85":{"start":{"line":218,"column":2},"end":{"line":222,"column":3}},"86":{"start":{"line":219,"column":4},"end":{"line":221,"column":7}},"87":{"start":{"line":223,"column":2},"end":{"line":244,"column":5}},"88":{"start":{"line":227,"column":4},"end":{"line":243,"column":5}},"89":{"start":{"line":229,"column":6},"end":{"line":234,"column":7}},"90":{"start":{"line":231,"column":8},"end":{"line":231,"column":40}},"91":{"start":{"line":232,"column":8},"end":{"line":232,"column":20}},"92":{"start":{"line":233,"column":8},"end":{"line":233,"column":20}},"93":{"start":{"line":235,"column":11},"end":{"line":243,"column":5}},"94":{"start":{"line":237,"column":6},"end":{"line":237,"column":18}},"95":{"start":{"line":239,"column":6},"end":{"line":242,"column":9}},"96":{"start":{"line":256,"column":0},"end":{"line":338,"column":2}},"97":{"start":{"line":258,"column":2},"end":{"line":336,"column":5}},"98":{"start":{"line":261,"column":6},"end":{"line":265,"column":7}},"99":{"start":{"line":262,"column":8},"end":{"line":262,"column":24}},"100":{"start":{"line":264,"column":8},"end":{"line":265,"column":6}},"101":{"start":{"line":269,"column":6},"end":{"line":293,"column":9}},"102":{"start":{"line":270,"column":8},"end":{"line":292,"column":9}},"103":{"start":{"line":271,"column":10},"end":{"line":289,"column":11}},"104":{"start":{"line":272,"column":12},"end":{"line":272,"column":40}},"105":{"start":{"line":273,"column":12},"end":{"line":273,"column":28}},"106":{"start":{"line":276,"column":12},"end":{"line":288,"column":15}},"107":{"start":{"line":277,"column":14},"end":{"line":287,"column":15}},"108":{"start":{"line":278,"column":16},"end":{"line":284,"column":17}},"109":{"start":{"line":280,"column":18},"end":{"line":280,"column":46}},"110":{"start":{"line":281,"column":18},"end":{"line":281,"column":34}},"111":{"start":{"line":283,"column":18},"end":{"line":283,"column":97}},"112":{"start":{"line":286,"column":16},"end":{"line":286,"column":31}},"113":{"start":{"line":291,"column":10},"end":{"line":291,"column":25}},"114":{"start":{"line":298,"column":6},"end":{"line":322,"column":9}},"115":{"start":{"line":299,"column":8},"end":{"line":321,"column":9}},"116":{"start":{"line":300,"column":10},"end":{"line":318,"column":11}},"117":{"start":{"line":301,"column":12},"end":{"line":301,"column":38}},"118":{"start":{"line":302,"column":12},"end":{"line":302,"column":28}},"119":{"start":{"line":305,"column":12},"end":{"line":317,"column":15}},"120":{"start":{"line":306,"column":14},"end":{"line":316,"column":15}},"121":{"start":{"line":307,"column":16},"end":{"line":313,"column":17}},"122":{"start":{"line":309,"column":18},"end":{"line":309,"column":44}},"123":{"start":{"line":310,"column":18},"end":{"line":310,"column":34}},"124":{"start":{"line":312,"column":18},"end":{"line":312,"column":96}},"125":{"start":{"line":315,"column":16},"end":{"line":315,"column":31}},"126":{"start":{"line":320,"column":10},"end":{"line":320,"column":25}},"127":{"start":{"line":326,"column":4},"end":{"line":328,"column":5}},"128":{"start":{"line":327,"column":6},"end":{"line":327,"column":20}},"129":{"start":{"line":330,"column":4},"end":{"line":330,"column":55}},"130":{"start":{"line":331,"column":4},"end":{"line":334,"column":7}},"131":{"start":{"line":332,"column":6},"end":{"line":332,"column":25}},"132":{"start":{"line":340,"column":0},"end":{"line":354,"column":2}},"133":{"start":{"line":341,"column":2},"end":{"line":341,"column":19}},"134":{"start":{"line":342,"column":2},"end":{"line":342,"column":34}},"135":{"start":{"line":343,"column":2},"end":{"line":354,"column":0}},"136":{"start":{"line":344,"column":4},"end":{"line":352,"column":5}},"137":{"start":{"line":345,"column":6},"end":{"line":349,"column":7}},"138":{"start":{"line":346,"column":8},"end":{"line":346,"column":30}},"139":{"start":{"line":348,"column":8},"end":{"line":348,"column":57}},"140":{"start":{"line":351,"column":6},"end":{"line":351,"column":27}},"141":{"start":{"line":365,"column":0},"end":{"line":393,"column":2}},"142":{"start":{"line":368,"column":2},"end":{"line":370,"column":3}},"143":{"start":{"line":369,"column":4},"end":{"line":370,"column":2}},"144":{"start":{"line":372,"column":2},"end":{"line":372,"column":44}},"145":{"start":{"line":375,"column":2},"end":{"line":377,"column":3}},"146":{"start":{"line":376,"column":4},"end":{"line":376,"column":92}},"147":{"start":{"line":379,"column":2},"end":{"line":392,"column":7}},"148":{"start":{"line":382,"column":6},"end":{"line":390,"column":7}},"149":{"start":{"line":383,"column":8},"end":{"line":387,"column":9}},"150":{"start":{"line":384,"column":10},"end":{"line":384,"column":26}},"151":{"start":{"line":386,"column":10},"end":{"line":386,"column":32}},"152":{"start":{"line":389,"column":8},"end":{"line":389,"column":29}},"153":{"start":{"line":395,"column":0},"end":{"line":395,"column":46}},"154":{"start":{"line":397,"column":0},"end":{"line":397,"column":22}}},"branchMap":{"1":{"line":48,"type":"if","locations":[{"start":{"line":48,"column":6},"end":{"line":48,"column":6}},{"start":{"line":48,"column":6},"end":{"line":48,"column":6}}]},"2":{"line":49,"type":"if","locations":[{"start":{"line":49,"column":8},"end":{"line":49,"column":8}},{"start":{"line":49,"column":8},"end":{"line":49,"column":8}}]},"3":{"line":51,"type":"if","locations":[{"start":{"line":51,"column":10},"end":{"line":51,"column":10}},{"start":{"line":51,"column":10},"end":{"line":51,"column":10}}]},"4":{"line":71,"type":"if","locations":[{"start":{"line":71,"column":2},"end":{"line":71,"column":2}},{"start":{"line":71,"column":2},"end":{"line":71,"column":2}}]},"5":{"line":73,"type":"if","locations":[{"start":{"line":73,"column":6},"end":{"line":73,"column":6}},{"start":{"line":73,"column":6},"end":{"line":73,"column":6}}]},"6":{"line":87,"type":"if","locations":[{"start":{"line":87,"column":2},"end":{"line":87,"column":2}},{"start":{"line":87,"column":2},"end":{"line":87,"column":2}}]},"7":{"line":100,"type":"if","locations":[{"start":{"line":100,"column":8},"end":{"line":100,"column":8}},{"start":{"line":100,"column":8},"end":{"line":100,"column":8}}]},"8":{"line":117,"type":"if","locations":[{"start":{"line":117,"column":6},"end":{"line":117,"column":6}},{"start":{"line":117,"column":6},"end":{"line":117,"column":6}}]},"9":{"line":118,"type":"if","locations":[{"start":{"line":118,"column":8},"end":{"line":118,"column":8}},{"start":{"line":118,"column":8},"end":{"line":118,"column":8}}]},"10":{"line":121,"type":"if","locations":[{"start":{"line":121,"column":11},"end":{"line":121,"column":11}},{"start":{"line":121,"column":11},"end":{"line":121,"column":11}}]},"11":{"line":122,"type":"if","locations":[{"start":{"line":122,"column":13},"end":{"line":122,"column":13}},{"start":{"line":122,"column":13},"end":{"line":122,"column":13}}]},"12":{"line":149,"type":"if","locations":[{"start":{"line":149,"column":4},"end":{"line":149,"column":4}},{"start":{"line":149,"column":4},"end":{"line":149,"column":4}}]},"13":{"line":162,"type":"if","locations":[{"start":{"line":162,"column":4},"end":{"line":162,"column":4}},{"start":{"line":162,"column":4},"end":{"line":162,"column":4}}]},"14":{"line":163,"type":"if","locations":[{"start":{"line":163,"column":6},"end":{"line":163,"column":6}},{"start":{"line":163,"column":6},"end":{"line":163,"column":6}}]},"15":{"line":183,"type":"if","locations":[{"start":{"line":183,"column":2},"end":{"line":183,"column":2}},{"start":{"line":183,"column":2},"end":{"line":183,"column":2}}]},"16":{"line":183,"type":"binary-expr","locations":[{"start":{"line":183,"column":6},"end":{"line":183,"column":20}},{"start":{"line":183,"column":24},"end":{"line":183,"column":40}}]},"17":{"line":195,"type":"if","locations":[{"start":{"line":195,"column":4},"end":{"line":195,"column":4}},{"start":{"line":195,"column":4},"end":{"line":195,"column":4}}]},"18":{"line":195,"type":"binary-expr","locations":[{"start":{"line":195,"column":8},"end":{"line":195,"column":12}},{"start":{"line":195,"column":16},"end":{"line":195,"column":28}}]},"19":{"line":197,"type":"if","locations":[{"start":{"line":197,"column":8},"end":{"line":197,"column":8}},{"start":{"line":197,"column":8},"end":{"line":197,"column":8}}]},"20":{"line":197,"type":"binary-expr","locations":[{"start":{"line":197,"column":12},"end":{"line":197,"column":35}},{"start":{"line":197,"column":39},"end":{"line":197,"column":55}}]},"21":{"line":209,"type":"if","locations":[{"start":{"line":209,"column":11},"end":{"line":209,"column":11}},{"start":{"line":209,"column":11},"end":{"line":209,"column":11}}]},"22":{"line":218,"type":"if","locations":[{"start":{"line":218,"column":2},"end":{"line":218,"column":2}},{"start":{"line":218,"column":2},"end":{"line":218,"column":2}}]},"23":{"line":218,"type":"binary-expr","locations":[{"start":{"line":218,"column":6},"end":{"line":218,"column":21}},{"start":{"line":218,"column":25},"end":{"line":218,"column":43}}]},"24":{"line":227,"type":"if","locations":[{"start":{"line":227,"column":4},"end":{"line":227,"column":4}},{"start":{"line":227,"column":4},"end":{"line":227,"column":4}}]},"25":{"line":227,"type":"binary-expr","locations":[{"start":{"line":227,"column":8},"end":{"line":227,"column":12}},{"start":{"line":227,"column":16},"end":{"line":227,"column":20}}]},"26":{"line":229,"type":"if","locations":[{"start":{"line":229,"column":6},"end":{"line":229,"column":6}},{"start":{"line":229,"column":6},"end":{"line":229,"column":6}}]},"27":{"line":235,"type":"if","locations":[{"start":{"line":235,"column":11},"end":{"line":235,"column":11}},{"start":{"line":235,"column":11},"end":{"line":235,"column":11}}]},"28":{"line":235,"type":"binary-expr","locations":[{"start":{"line":235,"column":15},"end":{"line":235,"column":19}},{"start":{"line":235,"column":23},"end":{"line":235,"column":28}}]},"29":{"line":261,"type":"if","locations":[{"start":{"line":261,"column":6},"end":{"line":261,"column":6}},{"start":{"line":261,"column":6},"end":{"line":261,"column":6}}]},"30":{"line":261,"type":"binary-expr","locations":[{"start":{"line":261,"column":10},"end":{"line":261,"column":25}},{"start":{"line":261,"column":29},"end":{"line":261,"column":43}}]},"31":{"line":270,"type":"if","locations":[{"start":{"line":270,"column":8},"end":{"line":270,"column":8}},{"start":{"line":270,"column":8},"end":{"line":270,"column":8}}]},"32":{"line":271,"type":"if","locations":[{"start":{"line":271,"column":10},"end":{"line":271,"column":10}},{"start":{"line":271,"column":10},"end":{"line":271,"column":10}}]},"33":{"line":277,"type":"if","locations":[{"start":{"line":277,"column":14},"end":{"line":277,"column":14}},{"start":{"line":277,"column":14},"end":{"line":277,"column":14}}]},"34":{"line":278,"type":"if","locations":[{"start":{"line":278,"column":16},"end":{"line":278,"column":16}},{"start":{"line":278,"column":16},"end":{"line":278,"column":16}}]},"35":{"line":299,"type":"if","locations":[{"start":{"line":299,"column":8},"end":{"line":299,"column":8}},{"start":{"line":299,"column":8},"end":{"line":299,"column":8}}]},"36":{"line":300,"type":"if","locations":[{"start":{"line":300,"column":10},"end":{"line":300,"column":10}},{"start":{"line":300,"column":10},"end":{"line":300,"column":10}}]},"37":{"line":306,"type":"if","locations":[{"start":{"line":306,"column":14},"end":{"line":306,"column":14}},{"start":{"line":306,"column":14},"end":{"line":306,"column":14}}]},"38":{"line":307,"type":"if","locations":[{"start":{"line":307,"column":16},"end":{"line":307,"column":16}},{"start":{"line":307,"column":16},"end":{"line":307,"column":16}}]},"39":{"line":326,"type":"if","locations":[{"start":{"line":326,"column":4},"end":{"line":326,"column":4}},{"start":{"line":326,"column":4},"end":{"line":326,"column":4}}]},"40":{"line":344,"type":"if","locations":[{"start":{"line":344,"column":4},"end":{"line":344,"column":4}},{"start":{"line":344,"column":4},"end":{"line":344,"column":4}}]},"41":{"line":345,"type":"if","locations":[{"start":{"line":345,"column":6},"end":{"line":345,"column":6}},{"start":{"line":345,"column":6},"end":{"line":345,"column":6}}]},"42":{"line":368,"type":"if","locations":[{"start":{"line":368,"column":2},"end":{"line":368,"column":2}},{"start":{"line":368,"column":2},"end":{"line":368,"column":2}}]},"43":{"line":368,"type":"binary-expr","locations":[{"start":{"line":368,"column":6},"end":{"line":368,"column":14}},{"start":{"line":368,"column":18},"end":{"line":368,"column":31}}]},"44":{"line":375,"type":"if","locations":[{"start":{"line":375,"column":2},"end":{"line":375,"column":2}},{"start":{"line":375,"column":2},"end":{"line":375,"column":2}}]},"45":{"line":375,"type":"binary-expr","locations":[{"start":{"line":375,"column":24},"end":{"line":375,"column":34}},{"start":{"line":375,"column":38},"end":{"line":375,"column":47}}]},"46":{"line":382,"type":"if","locations":[{"start":{"line":382,"column":6},"end":{"line":382,"column":6}},{"start":{"line":382,"column":6},"end":{"line":382,"column":6}}]},"47":{"line":383,"type":"if","locations":[{"start":{"line":383,"column":8},"end":{"line":383,"column":8}},{"start":{"line":383,"column":8},"end":{"line":383,"column":8}}]}}},"/Users/avi/Documents/CodeHatcher/Code/quippics/apn/apn.js":{"path":"/Users/avi/Documents/CodeHatcher/Code/quippics/apn/apn.js","s":{"1":1,"2":1,"3":1,"4":1,"5":1,"6":0,"7":0,"8":1,"9":1,"10":1,"11":1,"12":1,"13":0,"14":0,"15":0,"16":0,"17":1,"18":1,"19":1,"20":1,"21":1,"22":0,"23":0,"24":1,"25":0,"26":1,"27":1,"28":1,"29":6,"30":6,"31":6,"32":6,"33":1,"34":0,"35":0,"36":0,"37":0,"38":0,"39":0,"40":0,"41":0,"42":1,"43":1,"44":0,"45":0,"46":1,"47":0,"48":0,"49":1,"50":1,"51":0,"52":0,"53":0,"54":0,"55":0},"b":{"1":[0,1],"2":[1,0],"3":[0,1],"4":[1,0],"5":[0,1],"6":[1,0],"7":[0,0],"8":[0,0],"9":[0,0],"10":[0,0],"11":[0,1],"12":[1,0],"13":[0,1],"14":[0,0]},"f":{"1":1,"2":6,"3":0,"4":1,"5":0,"6":0},"fnMap":{"1":{"name":"(anonymous_1)","line":43,"loc":{"start":{"line":43,"column":10},"end":{"line":43,"column":23}}},"2":{"name":"(anonymous_2)","line":59,"loc":{"start":{"line":59,"column":25},"end":{"line":59,"column":40}}},"3":{"name":"(anonymous_3)","line":66,"loc":{"start":{"line":66,"column":26},"end":{"line":66,"column":44}}},"4":{"name":"(anonymous_4)","line":84,"loc":{"start":{"line":84,"column":17},"end":{"line":84,"column":32}}},"5":{"name":"(anonymous_5)","line":96,"loc":{"start":{"line":96,"column":13},"end":{"line":96,"column":46}}},"6":{"name":"(anonymous_6)","line":98,"loc":{"start":{"line":98,"column":65},"end":{"line":98,"column":78}}}},"statementMap":{"1":{"start":{"line":1,"column":0},"end":{"line":1,"column":35}},"2":{"start":{"line":2,"column":0},"end":{"line":2,"column":40}},"3":{"start":{"line":3,"column":0},"end":{"line":3,"column":27}},"4":{"start":{"line":4,"column":0},"end":{"line":4,"column":42}},"5":{"start":{"line":7,"column":0},"end":{"line":31,"column":1}},"6":{"start":{"line":8,"column":2},"end":{"line":8,"column":52}},"7":{"start":{"line":9,"column":2},"end":{"line":9,"column":41}},"8":{"start":{"line":10,"column":7},"end":{"line":31,"column":1}},"9":{"start":{"line":11,"column":2},"end":{"line":11,"column":56}},"10":{"start":{"line":12,"column":2},"end":{"line":12,"column":26}},"11":{"start":{"line":13,"column":2},"end":{"line":13,"column":45}},"12":{"start":{"line":14,"column":2},"end":{"line":16,"column":25}},"13":{"start":{"line":27,"column":2},"end":{"line":27,"column":52}},"14":{"start":{"line":28,"column":2},"end":{"line":28,"column":26}},"15":{"start":{"line":29,"column":2},"end":{"line":29,"column":41}},"16":{"start":{"line":30,"column":2},"end":{"line":30,"column":29}},"17":{"start":{"line":34,"column":0},"end":{"line":34,"column":31}},"18":{"start":{"line":37,"column":0},"end":{"line":38,"column":59}},"19":{"start":{"line":39,"column":1},"end":{"line":39,"column":68}},"20":{"start":{"line":42,"column":0},"end":{"line":57,"column":3}},"21":{"start":{"line":45,"column":2},"end":{"line":56,"column":3}},"22":{"start":{"line":46,"column":4},"end":{"line":46,"column":57}},"23":{"start":{"line":47,"column":4},"end":{"line":47,"column":20}},"24":{"start":{"line":49,"column":7},"end":{"line":56,"column":3}},"25":{"start":{"line":51,"column":4},"end":{"line":51,"column":14}},"26":{"start":{"line":54,"column":4},"end":{"line":54,"column":66}},"27":{"start":{"line":55,"column":4},"end":{"line":55,"column":56}},"28":{"start":{"line":59,"column":0},"end":{"line":64,"column":3}},"29":{"start":{"line":60,"column":2},"end":{"line":60,"column":52}},"30":{"start":{"line":61,"column":2},"end":{"line":61,"column":30}},"31":{"start":{"line":62,"column":2},"end":{"line":62,"column":64}},"32":{"start":{"line":63,"column":2},"end":{"line":63,"column":52}},"33":{"start":{"line":66,"column":0},"end":{"line":82,"column":3}},"34":{"start":{"line":67,"column":2},"end":{"line":81,"column":3}},"35":{"start":{"line":68,"column":4},"end":{"line":80,"column":5}},"36":{"start":{"line":69,"column":6},"end":{"line":69,"column":77}},"37":{"start":{"line":70,"column":11},"end":{"line":80,"column":5}},"38":{"start":{"line":73,"column":6},"end":{"line":73,"column":55}},"39":{"start":{"line":74,"column":11},"end":{"line":80,"column":5}},"40":{"start":{"line":76,"column":6},"end":{"line":76,"column":73}},"41":{"start":{"line":79,"column":6},"end":{"line":79,"column":88}},"42":{"start":{"line":84,"column":0},"end":{"line":94,"column":3}},"43":{"start":{"line":85,"column":2},"end":{"line":93,"column":3}},"44":{"start":{"line":86,"column":4},"end":{"line":86,"column":72}},"45":{"start":{"line":87,"column":4},"end":{"line":87,"column":31}},"46":{"start":{"line":88,"column":9},"end":{"line":93,"column":3}},"47":{"start":{"line":89,"column":4},"end":{"line":89,"column":72}},"48":{"start":{"line":90,"column":4},"end":{"line":90,"column":14}},"49":{"start":{"line":92,"column":4},"end":{"line":92,"column":54}},"50":{"start":{"line":96,"column":0},"end":{"line":104,"column":3}},"51":{"start":{"line":97,"column":2},"end":{"line":97,"column":85}},"52":{"start":{"line":98,"column":2},"end":{"line":102,"column":5}},"53":{"start":{"line":99,"column":4},"end":{"line":101,"column":5}},"54":{"start":{"line":100,"column":6},"end":{"line":100,"column":65}},"55":{"start":{"line":103,"column":2},"end":{"line":103,"column":9}}},"branchMap":{"1":{"line":7,"type":"if","locations":[{"start":{"line":7,"column":0},"end":{"line":7,"column":0}},{"start":{"line":7,"column":0},"end":{"line":7,"column":0}}]},"2":{"line":10,"type":"if","locations":[{"start":{"line":10,"column":7},"end":{"line":10,"column":7}},{"start":{"line":10,"column":7},"end":{"line":10,"column":7}}]},"3":{"line":45,"type":"if","locations":[{"start":{"line":45,"column":2},"end":{"line":45,"column":2}},{"start":{"line":45,"column":2},"end":{"line":45,"column":2}}]},"4":{"line":45,"type":"binary-expr","locations":[{"start":{"line":45,"column":6},"end":{"line":45,"column":9}},{"start":{"line":45,"column":13},"end":{"line":45,"column":53}}]},"5":{"line":49,"type":"if","locations":[{"start":{"line":49,"column":7},"end":{"line":49,"column":7}},{"start":{"line":49,"column":7},"end":{"line":49,"column":7}}]},"6":{"line":54,"type":"cond-expr","locations":[{"start":{"line":54,"column":41},"end":{"line":54,"column":50}},{"start":{"line":54,"column":53},"end":{"line":54,"column":65}}]},"7":{"line":67,"type":"if","locations":[{"start":{"line":67,"column":2},"end":{"line":67,"column":2}},{"start":{"line":67,"column":2},"end":{"line":67,"column":2}}]},"8":{"line":68,"type":"if","locations":[{"start":{"line":68,"column":4},"end":{"line":68,"column":4}},{"start":{"line":68,"column":4},"end":{"line":68,"column":4}}]},"9":{"line":70,"type":"if","locations":[{"start":{"line":70,"column":11},"end":{"line":70,"column":11}},{"start":{"line":70,"column":11},"end":{"line":70,"column":11}}]},"10":{"line":74,"type":"if","locations":[{"start":{"line":74,"column":11},"end":{"line":74,"column":11}},{"start":{"line":74,"column":11},"end":{"line":74,"column":11}}]},"11":{"line":85,"type":"if","locations":[{"start":{"line":85,"column":2},"end":{"line":85,"column":2}},{"start":{"line":85,"column":2},"end":{"line":85,"column":2}}]},"12":{"line":85,"type":"binary-expr","locations":[{"start":{"line":85,"column":6},"end":{"line":85,"column":9}},{"start":{"line":85,"column":13},"end":{"line":85,"column":54}}]},"13":{"line":88,"type":"if","locations":[{"start":{"line":88,"column":9},"end":{"line":88,"column":9}},{"start":{"line":88,"column":9},"end":{"line":88,"column":9}}]},"14":{"line":99,"type":"if","locations":[{"start":{"line":99,"column":4},"end":{"line":99,"column":4}},{"start":{"line":99,"column":4},"end":{"line":99,"column":4}}]}}},"/Users/avi/Documents/CodeHatcher/Code/quippics/conf/config.js":{"path":"/Users/avi/Documents/CodeHatcher/Code/quippics/conf/config.js","s":{"1":1,"2":1,"3":1,"4":1,"5":1,"6":0,"7":0,"8":0,"9":0},"b":{"1":[0,1,1,0,0,0,0,0,0,0]},"f":{"1":1},"fnMap":{"1":{"name":"(anonymous_1)","line":3,"loc":{"start":{"line":3,"column":17},"end":{"line":3,"column":27}}}},"statementMap":{"1":{"start":{"line":1,"column":0},"end":{"line":1,"column":41}},"2":{"start":{"line":3,"column":0},"end":{"line":48,"column":4}},"3":{"start":{"line":4,"column":2},"end":{"line":4,"column":60}},"4":{"start":{"line":6,"column":2},"end":{"line":47,"column":3}},"5":{"start":{"line":10,"column":6},"end":{"line":16,"column":8}},"6":{"start":{"line":19,"column":6},"end":{"line":25,"column":8}},"7":{"start":{"line":28,"column":6},"end":{"line":34,"column":8}},"8":{"start":{"line":37,"column":6},"end":{"line":43,"column":8}},"9":{"start":{"line":45,"column":6},"end":{"line":45,"column":46}}},"branchMap":{"1":{"line":6,"type":"switch","locations":[{"start":{"line":7,"column":4},"end":{"line":7,"column":14}},{"start":{"line":8,"column":4},"end":{"line":8,"column":19}},{"start":{"line":9,"column":4},"end":{"line":16,"column":8}},{"start":{"line":17,"column":4},"end":{"line":17,"column":15}},{"start":{"line":18,"column":4},"end":{"line":25,"column":8}},{"start":{"line":26,"column":4},"end":{"line":26,"column":16}},{"start":{"line":27,"column":4},"end":{"line":34,"column":8}},{"start":{"line":35,"column":4},"end":{"line":35,"column":16}},{"start":{"line":36,"column":4},"end":{"line":43,"column":8}},{"start":{"line":44,"column":4},"end":{"line":45,"column":46}}]}}},"/Users/avi/Documents/CodeHatcher/Code/quippics/routes/challenges.js":{"path":"/Users/avi/Documents/CodeHatcher/Code/quippics/routes/challenges.js","s":{"1":1,"2":1,"3":1,"4":1,"5":1,"6":1,"7":1,"8":1,"9":1,"10":0,"11":1,"12":1,"13":1,"14":1,"15":0,"16":0,"17":1,"18":2,"19":2,"20":0,"21":2,"22":2,"23":2,"24":2,"25":0,"26":0,"27":0,"28":2,"29":2,"30":2,"31":0,"32":0,"33":0,"34":2,"35":2,"36":0,"37":1,"38":1,"39":0,"40":1,"41":1,"42":1,"43":0,"44":0,"45":0,"46":0,"47":1,"48":2,"49":0,"50":2,"51":2,"52":2,"53":0,"54":0,"55":0,"56":0,"57":1,"58":1,"59":0,"60":1,"61":1,"62":1,"63":0,"64":0,"65":0,"66":0,"67":1,"68":4,"69":0,"70":4,"71":4,"72":4,"73":4,"74":2,"75":2,"76":2,"77":2,"78":0,"79":1,"80":6,"81":6,"82":0,"83":6,"84":6,"85":6,"86":6,"87":8,"88":8,"89":4,"90":4,"91":8,"92":6,"93":0,"94":0,"95":1,"96":6,"97":0,"98":6,"99":6,"100":6,"101":12,"102":6,"103":6,"104":6,"105":6,"106":6,"107":0,"108":0},"b":{"1":[0,1],"2":[1,0],"3":[1,0],"4":[2,0],"5":[0,2],"6":[2,2],"7":[2,0],"8":[2,2],"9":[0,0],"10":[2,0],"11":[2,2],"12":[0,0],"13":[2,0],"14":[2,2],"15":[0,1],"16":[1,1],"17":[1,0],"18":[1,1],"19":[0,0],"20":[0,2],"21":[2,2],"22":[2,0],"23":[2,2],"24":[0,0],"25":[0,1],"26":[1,1],"27":[1,0],"28":[1,1],"29":[0,0],"30":[0,4],"31":[4,4],"32":[4,0],"33":[4,0],"34":[2,2],"35":[4,4],"36":[6,0],"37":[0,6],"38":[6,6],"39":[6,0],"40":[6,0],"41":[6,6],"42":[4,4],"43":[0,6],"44":[6,6,6],"45":[6,0],"46":[6,0],"47":[6,0]},"f":{"1":1,"2":1,"3":2,"4":2,"5":2,"6":2,"7":2,"8":2,"9":1,"10":1,"11":2,"12":2,"13":1,"14":1,"15":4,"16":4,"17":2,"18":6,"19":6,"20":8,"21":6,"22":12,"23":6},"fnMap":{"1":{"name":"(anonymous_1)","line":10,"loc":{"start":{"line":10,"column":15},"end":{"line":10,"column":33}}},"2":{"name":"(anonymous_2)","line":16,"loc":{"start":{"line":16,"column":8},"end":{"line":16,"column":32}}},"3":{"name":"(anonymous_3)","line":29,"loc":{"start":{"line":29,"column":20},"end":{"line":29,"column":38}}},"4":{"name":"(anonymous_4)","line":36,"loc":{"start":{"line":36,"column":4},"end":{"line":36,"column":16}}},"5":{"name":"(anonymous_5)","line":48,"loc":{"start":{"line":48,"column":12},"end":{"line":48,"column":32}}},"6":{"name":"(anonymous_6)","line":58,"loc":{"start":{"line":58,"column":4},"end":{"line":58,"column":23}}},"7":{"name":"(anonymous_7)","line":63,"loc":{"start":{"line":63,"column":9},"end":{"line":63,"column":32}}},"8":{"name":"(anonymous_8)","line":74,"loc":{"start":{"line":74,"column":4},"end":{"line":74,"column":26}}},"9":{"name":"(anonymous_9)","line":83,"loc":{"start":{"line":83,"column":24},"end":{"line":83,"column":42}}},"10":{"name":"(anonymous_10)","line":101,"loc":{"start":{"line":101,"column":4},"end":{"line":101,"column":30}}},"11":{"name":"(anonymous_11)","line":113,"loc":{"start":{"line":113,"column":27},"end":{"line":113,"column":45}}},"12":{"name":"(anonymous_12)","line":131,"loc":{"start":{"line":131,"column":4},"end":{"line":131,"column":30}}},"13":{"name":"(anonymous_13)",
[...]
:[1,0],"10":[0,2],"11":[2,2],"12":[2,0],"13":[2,2],"14":[0,0]},"f":{"1":1,"2":1,"3":1,"4":1,"5":1,"6":1,"7":2,"8":2},"fnMap":{"1":{"name":"(anonymous_1)","line":9,"loc":{"start":{"line":9,"column":27},"end":{"line":9,"column":45}}},"2":{"name":"(anonymous_2)","line":17,"loc":{"start":{"line":17,"column":2},"end":{"line":17,"column":14}}},"3":{"name":"(anonymous_3)","line":22,"loc":{"start":{"line":22,"column":10},"end":{"line":22,"column":29}}},"4":{"name":"(anonymous_4)","line":32,"loc":{"start":{"line":32,"column":2},"end":{"line":32,"column":19}}},"5":{"name":"(anonymous_5)","line":60,"loc":{"start":{"line":60,"column":10},"end":{"line":60,"column":35}}},"6":{"name":"(anonymous_6)","line":70,"loc":{"start":{"line":70,"column":5},"end":{"line":70,"column":30}}},"7":{"name":"(anonymous_7)","line":79,"loc":{"start":{"line":79,"column":23},"end":{"line":79,"column":41}}},"8":{"name":"(anonymous_8)","line":112,"loc":{"start":{"line":112,"column":8},"end":{"line":112,"column":33}}}},"statementMap":{"1":{"start":{"line":1,"column":0},"end":{"line":1,"column":48}},"2":{"start":{"line":2,"column":0},"end":{"line":2,"column":40}},"3":{"start":{"line":3,"column":0},"end":{"line":3,"column":29}},"4":{"start":{"line":4,"column":0},"end":{"line":4,"column":37}},"5":{"start":{"line":5,"column":0},"end":{"line":5,"column":51}},"6":{"start":{"line":6,"column":0},"end":{"line":6,"column":17}},"7":{"start":{"line":9,"column":0},"end":{"line":77,"column":2}},"8":{"start":{"line":10,"column":2},"end":{"line":14,"column":3}},"9":{"start":{"line":13,"column":4},"end":{"line":13,"column":59}},"10":{"start":{"line":16,"column":2},"end":{"line":76,"column":5}},"11":{"start":{"line":19,"column":4},"end":{"line":30,"column":7}},"12":{"start":{"line":23,"column":6},"end":{"line":29,"column":7}},"13":{"start":{"line":24,"column":8},"end":{"line":24,"column":23}},"14":{"start":{"line":25,"column":13},"end":{"line":29,"column":7}},"15":{"start":{"line":26,"column":8},"end":{"line":26,"column":47}},"16":{"start":{"line":28,"column":8},"end":{"line":28,"column":16}},"17":{"start":{"line":34,"column":4},"end":{"line":68,"column":7}},"18":{"start":{"line":61,"column":6},"end":{"line":67,"column":7}},"19":{"start":{"line":62,"column":8},"end":{"line":62,"column":29}},"20":{"start":{"line":63,"column":13},"end":{"line":67,"column":7}},"21":{"start":{"line":64,"column":8},"end":{"line":64,"column":72}},"22":{"start":{"line":66,"column":8},"end":{"line":66,"column":16}},"23":{"start":{"line":71,"column":4},"end":{"line":75,"column":5}},"24":{"start":{"line":72,"column":6},"end":{"line":72,"column":39}},"25":{"start":{"line":74,"column":6},"end":{"line":74,"column":32}},"26":{"start":{"line":79,"column":0},"end":{"line":121,"column":2}},"27":{"start":{"line":81,"column":2},"end":{"line":85,"column":3}},"28":{"start":{"line":84,"column":4},"end":{"line":84,"column":59}},"29":{"start":{"line":86,"column":2},"end":{"line":120,"column":5}},"30":{"start":{"line":113,"column":4},"end":{"line":119,"column":5}},"31":{"start":{"line":114,"column":6},"end":{"line":114,"column":39}},"32":{"start":{"line":115,"column":11},"end":{"line":119,"column":5}},"33":{"start":{"line":116,"column":6},"end":{"line":116,"column":77}},"34":{"start":{"line":118,"column":6},"end":{"line":118,"column":32}}},"branchMap":{"1":{"line":10,"type":"if","locations":[{"start":{"line":10,"column":2},"end":{"line":10,"column":2}},{"start":{"line":10,"column":2},"end":{"line":10,"column":2}}]},"2":{"line":10,"type":"binary-expr","locations":[{"start":{"line":10,"column":6},"end":{"line":10,"column":43}},{"start":{"line":11,"column":6},"end":{"line":11,"column":33}}]},"3":{"line":23,"type":"if","locations":[{"start":{"line":23,"column":6},"end":{"line":23,"column":6}},{"start":{"line":23,"column":6},"end":{"line":23,"column":6}}]},"4":{"line":23,"type":"binary-expr","locations":[{"start":{"line":23,"column":10},"end":{"line":23,"column":14}},{"start":{"line":23,"column":18},"end":{"line":23,"column":22}}]},"5":{"line":25,"type":"if","locations":[{"start":{"line":25,"column":13},"end":{"line":25,"column":13}},{"start":{"line":25,"column":13},"end":{"line":25,"column":13}}]},"6":{"line":61,"type":"if","locations":[{"start":{"line":61,"column":6},"end":{"line":61,"column":6}},{"start":{"line":61,"column":6},"end":{"line":61,"column":6}}]},"7":{"line":61,"type":"binary-expr","locations":[{"start":{"line":61,"column":10},"end":{"line":61,"column":14}},{"start":{"line":61,"column":18},"end":{"line":61,"column":35}}]},"8":{"line":63,"type":"if","locations":[{"start":{"line":63,"column":13},"end":{"line":63,"column":13}},{"start":{"line":63,"column":13},"end":{"line":63,"column":13}}]},"9":{"line":71,"type":"if","locations":[{"start":{"line":71,"column":4},"end":{"line":71,"column":4}},{"start":{"line":71,"column":4},"end":{"line":71,"column":4}}]},"10":{"line":81,"type":"if","locations":[{"start":{"line":81,"column":2},"end":{"line":81,"column":2}},{"start":{"line":81,"column":2},"end":{"line":81,"column":2}}]},"11":{"line":81,"type":"binary-expr","locations":[{"start":{"line":81,"column":6},"end":{"line":81,"column":43}},{"start":{"line":82,"column":6},"end":{"line":82,"column":33}}]},"12":{"line":113,"type":"if","locations":[{"start":{"line":113,"column":4},"end":{"line":113,"column":4}},{"start":{"line":113,"column":4},"end":{"line":113,"column":4}}]},"13":{"line":113,"type":"binary-expr","locations":[{"start":{"line":113,"column":8},"end":{"line":113,"column":12}},{"start":{"line":113,"column":16},"end":{"line":113,"column":33}}]},"14":{"line":115,"type":"if","locations":[{"start":{"line":115,"column":11},"end":{"line":115,"column":11}},{"start":{"line":115,"column":11},"end":{"line":115,"column":11}}]}}},"/Users/avi/Documents/CodeHatcher/Code/quippics/models/activity.js":{"path":"/Users/avi/Documents/CodeHatcher/Code/quippics/models/activity.js","s":{"1":1,"2":1,"3":1,"4":10,"5":2,"6":2,"7":3,"8":3,"9":1,"10":14,"11":14,"12":14,"13":14,"14":1,"15":5,"16":5,"17":5,"18":5,"19":5,"20":5,"21":5,"22":1,"23":6,"24":6,"25":6,"26":6,"27":6,"28":1,"29":1,"30":1,"31":1,"32":1,"33":1,"34":1,"35":1,"36":1,"37":2,"38":2,"39":2,"40":2,"41":2,"42":2,"43":2,"44":2,"45":2,"46":2,"47":1,"48":1},"b":{"1":[2,2,3,3],"2":[14,11],"3":[14,0]},"f":{"1":10,"2":14,"3":5,"4":6,"5":1,"6":2,"7":2},"fnMap":{"1":{"name":"(anonymous_1)","line":40,"loc":{"start":{"line":40,"column":39},"end":{"line":40,"column":49}}},"2":{"name":"(anonymous_2)","line":59,"loc":{"start":{"line":59,"column":32},"end":{"line":59,"column":47}}},"3":{"name":"(anonymous_3)","line":75,"loc":{"start":{"line":75,"column":42},"end":{"line":75,"column":63}}},"4":{"name":"(anonymous_4)","line":87,"loc":{"start":{"line":87,"column":41},"end":{"line":87,"column":60}}},"5":{"name":"(anonymous_5)","line":99,"loc":{"start":{"line":99,"column":39},"end":{"line":99,"column":56}}},"6":{"name":"(anonymous_6)","line":111,"loc":{"start":{"line":111,"column":38},"end":{"line":111,"column":54}}},"7":{"name":"(anonymous_7)","line":116,"loc":{"start":{"line":116,"column":66},"end":{"line":116,"column":90}}}},"statementMap":{"1":{"start":{"line":1,"column":0},"end":{"line":1,"column":35}},"2":{"start":{"line":8,"column":0},"end":{"line":29,"column":3}},"3":{"start":{"line":40,"column":0},"end":{"line":55,"column":3}},"4":{"start":{"line":41,"column":2},"end":{"line":54,"column":5}},"5":{"start":{"line":43,"column":6},"end":{"line":43,"column":102}},"6":{"start":{"line":46,"column":6},"end":{"line":46,"column":97}},"7":{"start":{"line":49,"column":6},"end":{"line":49,"column":92}},"8":{"start":{"line":52,"column":6},"end":{"line":52,"column":156}},"9":{"start":{"line":59,"column":0},"end":{"line":73,"column":2}},"10":{"start":{"line":61,"column":2},"end":{"line":61,"column":65}},"11":{"start":{"line":63,"column":2},"end":{"line":68,"column":4}},"12":{"start":{"line":70,"column":2},"end":{"line":72,"column":3}},"13":{"start":{"line":71,"column":4},"end":{"line":71,"column":36}},"14":{"start":{"line":75,"column":0},"end":{"line":84,"column":2}},"15":{"start":{"line":76,"column":2},"end":{"line":76,"column":28}},"16":{"start":{"line":77,"column":2},"end":{"line":77,"column":36}},"17":{"start":{"line":78,"column":2},"end":{"line":78,"column":45}},"18":{"start":{"line":79,"column":2},"end":{"line":79,"column":47}},"19":{"start":{"line":81,"column":2},"end":{"line":81,"column":50}},"20":{"start":{"line":82,"column":2},"end":{"line":82,"column":55}},"21":{"start":{"line":83,"column":2},"end":{"line":83,"column":18}},"22":{"start":{"line":87,"column":0},"end":{"line":96,"column":2}},"23":{"start":{"line":88,"column":2},"end":{"line":88,"column":28}},"24":{"start":{"line":89,"column":2},"end":{"line":89,"column":35}},"25":{"start":{"line":92,"column":2},"end":{"line":92,"column":46}},"26":{"start":{"line":94,"column":2},"end":{"line":94,"column":47}},"27":{"start":{"line":95,"column":2},"end":{"line":95,"column":18}},"28":{"start":{"line":99,"column":0},"end":{"line":108,"column":2}},"29":{"start":{"line":100,"column":2},"end":{"line":100,"column":28}},"30":{"start":{"line":101,"column":2},"end":{"line":101,"column":39}},"31":{"start":{"line":102,"column":2},"end":{"line":102,"column":43}},"32":{"start":{"line":103,"column":2},"end":{"line":103,"column":33}},"33":{"start":{"line":105,"column":2},"end":{"line":105,"column":44}},"34":{"start":{"line":106,"column":2},"end":{"line":106,"column":55}},"35":{"start":{"line":107,"column":2},"end":{"line":107,"column":18}},"36":{"start":{"line":111,"column":0},"end":{"line":129,"column":2}},"37":{"start":{"line":112,"column":2},"end":{"line":112,"column":28}},"38":{"start":{"line":115,"column":2},"end":{"line":115,"column":52}},"39":{"start":{"line":116,"column":2},"end":{"line":128,"column":5}},"40":{"start":{"line":117,"column":4},"end":{"line":117,"column":50}},"41":{"start":{"line":118,"column":4},"end":{"line":118,"column":34}},"42":{"start":{"line":119,"column":4},"end":{"line":119,"column":34}},"43":{"start":{"line":120,"column":4},"end":{"line":120,"column":36}},"44":{"start":{"line":121,"column":4},"end":{"line":121,"column":44}},"45":{"start":{"line":126,"column":4},"end":{"line":126,"column":56}},"46":{"start":{"line":127,"column":4},"end":{"line":127,"column":20}},"47":{"start":{"line":132,"column":0},"end":{"line":132,"column":58}},"48":{"start":{"line":135,"column":0},"end":{"line":135,"column":26}}},"branchMap":{"1":{"line":41,"type":"switch","locations":[{"start":{"line":42,"column":4},"end":{"line":43,"column":102}},{"start":{"line":45,"column":4},"end":{"line":46,"column":97}},{"start":{"line":48,"column":4},"end":{"line":49,"column":92}},{"start":{"line":51,"column":4},"end":{"line":52,"column":156}}]},"2":{"line":61,"type":"binary-expr","locations":[{"start":{"line":61,"column":18},"end":{"line":61,"column":33}},{"start":{"line":61,"column":37},"end":{"line":61,"column":64}}]},"3":{"line":70,"type":"if","locations":[{"start":{"line":70,"column":2},"end":{"line":70,"column":2}},{"start":{"line":70,"column":2},"end":{"line":70,"column":2}}]}}},"/Users/avi/Documents/CodeHatcher/Code/quippics/routes/apns.js":{"path":"/Users/avi/Documents/CodeHatcher/Code/quippics/routes/apns.js","s":{"1":1,"2":1,"3":1,"4":1,"5":1,"6":0,"7":0,"8":1,"9":0,"10":0,"11":1,"12":0,"13":0},"b":{},"f":{"1":0,"2":0,"3":0,"4":0,"5":0,"6":0},"fnMap":{"1":{"name":"(anonymous_1)","line":7,"loc":{"start":{"line":7,"column":20},"end":{"line":7,"column":38}}},"2":{"name":"(anonymous_2)","line":11,"loc":{"start":{"line":11,"column":8},"end":{"line":11,"column":21}}},"3":{"name":"(anonymous_3)","line":20,"loc":{"start":{"line":20,"column":25},"end":{"line":20,"column":43}}},"4":{"name":"(anonymous_4)","line":32,"loc":{"start":{"line":32,"column":8},"end":{"line":32,"column":21}}},"5":{"name":"(anonymous_5)","line":41,"loc":{"start":{"line":41,"column":26},"end":{"line":41,"column":44}}},"6":{"name":"(anonymous_6)","line":53,"loc":{"start":{"line":53,"column":8},"end":{"line":53,"column":21}}}},"statementMap":{"1":{"start":{"line":1,"column":0},"end":{"line":1,"column":29}},"2":{"start":{"line":2,"column":0},"end":{"line":2,"column":37}},"3":{"start":{"line":3,"column":0},"end":{"line":3,"column":51}},"4":{"start":{"line":4,"column":0},"end":{"line":4,"column":37}},"5":{"start":{"line":7,"column":0},"end":{"line":18,"column":2}},"6":{"start":{"line":8,"column":2},"end":{"line":17,"column":5}},"7":{"start":{"line":13,"column":4},"end":{"line":16,"column":7}},"8":{"start":{"line":20,"column":0},"end":{"line":39,"column":2}},"9":{"start":{"line":21,"column":2},"end":{"line":38,"column":5}},"10":{"start":{"line":34,"column":4},"end":{"line":37,"column":7}},"11":{"start":{"line":41,"column":0},"end":{"line":60,"column":2}},"12":{"start":{"line":42,"column":2},"end":{"line":59,"column":5}},"13":{"start":{"line":55,"column":4},"end":{"line":58,"column":7}}},"branchMap":{}},"/Users/avi/Documents/CodeHatcher/Code/quippics/dbs/db.js":{"path":"/Users/avi/Documents/CodeHatcher/Code/quippics/dbs/db.js","s":{"1":1,"2":1,"3":1,"4":1,"5":1,"6":1,"7":0,"8":1,"9":1,"10":1,"11":1,"12":1,"13":1},"b":{},"f":{"1":1,"2":0,"3":1,"4":1,"5":1},"fnMap":{"1":{"name":"(anonymous_1)","line":9,"loc":{"start":{"line":9,"column":36},"end":{"line":9,"column":46}}},"2":{"name":"(anonymous_2)","line":13,"loc":{"start":{"line":13,"column":32},"end":{"line":13,"column":45}}},"3":{"name":"(anonymous_3)","line":17,"loc":{"start":{"line":17,"column":39},"end":{"line":17,"column":49}}},"4":{"name":"(anonymous_4)","line":21,"loc":{"start":{"line":21,"column":21},"end":{"line":21,"column":31}}},"5":{"name":"(anonymous_5)","line":22,"loc":{"start":{"line":22,"column":28},"end":{"line":22,"column":38}}}},"statementMap":{"1":{"start":{"line":1,"column":0},"end":{"line":1,"column":35}},"2":{"start":{"line":2,"column":0},"end":{"line":2,"column":42}},"3":{"start":{"line":5,"column":0},"end":{"line":5,"column":31}},"4":{"start":{"line":9,"column":0},"end":{"line":11,"column":3}},"5":{"start":{"line":10,"column":2},"end":{"line":10,"column":55}},"6":{"start":{"line":13,"column":0},"end":{"line":15,"column":3}},"7":{"start":{"line":14,"column":2},"end":{"line":14,"column":51}},"8":{"start":{"line":17,"column":0},"end":{"line":19,"column":3}},"9":{"start":{"line":18,"column":2},"end":{"line":18,"column":39}},"10":{"start":{"line":21,"column":0},"end":{"line":26,"column":3}},"11":{"start":{"line":22,"column":2},"end":{"line":25,"column":5}},"12":{"start":{"line":23,"column":4},"end":{"line":23,"column":65}},"13":{"start":{"line":24,"column":4},"end":{"line":24,"column":20}}},"branchMap":{}},"/Users/avi/Documents/CodeHatcher/Code/quippics/routes/util.js":{"path":"/Users/avi/Documents/CodeHatcher/Code/quippics/routes/util.js","s":{"1":1,"2":1,"3":0,"4":0,"5":0,"6":0,"7":0,"8":0,"9":0,"10":0},"b":{"1":[0,0]},"f":{"1":0},"fnMap":{"1":{"name":"(anonymous_1)","line":4,"loc":{"start":{"line":4,"column":17},"end":{"line":4,"column":35}}}},"statementMap":{"1":{"start":{"line":2,"column":0},"end":{"line":2,"column":34}},"2":{"start":{"line":4,"column":0},"end":{"line":20,"column":2}},"3":{"start":{"line":5,"column":2},"end":{"line":5,"column":30}},"4":{"start":{"line":6,"column":2},"end":{"line":8,"column":5}},"5":{"start":{"line":9,"column":2},"end":{"line":15,"column":3}},"6":{"start":{"line":10,"column":4},"end":{"line":14,"column":5}},"7":{"start":{"line":11,"column":6},"end":{"line":13,"column":59}},"8":{"start":{"line":16,"column":2},"end":{"line":16,"column":61}},"9":{"start":{"line":17,"column":2},"end":{"line":17,"column":29}},"10":{"start":{"line":18,"column":2},"end":{"line":18,"column":19}}},"branchMap":{"1":{"line":10,"type":"if","locations":[{"start":{"line":10,"column":4},"end":{"line":10,"column":4}},{"start":{"line":10,"column":4},"end":{"line":10,"column":4}}]}}},"/Users/avi/Documents/CodeHatcher/Code/quippics/routes/server.js":{"path":"/Users/avi/Documents/CodeHatcher/Code/quippics/routes/server.js","s":{"1":1,"2":1,"3":1,"4":1,"5":1,"6":1,"7":7,"8":7,"9":7,"10":7,"11":0,"12":7,"13":7,"14":7,"15":0,"16":7,"17":7,"18":7,"19":0,"20":7,"21":7,"22":7,"23":0,"24":7,"25":0,"26":7,"27":7},"b":{"1":[7,0],"2":[7,0],"3":[7,0],"4":[7,0],"5":[0,7]},"f":{"1":7,"2":7,"3":7,"4":7,"5":7,"6":7,"7":7,"8":7,"9":7,"10":7},"fnMap":{"1":{"name":"(anonymous_1)","line":11,"loc":{"start":{"line":11,"column":17},"end":{"line":11,"column":36}}},"2":{"name":"(anonymous_2)","line":13,"loc":{"start":{"line":13,"column":4},"end":{"line":13,"column":16}}},"3":{"name":"(anonymous_3)","line":15,"loc":{"start":{"line":15,"column":22},"end":{"line":15,"column":42}}},"4":{"name":"(anonymous_4)","line":23,"loc":{"start":{"line":23,"column":4},"end":{"line":23,"column":16}}},"5":{"name":"(anonymous_5)","line":25,"loc":{"start":{"line":25,"column":27},"end":{"line":25,"column":52}}},"6":{"name":"(anonymous_6)","line":33,"loc":{"start":{"line":33,"column":4},"end":{"line":33,"column":16}}},"7":{"name":"(anonymous_7)","line":35,"loc":{"start":{"line":35,"column":28},"end":{"line":35,"column":54}}},"8":{"name":"(anonymous_8)","line":43,"loc":{"start":{"line":43,"column":4},"end":{"line":43,"column":16}}},"9":{"name":"(anonymous_9)","line":45,"loc":{"start":{"line":45,"column":26},"end":{"line":45,"column":51}}},"10":{"name":"(anonymous_10)","line":54,"loc":{"start":{"line":54,"column":2},"end":{"line":54,"column":24}}}},"statementMap":{"1":{"start":{"line":6,"column":0},"end":{"line":6,"column":40}},"2":{"start":{"line":7,"column":0},"end":{"line":7,"column":50}},"3":{"start":{"line":8,"column":0},"end":{"line":8,"column":52}},"4":{"start":{"line":9,"column":0},"end":{"line":9,"column":48}},"5":{"start":{"line":10,"column":0},"end":{"line":10,"column":29}},"6":{"start":{"line":11,"column":0},"end":{"line":71,"column":2}},"7":{"start":{"line":12,"column":2},"end":{"line":70,"column":5}},"8":{"start":{"line":15,"column":6},"end":{"line":21,"column":9}},"9":{"start":{"line":16,"column":8},"end":{"line":20,"column":9}},"10":{"start":{"line":17,"column":10},"end":{"line":17,"column":26}},"11":{"start":{"line":19,"column":10},"end":{"line":19,"column":18}},"12":{"start":{"line":25,"column":6},"end":{"line":31,"column":9}},"13":{"start":{"line":26,"column":8},"end":{"line":30,"column":9}},"14":{"start":{"line":27,"column":10},"end":{"line":27,"column":31}},"15":{"start":{"line":29,"column":10},"end":{"line":29,"column":18}},"16":{"start":{"line":35,"column":6},"end":{"line":41,"column":9}},"17":{"start":{"line":36,"column":8},"end":{"line":40,"column":9}},"18":{"start":{"line":37,"column":10},"end":{"line":37,"column":32}},"19":{"start":{"line":39,"column":10},"end":{"line":39,"column":18}},"20":{"start":{"line":45,"column":6},"end":{"line":51,"column":9}},"21":{"start":{"line":46,"column":8},"end":{"line":50,"column":9}},"22":{"start":{"line":47,"column":10},"end":{"line":47,"column":31}},"23":{"start":{"line":49,"column":10},"end":{"line":49,"column":18}},"24":{"start":{"line":55,"column":4},"end":{"line":69,"column":5}},"25":{"start":{"line":56,"column":6},"end":{"line":56,"column":32}},"26":{"start":{"line":59,"column":6},"end":{"line":62,"column":16}},"27":{"start":{"line":63,"column":6},"end":{"line":68,"column":9}}},"branchMap":{"1":{"line":16,"type":"if","locations":[{"start":{"line":16,"column":8},"end":{"line":16,"column":8}},{"start":{"line":16,"column":8},"end":{"line":16,"column":8}}]},"2":{"line":26,"type":"if","locations":[{"start":{"line":26,"column":8},"end":{"line":26,"column":8}},{"start":{"line":26,"column":8},"end":{"line":26,"column":8}}]},"3":{"line":36,"type":"if","locations":[{"start":{"line":36,"column":8},"end":{"line":36,"column":8}},{"start":{"line":36,"column":8},"end":{"line":36,"column":8}}]},"4":{"line":46,"type":"if","locations":[{"start":{"line":46,"column":8},"end":{"line":46,"column":8}},{"start":{"line":46,"column":8},"end":{"line":46,"column":8}}]},"5":{"line":55,"type":"if","locations":[{"start":{"line":55,"column":4},"end":{"line":55,"column":4}},{"start":{"line":55,"column":4},"end":{"line":55,"column":4}}]}}}}