TN:
SF:/Users/avi/Documents/CodeHatcher/Code/quippics/app.js
FN:40,(anonymous_1)
FN:58,(anonymous_2)
FN:61,(anonymous_3)
FN:69,(anonymous_4)
FN:78,apiAuth
FN:90,(anonymous_6)
FN:141,(anonymous_7)
FN:146,(anonymous_8)
FNF:8
FNH:6
FNDA:109,(anonymous_1)
FNDA:69,(anonymous_2)
FNDA:82,(anonymous_3)
FNDA:82,(anonymous_4)
FNDA:33,apiAuth
FNDA:0,(anonymous_6)
FNDA:0,(anonymous_7)
FNDA:1,(anonymous_8)
DA:6,1
DA:7,1
DA:8,1
DA:9,1
DA:10,1
DA:11,1
DA:12,1
DA:13,1
DA:14,1
DA:15,1
DA:16,1
DA:17,1
DA:18,1
DA:19,1
DA:20,1
DA:21,1
DA:22,1
DA:26,1
DA:29,1
DA:32,1
DA:36,1
DA:38,1
DA:39,1
DA:40,1
DA:41,109
DA:42,109
DA:46,1
DA:47,1
DA:48,1
DA:49,1
DA:50,1
DA:51,1
DA:52,1
DA:53,1
DA:54,1
DA:58,69
DA:61,1
DA:64,82
DA:69,82
DA:70,82
DA:71,82
DA:73,0
DA:78,1
DA:79,33
DA:88,1
DA:89,1
DA:90,1
DA:91,0
DA:93,1
DA:94,1
DA:95,1
DA:98,1
DA:99,1
DA:100,1
DA:101,1
DA:102,1
DA:104,1
DA:105,1
DA:106,1
DA:107,1
DA:108,1
DA:109,1
DA:110,1
DA:112,1
DA:113,1
DA:114,1
DA:116,1
DA:117,1
DA:118,1
DA:119,1
DA:120,1
DA:121,1
DA:122,1
DA:123,1
DA:125,1
DA:126,1
DA:127,1
DA:128,1
DA:129,1
DA:131,1
DA:132,1
DA:134,1
DA:135,1
DA:136,1
DA:137,1
DA:139,1
DA:141,1
DA:142,0
DA:143,0
DA:146,1
DA:147,1
LF:91
LH:87
BRDA:32,1,0,1
BRDA:32,1,1,0
BRDA:36,2,0,1
BRDA:36,2,1,0
BRDA:36,3,0,1
BRDA:36,3,1,1
BRDA:70,4,0,82
BRDA:70,4,1,0
BRDA:70,5,0,82
BRDA:70,5,1,82
BRF:10
BRH:7
end_of_record
TN:
SF:/Users/avi/Documents/CodeHatcher/Code/quippics/routes/users.js
FN:16,(anonymous_1)
FN:19,(anonymous_2)
FN:30,(anonymous_3)
FN:46,(anonymous_4)
FN:51,(anonymous_5)
FN:72,(anonymous_6)
FN:76,(anonymous_7)
FN:90,(anonymous_8)
FN:110,(anonymous_9)
FN:124,(anonymous_10)
FN:135,(anonymous_11)
FN:141,(anonymous_12)
FN:150,(anonymous_13)
FN:168,(anonymous_14)
FN:174,(anonymous_15)
FN:179,(anonymous_16)
FN:198,(anonymous_17)
FN:208,(anonymous_18)
FN:224,(anonymous_19)
FN:228,(anonymous_20)
FN:247,(anonymous_21)
FN:255,(anonymous_22)
FN:260,(anonymous_23)
FN:265,(anonymous_24)
FN:272,(anonymous_25)
FN:289,(anonymous_26)
FN:294,(anonymous_27)
FN:298,(anonymous_28)
FN:317,(anonymous_29)
FN:328,(anonymous_30)
FN:349,(anonymous_31)
FN:364,(anonymous_32)
FN:378,(anonymous_33)
FN:390,(anonymous_34)
FN:398,(anonymous_35)
FN:412,(anonymous_36)
FN:418,(anonymous_37)
FN:426,(anonymous_38)
FN:428,(anonymous_39)
FN:453,(anonymous_40)
FN:460,(anonymous_41)
FN:463,(anonymous_42)
FNF:42
FNH:42
FNDA:0,(anonymous_1)
FNDA:3,(anonymous_2)
FNDA:3,(anonymous_3)
FNDA:5,(anonymous_4)
FNDA:5,(anonymous_5)
FNDA:1,(anonymous_6)
FNDA:1,(anonymous_7)
FNDA:4,(anonymous_8)
FNDA:4,(anonymous_9)
FNDA:2,(anonymous_10)
FNDA:2,(anonymous_11)
FNDA:2,(anonymous_12)
FNDA:2,(anonymous_13)
FNDA:2,(anonymous_14)
FNDA:2,(anonymous_15)
FNDA:2,(anonymous_16)
FNDA:2,(anonymous_17)
FNDA:1,(anonymous_18)
FNDA:1,(anonymous_19)
FNDA:1,(anonymous_20)
FNDA:5,(anonymous_21)
FNDA:5,(anonymous_22)
FNDA:5,(anonymous_23)
FNDA:2,(anonymous_24)
FNDA:3,(anonymous_25)
FNDA:3,(anonymous_26)
FNDA:3,(anonymous_27)
FNDA:3,(anonymous_28)
FNDA:5,(anonymous_29)
FNDA:3,(anonymous_30)
FNDA:3,(anonymous_31)
FNDA:1,(anonymous_32)
FNDA:1,(anonymous_33)
FNDA:4,(anonymous_34)
FNDA:4,(anonymous_35)
FNDA:3,(anonymous_36)
FNDA:3,(anonymous_37)
FNDA:3,(anonymous_38)
FNDA:3,(anonymous_39)
FNDA:20,(anonymous_40)
FNDA:20,(anonymous_41)
FNDA:20,(anonymous_42)
DA:7,1
DA:8,1
DA:9,1
DA:10,1
DA:11,1
DA:12,1
DA:13,1
DA:16,1
DA:17,1
DA:19,1
DA:22,3
DA:25,1
DA:28,3
DA:30,3
DA:32,3
DA:33,3
DA:37,0
DA:38,0
DA:40,1
DA:46,1
DA:47,5
DA:51,5
DA:53,5
DA:54,5
DA:55,4
DA:59,1
DA:64,1
DA:72,1
DA:73,1
DA:74,1
DA:78,1
DA:79,1
DA:80,1
DA:82,0
DA:85,1
DA:90,1
DA:92,4
DA:93,4
DA:95,4
DA:98,1
DA:100,4
DA:112,4
DA:113,4
DA:114,4
DA:116,0
DA:119,1
DA:124,1
DA:125,2
DA:126,2
DA:128,2
DA:131,1
DA:134,2
DA:136,2
DA:138,2
DA:144,2
DA:145,2
DA:147,2
DA:149,2
DA:150,2
DA:151,2
DA:152,2
DA:154,0
DA:155,0
DA:157,1
DA:161,0
DA:164,1
DA:169,2
DA:171,2
DA:176,2
DA:178,2
DA:179,2
DA:180,2
DA:181,2
DA:183,0
DA:184,0
DA:186,1
DA:190,0
DA:191,0
DA:193,1
DA:199,2
DA:200,0
DA:203,2
DA:208,1
DA:216,1
DA:219,1
DA:221,1
DA:225,1
DA:227,1
DA:228,1
DA:229,1
DA:230,1
DA:232,0
DA:233,0
DA:235,1
DA:239,0
DA:240,0
DA:242,1
DA:247,1
DA:249,5
DA:252,1
DA:254,5
DA:257,5
DA:262,5
DA:265,5
DA:267,2
DA:270,3
DA:272,3
DA:273,3
DA:274,3
DA:276,0
DA:277,0
DA:279,1
DA:284,1
DA:291,3
DA:295,3
DA:297,3
DA:298,3
DA:299,3
DA:300,3
DA:302,0
DA:303,0
DA:305,1
DA:309,0
DA:310,0
DA:312,1
DA:318,5
DA:319,2
DA:322,3
DA:328,1
DA:330,3
DA:331,3
DA:334,3
DA:337,1
DA:339,3
DA:351,3
DA:352,3
DA:353,3
DA:355,0
DA:358,1
DA:364,1
DA:367,1
DA:369,1
DA:372,1
DA:374,1
DA:379,1
DA:380,1
DA:382,0
DA:383,0
DA:385,1
DA:390,1
DA:392,4
DA:394,1
DA:396,4
DA:400,4
DA:401,4
DA:402,4
DA:404,0
DA:407,1
DA:412,1
DA:414,3
DA:416,1
DA:418,3
DA:420,3
DA:421,3
DA:423,3
DA:424,3
DA:425,3
DA:426,3
DA:428,3
DA:430,3
DA:431,3
DA:436,1
DA:441,0
DA:444,1
DA:445,1
DA:453,1
DA:455,20
DA:460,20
DA:462,20
DA:463,20
DA:464,20
DA:465,18
DA:470,2
DA:477,1
LF:184
LH:157
BRDA:22,1,0,0
BRDA:22,1,1,3
BRDA:22,2,0,3
BRDA:22,2,1,3
BRDA:22,2,2,3
BRDA:32,3,0,3
BRDA:32,3,1,0
BRDA:32,4,0,3
BRDA:32,4,1,3
BRDA:37,5,0,0
BRDA:37,5,1,0
BRDA:53,6,0,5
BRDA:53,6,1,0
BRDA:54,7,0,4
BRDA:54,7,1,1
BRDA:78,8,0,1
BRDA:78,8,1,0
BRDA:79,9,0,1
BRDA:79,9,1,0
BRDA:92,10,0,4
BRDA:92,10,1,0
BRDA:95,11,0,0
BRDA:95,11,1,4
BRDA:95,12,0,4
BRDA:95,12,1,4
BRDA:112,13,0,4
BRDA:112,13,1,0
BRDA:113,14,0,4
BRDA:113,14,1,0
BRDA:128,15,0,0
BRDA:128,15,1,2
BRDA:128,16,0,2
BRDA:128,16,1,2
BRDA:144,17,0,2
BRDA:144,17,1,0
BRDA:145,18,0,2
BRDA:145,18,1,0
BRDA:151,19,0,2
BRDA:151,19,1,0
BRDA:151,20,0,2
BRDA:151,20,1,2
BRDA:154,21,0,0
BRDA:154,21,1,0
BRDA:154,22,0,0
BRDA:154,22,1,0
BRDA:176,23,0,2
BRDA:176,23,1,0
BRDA:176,24,0,2
BRDA:176,24,1,2
BRDA:180,25,0,2
BRDA:180,25,1,0
BRDA:180,26,0,2
BRDA:180,26,1,2
BRDA:183,27,0,0
BRDA:183,27,1,0
BRDA:183,28,0,0
BRDA:183,28,1,0
BRDA:190,29,0,0
BRDA:190,29,1,0
BRDA:190,30,0,0
BRDA:190,30,1,0
BRDA:199,31,0,0
BRDA:199,31,1,2
BRDA:216,32,0,0
BRDA:216,32,1,1
BRDA:216,33,0,1
BRDA:216,33,1,1
BRDA:225,34,0,1
BRDA:225,34,1,0
BRDA:225,35,0,1
BRDA:225,35,1,1
BRDA:229,36,0,1
BRDA:229,36,1,0
BRDA:229,37,0,1
BRDA:229,37,1,1
BRDA:232,38,0,0
BRDA:232,38,1,0
BRDA:232,39,0,0
BRDA:232,39,1,0
BRDA:239,40,0,0
BRDA:239,40,1,0
BRDA:249,41,0,0
BRDA:249,41,1,5
BRDA:249,42,0,5
BRDA:249,42,1,5
BRDA:262,43,0,5
BRDA:262,43,1,0
BRDA:262,44,0,5
BRDA:262,44,1,5
BRDA:265,45,0,2
BRDA:265,45,1,3
BRDA:273,46,0,3
BRDA:273,46,1,0
BRDA:273,47,0,3
BRDA:273,47,1,3
BRDA:276,48,0,0
BRDA:276,48,1,0
BRDA:295,49,0,3
BRDA:295,49,1,0
BRDA:295,50,0,3
BRDA:295,50,1,3
BRDA:299,51,0,3
BRDA:299,51,1,0
BRDA:299,52,0,3
BRDA:299,52,1,3
BRDA:302,53,0,0
BRDA:302,53,1,0
BRDA:309,54,0,0
BRDA:309,54,1,0
BRDA:318,55,0,2
BRDA:318,55,1,3
BRDA:330,56,0,3
BRDA:330,56,1,0
BRDA:334,57,0,0
BRDA:334,57,1,3
BRDA:334,58,0,3
BRDA:334,58,1,3
BRDA:351,59,0,3
BRDA:351,59,1,0
BRDA:352,60,0,3
BRDA:352,60,1,0
BRDA:367,61,0,1
BRDA:367,61,1,0
BRDA:369,62,0,0
BRDA:369,62,1,1
BRDA:369,63,0,1
BRDA:369,63,1,1
BRDA:379,64,0,1
BRDA:379,64,1,0
BRDA:379,65,0,1
BRDA:379,65,1,1
BRDA:382,66,0,0
BRDA:382,66,1,0
BRDA:392,67,0,0
BRDA:392,67,1,4
BRDA:400,68,0,4
BRDA:400,68,1,0
BRDA:401,69,0,4
BRDA:401,69,1,0
BRDA:414,70,0,0
BRDA:414,70,1,3
BRDA:420,71,0,3
BRDA:420,71,1,0
BRDA:421,72,0,3
BRDA:421,72,1,0
BRDA:423,73,0,1
BRDA:423,73,1,2
BRDA:424,74,0,3
BRDA:424,74,1,0
BRDA:425,75,0,1
BRDA:425,75,1,2
BRDA:430,76,0,3
BRDA:430,76,1,0
BRDA:462,77,0,20
BRDA:462,77,1,0
BRDA:464,78,0,18
BRDA:464,78,1,2
BRF:157
BRH:118
end_of_record
TN:
SF:/Users/avi/Documents/CodeHatcher/Code/quippics/models/user.js
FN:43,(anonymous_1)
FN:47,(anonymous_2)
FN:69,(anonymous_3)
FN:74,(anonymous_4)
FN:87,(anonymous_5)
FN:99,(anonymous_6)
FN:115,(anonymous_7)
FN:119,(anonymous_8)
FN:124,(anonymous_9)
FN:151,(anonymous_10)
FN:153,(anonymous_11)
FN:165,(anonymous_12)
FN:167,(anonymous_13)
FN:189,(anonymous_14)
FN:201,(anonymous_15)
FN:204,(anonymous_16)
FN:211,(anonymous_17)
FN:225,(anonymous_18)
FN:234,(anonymous_19)
FNF:19
FNH:17
FNDA:30,(anonymous_1)
FNDA:30,(anonymous_2)
FNDA:39,(anonymous_3)
FNDA:26,(anonymous_4)
FNDA:23,(anonymous_5)
FNDA:10,(anonymous_6)
FNDA:87,(anonymous_7)
FNDA:87,(anonymous_8)
FNDA:87,(anonymous_9)
FNDA:26,(anonymous_10)
FNDA:26,(anonymous_11)
FNDA:87,(anonymous_12)
FNDA:87,(anonymous_13)
FNDA:14,(anonymous_14)
FNDA:14,(anonymous_15)
FNDA:25,(anonymous_16)
FNDA:6,(anonymous_17)
FNDA:0,(anonymous_18)
FNDA:0,(anonymous_19)
DA:1,1
DA:2,1
DA:3,1
DA:4,1
DA:5,1
DA:6,1
DA:7,1
DA:8,1
DA:15,1
DA:43,1
DA:45,30
DA:46,30
DA:49,30
DA:50,30
DA:52,4
DA:53,2
DA:55,2
DA:59,26
DA:63,1
DA:64,1
DA:69,1
DA:70,39
DA:73,39
DA:74,26
DA:75,26
DA:76,26
DA:78,0
DA:82,13
DA:87,1
DA:89,23
DA:91,10
DA:92,10
DA:93,10
DA:96,10
DA:97,10
DA:98,10
DA:100,10
DA:101,10
DA:103,10
DA:104,10
DA:106,1
DA:111,13
DA:115,1
DA:116,87
DA:118,87
DA:121,87
DA:122,87
DA:124,87
DA:126,87
DA:127,87
DA:128,86
DA:130,1
DA:133,1
DA:142,0
DA:145,1
DA:151,1
DA:152,26
DA:153,26
DA:155,26
DA:157,26
DA:158,26
DA:160,1
DA:165,1
DA:166,87
DA:167,87
DA:169,87
DA:170,87
DA:171,86
DA:173,1
DA:176,1
DA:189,1
DA:190,14
DA:191,0
DA:195,14
DA:196,14
DA:198,14
DA:203,14
DA:204,14
DA:205,25
DA:207,6
DA:214,6
DA:217,1
DA:218,1
DA:220,1
DA:225,1
DA:226,0
DA:227,0
DA:231,0
DA:236,0
DA:238,0
DA:240,0
DA:241,0
DA:242,0
DA:244,1
DA:246,1
DA:248,1
DA:256,1
DA:258,1
LF:98
LH:87
BRDA:49,1,0,30
BRDA:49,1,1,0
BRDA:50,2,0,4
BRDA:50,2,1,26
BRDA:52,3,0,2
BRDA:52,3,1,2
BRDA:73,4,0,26
BRDA:73,4,1,13
BRDA:75,5,0,26
BRDA:75,5,1,0
BRDA:89,6,0,10
BRDA:89,6,1,13
BRDA:103,7,0,10
BRDA:103,7,1,0
BRDA:121,8,0,87
BRDA:121,8,1,0
BRDA:122,9,0,87
BRDA:122,9,1,0
BRDA:126,10,0,87
BRDA:126,10,1,0
BRDA:127,11,0,86
BRDA:127,11,1,1
BRDA:155,12,0,26
BRDA:155,12,1,0
BRDA:169,13,0,87
BRDA:169,13,1,0
BRDA:170,14,0,86
BRDA:170,14,1,1
BRDA:190,15,0,0
BRDA:190,15,1,14
BRDA:190,16,0,14
BRDA:190,16,1,14
BRDA:203,17,0,14
BRDA:203,17,1,0
BRDA:203,18,0,14
BRDA:203,18,1,14
BRDA:205,19,0,6
BRDA:205,19,1,19
BRDA:205,20,0,25
BRDA:205,20,1,25
BRDA:217,21,0,0
BRDA:217,21,1,0
BRDA:226,22,0,0
BRDA:226,22,1,0
BRDA:226,23,0,0
BRDA:226,23,1,0
BRDA:236,24,0,0
BRDA:236,24,1,0
BRDA:236,25,0,0
BRDA:236,25,1,0
BRDA:238,26,0,0
BRDA:238,26,1,0
BRDA:244,27,0,0
BRDA:244,27,1,0
BRDA:244,28,0,0
BRDA:244,28,1,0
BRF:56
BRH:44
end_of_record
TN:
SF:/Users/avi/Documents/CodeHatcher/Code/quippics/apn/apn.js
FN:44,(anonymous_1)
FN:62,(anonymous_2)
FN:70,(anonymous_3)
FN:88,(anonymous_4)
FN:101,(anonymous_5)
FN:103,(anonymous_6)
FNF:6
FNH:4
FNDA:1,(anonymous_1)
FNDA:6,(anonymous_2)
FNDA:0,(anonymous_3)
FNDA:1,(anonymous_4)
FNDA:0,(anonymous_5)
FNDA:0,(anonymous_6)
DA:1,1
DA:2,1
DA:3,1
DA:4,1
DA:8,1
DA:9,1
DA:10,1
DA:11,1
DA:12,1
DA:13,1
DA:14,1
DA:15,1
DA:28,1
DA:29,1
DA:30,1
DA:31,1
DA:35,1
DA:38,1
DA:40,1
DA:43,1
DA:47,1
DA:48,1
DA:49,1
DA:52,1
DA:54,1
DA:57,1
DA:58,1
DA:62,1
DA:63,6
DA:64,6
DA:65,6
DA:66,6
DA:70,1
DA:71,1
DA:72,1
DA:73,1
DA:74,1
DA:77,1
DA:78,1
DA:80,1
DA:83,1
DA:88,1
DA:90,1
DA:91,1
DA:92,1
DA:94,1
DA:95,1
DA:97,1
DA:101,1
DA:102,0
DA:103,0
DA:105,0
DA:106,1
DA:109,0
LF:54
LH:50
BRDA:8,1,0,0
BRDA:8,1,1,1
BRDA:11,2,0,1
BRDA:11,2,1,0
BRDA:47,3,0,0
BRDA:47,3,1,1
BRDA:47,4,0,1
BRDA:47,4,1,0
BRDA:52,5,0,0
BRDA:52,5,1,1
BRDA:57,6,0,1
BRDA:57,6,1,0
BRDA:71,7,0,0
BRDA:71,7,1,0
BRDA:72,8,0,0
BRDA:72,8,1,0
BRDA:74,9,0,0
BRDA:74,9,1,0
BRDA:78,10,0,0
BRDA:78,10,1,0
BRDA:90,11,0,0
BRDA:90,11,1,1
BRDA:90,12,0,1
BRDA:90,12,1,0
BRDA:94,13,0,0
BRDA:94,13,1,1
BRDA:105,14,0,0
BRDA:105,14,1,0
BRF:28
BRH:24
end_of_record
TN:
SF:/Users/avi/Documents/CodeHatcher/Code/quippics/conf/config.js
FN:3,(anonymous_1)
FNF:1
FNH:1
FNDA:1,(anonymous_1)
DA:1,1
DA:3,1
DA:4,1
DA:7,1
DA:11,1
DA:20,1
DA:29,1
DA:38,1
DA:46,1
LF:9
LH:9
BRDA:7,1,0,0
BRDA:7,1,1,1
BRDA:7,1,2,1
BRDA:7,1,3,0
BRDA:7,1,4,0
BRDA:7,1,5,0
BRDA:7,1,6,0
BRDA:7,1,7,0
BRDA:7,1,8,0
BRDA:7,1,9,0
BRF:10
BRH:10
end_of_record
TN:
SF:/Users/avi/Documents/CodeHatcher/Code/quippics/routes/challenges.js
FN:10,(anonymous_1)
FN:17,(anonymous_2)
FN:31,(anonymous_3)
FN:39,(anonymous_4)
FN:51,(anonymous_5)
FN:62,(anonymous_6)
FN:67,(anonymous_7)
FN:79,(anonymous_8)
FN:88,(anonymous_9)
FN:107,(anonymous_10)
FN:120,(anonymous_11)
FN:139,(anonymous_12)
FN:152,(anonymous_13)
FN:171,(anonymous_14)
FN:184,(anonymous_15)
FN:219,(anonymous_16)
FN:224,(anonymous_17)
FN:242,(anonymous_18)
FN:267,(anonymous_19)
FN:272,(anonymous_20)
FN:292,(anonymous_21)
FN:312,(anonymous_22)
FN:316,(anonymous_23)
FNF:23
FNH:23
FNDA:1,(anonymous_1)
FNDA:1,(anonymous_2)
FNDA:2,(anonymous_3)
FNDA:2,(anonymous_4)
FNDA:2,(anonymous_5)
FNDA:2,(anonymous_6)
FNDA:2,(anonymous_7)
FNDA:2,(anonymous_8)
FNDA:1,(anonymous_9)
FNDA:1,(anonymous_10)
FNDA:2,(anonymous_11)
FNDA:2,(anonymous_12)
FNDA:1,(anonymous_13)
FNDA:1,(anonymous_14)
FNDA:4,(anonymous_15)
FNDA:4,(anonymous_16)
FNDA:2,(anonymous_17)
FNDA:6,(anonymous_18)
FNDA:6,(anonymous_19)
FNDA:8,(anonymous_20)
FNDA:7,(anonymous_21)
FNDA:13,(anonymous_22)
FNDA:7,(anonymous_23)
DA:1,1
DA:2,1
DA:3,1
DA:4,1
DA:5,1
DA:6,1
DA:7,1
DA:10,1
DA:12,1
DA:13,1
DA:15,1
DA:19,1
DA:20,1
DA:21,1
DA:23,0
DA:26,1
DA:31,1
DA:32,2
DA:34,2
DA:36,1
DA:38,2
DA:40,2
DA:52,2
DA:53,2
DA:55,0
DA:56,0
DA:58,1
DA:63,2
DA:68,2
DA:69,2
DA:71,0
DA:72,0
DA:74,1
DA:80,2
DA:81,2
DA:83,0
DA:88,1
DA:91,1
DA:93,1
DA:95,1
DA:108,1
DA:109,1
DA:111,0
DA:112,0
DA:113,0
DA:115,1
DA:120,1
DA:123,2
DA:125,1
DA:127,2
DA:140,2
DA:141,2
DA:143,0
DA:144,0
DA:145,0
DA:147,1
DA:152,1
DA:155,1
DA:157,1
DA:159,1
DA:172,1
DA:173,1
DA:175,0
DA:176,0
DA:177,0
DA:179,1
DA:184,1
DA:187,4
DA:189,1
DA:191,4
DA:193,4
DA:221,4
DA:222,4
DA:224,2
DA:225,2
DA:232,2
DA:234,2
DA:237,1
DA:242,1
DA:244,6
DA:246,6
DA:248,1
DA:250,6
DA:269,6
DA:270,6
DA:272,6
DA:273,8
DA:274,8
DA:275,4
DA:277,4
DA:280,8
DA:282,6
DA:284,0
DA:287,1
DA:292,1
DA:294,7
DA:298,1
DA:300,7
DA:311,7
DA:312,7
DA:313,13
DA:316,7
DA:318,7
DA:319,7
DA:321,7
DA:322,7
DA:324,0
DA:327,1
LF:108
LH:91
BRDA:12,1,0,0
BRDA:12,1,1,1
BRDA:19,2,0,1
BRDA:19,2,1,0
BRDA:20,3,0,1
BRDA:20,3,1,0
BRDA:32,4,0,2
BRDA:32,4,1,0
BRDA:34,5,0,0
BRDA:34,5,1,2
BRDA:34,6,0,2
BRDA:34,6,1,2
BRDA:52,7,0,2
BRDA:52,7,1,0
BRDA:52,8,0,2
BRDA:52,8,1,2
BRDA:55,9,0,0
BRDA:55,9,1,0
BRDA:68,10,0,2
BRDA:68,10,1,0
BRDA:68,11,0,2
BRDA:68,11,1,2
BRDA:71,12,0,0
BRDA:71,12,1,0
BRDA:80,13,0,2
BRDA:80,13,1,0
BRDA:80,14,0,2
BRDA:80,14,1,2
BRDA:91,15,0,0
BRDA:91,15,1,1
BRDA:91,16,0,1
BRDA:91,16,1,1
BRDA:108,17,0,1
BRDA:108,17,1,0
BRDA:108,18,0,1
BRDA:108,18,1,1
BRDA:111,19,0,0
BRDA:111,19,1,0
BRDA:123,20,0,0
BRDA:123,20,1,2
BRDA:123,21,0,2
BRDA:123,21,1,2
BRDA:140,22,0,2
BRDA:140,22,1,0
BRDA:140,23,0,2
BRDA:140,23,1,2
BRDA:143,24,0,0
BRDA:143,24,1,0
BRDA:155,25,0,0
BRDA:155,25,1,1
BRDA:155,26,0,1
BRDA:155,26,1,1
BRDA:172,27,0,1
BRDA:172,27,1,0
BRDA:172,28,0,1
BRDA:172,28,1,1
BRDA:175,29,0,0
BRDA:175,29,1,0
BRDA:187,30,0,0
BRDA:187,30,1,4
BRDA:187,31,0,4
BRDA:187,31,1,4
BRDA:191,32,0,4
BRDA:191,32,1,0
BRDA:221,33,0,4
BRDA:221,33,1,0
BRDA:222,34,0,2
BRDA:222,34,1,2
BRDA:222,35,0,4
BRDA:222,35,1,4
BRDA:244,36,0,6
BRDA:244,36,1,0
BRDA:246,37,0,0
BRDA:246,37,1,6
BRDA:246,38,0,6
BRDA:246,38,1,6
BRDA:269,39,0,6
BRDA:269,39,1,0
BRDA:270,40,0,6
BRDA:270,40,1,0
BRDA:270,41,0,6
BRDA:270,41,1,6
BRDA:274,42,0,4
BRDA:274,42,1,4
BRDA:294,43,0,0
BRDA:294,43,1,7
BRDA:294,44,0,7
BRDA:294,44,1,7
BRDA:294,44,2,7
BRDA:311,45,0,7
BRDA:311,45,1,0
BRDA:318,46,0,7
BRDA:318,46,1,0
BRDA:319,47,0,7
BRDA:319,47,1,0
BRF:95
BRH:77
end_of_record
TN:
SF:/Users/avi/Documents/CodeHatcher/Code/quippics/models/challenge.js
FN:27,(anonymous_1)
FN:33,(anonymous_2)
FN:42,(anonymous_3)
FN:58,(anonymous_4)
FN:64,(anonymous_5)
FN:71,(anonymous_6)
FN:78,(anonymous_7)
FNF:7
FNH:7
FNDA:14,(anonymous_1)
FNDA:14,(anonymous_2)
FNDA:7,(anonymous_3)
FNDA:2,(anonymous_4)
FNDA:13,(anonymous_5)
FNDA:2,(anonymous_6)
FNDA:4,(anonymous_7)
DA:1,1
DA:2,1
DA:3,1
DA:5,1
DA:27,1
DA:29,14
DA:30,14
DA:33,1
DA:34,14
DA:36,7
DA:38,7
DA:42,1
DA:44,7
DA:45,7
DA:60,2
DA:61,1
DA:64,7
DA:65,13
DA:66,13
DA:71,1
DA:73,2
DA:74,2
DA:75,0
DA:76,0
DA:78,2
DA:79,4
DA:82,2
DA:85,1
DA:87,1
LF:29
LH:27
BRDA:34,1,0,7
BRDA:34,1,1,7
BRDA:60,2,0,0
BRDA:60,2,1,2
BRDA:74,3,0,0
BRDA:74,3,1,2
BRF:6
BRH:5
end_of_record
TN:
SF:/Users/avi/Documents/CodeHatcher/Code/quippics/routes/submissions.js
FN:9,(anonymous_1)
FN:27,(anonymous_2)
FN:40,(anonymous_3)
FN:52,(anonymous_4)
FN:56,(anonymous_5)
FN:67,(anonymous_6)
FN:94,(anonymous_7)
FN:107,(anonymous_8)
FN:109,(anonymous_9)
FN:113,(anonymous_10)
FN:135,(anonymous_11)
FN:154,(anonymous_12)
FN:168,(anonymous_13)
FN:183,(anonymous_14)
FN:192,(anonymous_15)
FN:204,(anonymous_16)
FN:208,(anonymous_17)
FN:214,(anonymous_18)
FNF:18
FNH:18
FNDA:2,(anonymous_1)
FNDA:2,(anonymous_2)
FNDA:2,(anonymous_3)
FNDA:2,(anonymous_4)
FNDA:2,(anonymous_5)
FNDA:2,(anonymous_6)
FNDA:2,(anonymous_7)
FNDA:2,(anonymous_8)
FNDA:3,(anonymous_9)
FNDA:2,(anonymous_10)
FNDA:1,(anonymous_11)
FNDA:1,(anonymous_12)
FNDA:7,(anonymous_13)
FNDA:7,(anonymous_14)
FNDA:7,(anonymous_15)
FNDA:7,(anonymous_16)
FNDA:7,(anonymous_17)
FNDA:7,(anonymous_18)
DA:1,1
DA:2,1
DA:3,1
DA:4,1
DA:5,1
DA:6,1
DA:9,1
DA:12,2
DA:14,1
DA:16,2
DA:29,2
DA:30,2
DA:31,2
DA:33,0
DA:36,1
DA:40,1
DA:42,2
DA:44,1
DA:46,2
DA:54,2
DA:56,2
DA:58,2
DA:60,2
DA:68,2
DA:69,2
DA:71,2
DA:72,2
DA:74,0
DA:77,0
DA:79,1
DA:82,1
DA:83,1
DA:85,1
DA:89,1
DA:94,1
DA:97,2
DA:99,1
DA:101,2
DA:108,2
DA:109,2
DA:112,3
DA:113,2
DA:116,2
DA:117,2
DA:118,2
DA:120,2
DA:121,1
DA:123,0
DA:127,0
DA:128,0
DA:130,1
DA:135,1
DA:137,1
DA:140,1
DA:143,1
DA:145,1
DA:156,1
DA:157,1
DA:158,1
DA:160,0
DA:163,1
DA:168,1
DA:171,7
DA:174,1
DA:176,7
DA:185,7
DA:186,0
DA:188,7
DA:190,7
DA:194,7
DA:195,7
DA:197,7
DA:199,7
DA:204,7
DA:206,7
DA:208,7
DA:210,7
DA:212,7
DA:214,7
DA:216,7
DA:218,7
DA:219,7
DA:221,1
DA:225,1
DA:230,0
DA:233,1
DA:237,1
LF:87
LH:78
BRDA:12,1,0,0
BRDA:12,1,1,2
BRDA:29,2,0,2
BRDA:29,2,1,0
BRDA:30,3,0,2
BRDA:30,3,1,0
BRDA:42,4,0,0
BRDA:42,4,1,2
BRDA:54,5,0,2
BRDA:54,5,1,0
BRDA:58,6,0,2
BRDA:58,6,1,0
BRDA:58,7,0,2
BRDA:58,7,1,2
BRDA:68,8,0,2
BRDA:68,8,1,0
BRDA:68,9,0,2
BRDA:68,9,1,2
BRDA:74,10,0,0
BRDA:74,10,1,0
BRDA:82,11,0,0
BRDA:82,11,1,0
BRDA:97,12,0,0
BRDA:97,12,1,2
BRDA:108,13,0,2
BRDA:108,13,1,0
BRDA:108,14,0,2
BRDA:108,14,1,2
BRDA:112,15,0,2
BRDA:112,15,1,1
BRDA:121,16,0,0
BRDA:121,16,1,1
BRDA:127,17,0,0
BRDA:127,17,1,0
BRDA:137,18,0,1
BRDA:137,18,1,0
BRDA:140,19,0,0
BRDA:140,19,1,1
BRDA:140,20,0,1
BRDA:140,20,1,1
BRDA:156,21,0,1
BRDA:156,21,1,0
BRDA:157,22,0,1
BRDA:157,22,1,0
BRDA:157,23,0,1
BRDA:157,23,1,1
BRDA:171,24,0,0
BRDA:171,24,1,7
BRDA:171,25,0,7
BRDA:171,25,1,7
BRDA:185,26,0,0
BRDA:185,26,1,7
BRDA:188,27,0,7
BRDA:188,27,1,0
BRDA:194,28,0,7
BRDA:194,28,1,0
BRDA:195,29,0,7
BRDA:195,29,1,0
BRDA:210,30,0,7
BRDA:210,30,1,0
BRDA:216,31,0,7
BRDA:216,31,1,0
BRF:62
BRH:52
end_of_record
TN:
SF:/Users/avi/Documents/CodeHatcher/Code/quippics/models/submission.js
FN:25,(anonymous_1)
FN:31,(anonymous_2)
FN:43,(anonymous_3)
FN:53,(anonymous_4)
FN:60,(anonymous_5)
FN:77,(anonymous_6)
FN:82,(anonymous_7)
FN:92,(anonymous_8)
FN:101,(anonymous_9)
FN:111,(anonymous_10)
FN:115,(anonymous_11)
FN:121,(anonymous_12)
FN:133,(anonymous_13)
FN:145,(anonymous_14)
FNF:14
FNH:14
FNDA:12,(anonymous_1)
FNDA:2,(anonymous_2)
FNDA:12,(anonymous_3)
FNDA:7,(anonymous_4)
FNDA:7,(anonymous_5)
FNDA:4,(anonymous_6)
FNDA:12,(anonymous_7)
FNDA:4,(anonymous_8)
FNDA:4,(anonymous_9)
FNDA:4,(anonymous_10)
FNDA:4,(anonymous_11)
FNDA:7,(anonymous_12)
FNDA:7,(anonymous_13)
FNDA:7,(anonymous_14)
DA:1,1
DA:2,1
DA:3,1
DA:4,1
DA:5,1
DA:6,1
DA:7,1
DA:9,1
DA:25,1
DA:26,12
DA:28,12
DA:30,9
DA:31,9
DA:32,2
DA:35,9
DA:36,9
DA:38,3
DA:43,1
DA:44,12
DA:46,7
DA:48,5
DA:53,1
DA:55,7
DA:63,7
DA:64,7
DA:78,4
DA:79,0
DA:82,7
DA:84,12
DA:85,12
DA:92,1
DA:94,4
DA:102,4
DA:103,4
DA:105,0
DA:111,1
DA:113,4
DA:115,4
DA:116,4
DA:118,4
DA:119,4
DA:121,4
DA:122,7
DA:125,4
DA:127,0
DA:133,1
DA:134,7
DA:135,7
DA:136,7
DA:137,7
DA:138,7
DA:139,7
DA:142,7
DA:143,7
DA:144,7
DA:146,7
DA:147,7
DA:148,7
DA:152,0
DA:156,1
DA:158,1
LF:61
LH:57
BRDA:28,1,0,9
BRDA:28,1,1,3
BRDA:28,2,0,12
BRDA:28,2,1,9
BRDA:44,3,0,7
BRDA:44,3,1,5
BRDA:78,4,0,0
BRDA:78,4,1,4
BRDA:102,5,0,4
BRDA:102,5,1,0
BRDA:102,6,0,4
BRDA:102,6,1,4
BRDA:116,7,0,4
BRDA:116,7,1,0
BRDA:116,8,0,4
BRDA:116,8,1,4
BRDA:136,9,0,7
BRDA:136,9,1,0
BRF:18
BRH:14
end_of_record
TN:
SF:/Users/avi/Documents/CodeHatcher/Code/quippics/models/ballot.js
FN:10,(anonymous_1)
FN:17,(anonymous_2)
FNF:2
FNH:2
FNDA:2,(anonymous_1)
FNDA:2,(anonymous_2)
DA:1,1
DA:3,1
DA:10,1
DA:12,2
DA:15,2
DA:17,2
DA:18,2
DA:19,2
DA:22,1
DA:26,1
DA:27,1
LF:11
LH:11
BRDA:12,1,0,2
BRDA:12,1,1,0
BRDA:12,2,0,2
BRDA:12,2,1,2
BRF:4
BRH:4
end_of_record
TN:
SF:/Users/avi/Documents/CodeHatcher/Code/quippics/models/comment.js
FNF:0
FNH:0
DA:1,1
DA:3,1
DA:10,1
DA:11,1
LF:4
LH:4
BRF:0
BRH:0
end_of_record
TN:
SF:/Users/avi/Documents/CodeHatcher/Code/quippics/routes/ballots.js
FN:11,(anonymous_1)
FN:17,(anonymous_2)
FN:32,(anonymous_3)
FN:36,(anonymous_4)
FN:37,(anonymous_5)
FN:53,(anonymous_6)
FN:62,(anonymous_7)
FN:74,(anonymous_8)
FNF:8
FNH:8
FNDA:0,(anonymous_1)
FNDA:1,(anonymous_2)
FNDA:1,(anonymous_3)
FNDA:2,(anonymous_4)
FNDA:1,(anonymous_5)
FNDA:2,(anonymous_6)
FNDA:2,(anonymous_7)
FNDA:2,(anonymous_8)
DA:1,1
DA:2,1
DA:3,1
DA:4,1
DA:5,1
DA:6,1
DA:7,1
DA:11,1
DA:12,1
DA:13,1
DA:17,1
DA:19,1
DA:21,1
DA:23,1
DA:33,1
DA:35,1
DA:36,1
DA:37,2
DA:38,1
DA:39,1
DA:43,1
DA:45,0
DA:46,0
DA:48,1
DA:53,1
DA:56,2
DA:60,1
DA:62,2
DA:64,2
DA:65,2
DA:67,2
DA:72,2
DA:74,2
DA:75,2
DA:76,2
DA:77,2
DA:79,0
DA:80,0
DA:82,1
DA:86,0
DA:89,1
LF:41
LH:36
BRDA:19,1,0,0
BRDA:19,1,1,1
BRDA:33,2,0,1
BRDA:33,2,1,0
BRDA:33,3,0,1
BRDA:33,3,1,1
BRDA:38,4,0,1
BRDA:38,4,1,0
BRDA:45,5,0,0
BRDA:45,5,1,0
BRDA:56,6,0,0
BRDA:56,6,1,2
BRDA:56,7,0,2
BRDA:56,7,1,2
BRDA:56,7,2,2
BRDA:64,8,0,2
BRDA:64,8,1,0
BRDA:65,9,0,2
BRDA:65,9,1,0
BRDA:75,10,0,2
BRDA:75,10,1,0
BRDA:75,11,0,2
BRDA:75,11,1,2
BRDA:79,12,0,0
BRDA:79,12,1,0
BRF:25
BRH:19
end_of_record
TN:
SF:/Users/avi/Documents/CodeHatcher/Code/quippics/routes/comments.js
FN:10,(anonymous_1)
FN:23,(anonymous_2)
FN:38,(anonymous_3)
FN:49,(anonymous_4)
FN:59,(anonymous_5)
FN:80,(anonymous_6)
FN:89,(anonymous_7)
FNF:7
FNH:7
FNDA:2,(anonymous_1)
FNDA:2,(anonymous_2)
FNDA:3,(anonymous_3)
FNDA:3,(anonymous_4)
FNDA:3,(anonymous_5)
FNDA:1,(anonymous_6)
FNDA:1,(anonymous_7)
DA:1,1
DA:2,1
DA:3,1
DA:4,1
DA:5,1
DA:6,1
DA:10,1
DA:12,2
DA:14,1
DA:16,2
DA:25,2
DA:26,2
DA:27,2
DA:29,0
DA:32,1
DA:38,1
DA:40,3
DA:44,1
DA:46,3
DA:51,3
DA:52,3
DA:54,3
DA:58,3
DA:59,3
DA:60,3
DA:61,3
DA:62,3
DA:64,0
DA:65,0
DA:67,1
DA:71,0
DA:74,1
DA:80,1
DA:82,1
DA:85,1
DA:87,1
DA:91,1
DA:92,1
DA:93,1
DA:95,0
DA:98,1
LF:41
LH:36
BRDA:12,1,0,0
BRDA:12,1,1,2
BRDA:25,2,0,2
BRDA:25,2,1,0
BRDA:26,3,0,2
BRDA:26,3,1,0
BRDA:40,4,0,0
BRDA:40,4,1,3
BRDA:40,5,0,3
BRDA:40,5,1,3
BRDA:40,5,2,3
BRDA:51,6,0,3
BRDA:51,6,1,0
BRDA:52,7,0,3
BRDA:52,7,1,0
BRDA:60,8,0,3
BRDA:60,8,1,0
BRDA:60,9,0,3
BRDA:60,9,1,3
BRDA:64,10,0,0
BRDA:64,10,1,0
BRDA:82,11,0,0
BRDA:82,11,1,1
BRDA:82,12,0,1
BRDA:82,12,1,1
BRDA:91,13,0,1
BRDA:91,13,1,0
BRDA:92,14,0,1
BRDA:92,14,1,0
BRF:29
BRH:24
end_of_record
TN:
SF:/Users/avi/Documents/CodeHatcher/Code/quippics/routes/activities.js
FN:9,(anonymous_1)
FN:18,(anonymous_2)
FN:23,(anonymous_3)
FN:34,(anonymous_4)
FN:62,(anonymous_5)
FN:73,(anonymous_6)
FN:82,(anonymous_7)
FN:116,(anonymous_8)
FNF:8
FNH:8
FNDA:1,(anonymous_1)
FNDA:1,(anonymous_2)
FNDA:1,(anonymous_3)
FNDA:1,(anonymous_4)
FNDA:1,(anonymous_5)
FNDA:1,(anonymous_6)
FNDA:2,(anonymous_7)
FNDA:2,(anonymous_8)
DA:1,1
DA:2,1
DA:3,1
DA:4,1
DA:5,1
DA:6,1
DA:9,1
DA:11,1
DA:14,1
DA:17,1
DA:20,1
DA:24,1
DA:25,1
DA:27,0
DA:28,0
DA:30,1
DA:36,1
DA:63,1
DA:64,1
DA:66,0
DA:67,0
DA:69,1
DA:74,1
DA:75,1
DA:77,0
DA:82,1
DA:85,2
DA:88,1
DA:90,2
DA:117,2
DA:118,2
DA:120,0
DA:121,0
DA:123,1
LF:34
LH:27
BRDA:11,1,0,0
BRDA:11,1,1,1
BRDA:11,2,0,1
BRDA:11,2,1,1
BRDA:24,3,0,1
BRDA:24,3,1,0
BRDA:24,4,0,1
BRDA:24,4,1,1
BRDA:27,5,0,0
BRDA:27,5,1,0
BRDA:63,6,0,1
BRDA:63,6,1,0
BRDA:63,7,0,1
BRDA:63,7,1,1
BRDA:66,8,0,0
BRDA:66,8,1,0
BRDA:74,9,0,1
BRDA:74,9,1,0
BRDA:85,10,0,0
BRDA:85,10,1,2
BRDA:85,11,0,2
BRDA:85,11,1,2
BRDA:117,12,0,2
BRDA:117,12,1,0
BRDA:117,13,0,2
BRDA:117,13,1,2
BRDA:120,14,0,0
BRDA:120,14,1,0
BRF:28
BRH:21
end_of_record
TN:
SF:/Users/avi/Documents/CodeHatcher/Code/quippics/models/activity.js
FN:40,(anonymous_1)
FN:59,(anonymous_2)
FN:75,(anonymous_3)
FN:87,(anonymous_4)
FN:99,(anonymous_5)
FN:111,(anonymous_6)
FN:116,(anonymous_7)
FNF:7
FNH:7
FNDA:10,(anonymous_1)
FNDA:19,(anonymous_2)
FNDA:7,(anonymous_3)
FNDA:7,(anonymous_4)
FNDA:3,(anonymous_5)
FNDA:2,(anonymous_6)
FNDA:2,(anonymous_7)
DA:1,1
DA:8,1
DA:40,1
DA:41,10
DA:43,2
DA:46,2
DA:49,3
DA:52,3
DA:59,1
DA:61,19
DA:63,19
DA:70,19
DA:71,19
DA:75,1
DA:76,7
DA:77,7
DA:78,7
DA:79,7
DA:81,7
DA:82,7
DA:83,7
DA:87,1
DA:88,7
DA:89,7
DA:92,7
DA:94,7
DA:95,7
DA:99,1
DA:100,3
DA:101,3
DA:102,3
DA:103,3
DA:105,3
DA:106,3
DA:107,3
DA:111,1
DA:112,2
DA:115,2
DA:116,2
DA:117,2
DA:118,2
DA:119,2
DA:120,2
DA:121,2
DA:126,2
DA:127,2
DA:132,1
DA:135,1
LF:48
LH:48
BRDA:41,1,0,2
BRDA:41,1,1,2
BRDA:41,1,2,3
BRDA:41,1,3,3
BRDA:61,2,0,19
BRDA:61,2,1,14
BRDA:70,3,0,19
BRDA:70,3,1,0
BRF:8
BRH:7
end_of_record
TN:
SF:/Users/avi/Documents/CodeHatcher/Code/quippics/routes/apns.js
FN:8,(anonymous_1)
FN:12,(anonymous_2)
FN:22,(anonymous_3)
FN:34,(anonymous_4)
FN:44,(anonymous_5)
FN:56,(anonymous_6)
FNF:6
FNH:6
FNDA:0,(anonymous_1)
FNDA:0,(anonymous_2)
FNDA:0,(anonymous_3)
FNDA:0,(anonymous_4)
FNDA:0,(anonymous_5)
FNDA:0,(anonymous_6)
DA:1,1
DA:2,1
DA:3,1
DA:4,1
DA:8,1
DA:9,1
DA:14,1
DA:22,1
DA:23,1
DA:36,1
DA:44,1
DA:45,1
DA:58,1
LF:13
LH:13
BRF:0
BRH:0
end_of_record
TN:
SF:/Users/avi/Documents/CodeHatcher/Code/quippics/dbs/db.js
FN:9,(anonymous_1)
FN:14,(anonymous_2)
FN:18,(anonymous_3)
FN:22,(anonymous_4)
FN:23,(anonymous_5)
FNF:5
FNH:5
FNDA:1,(anonymous_1)
FNDA:0,(anonymous_2)
FNDA:1,(anonymous_3)
FNDA:1,(anonymous_4)
FNDA:1,(anonymous_5)
DA:1,1
DA:2,1
DA:5,1
DA:9,1
DA:10,1
DA:14,1
DA:15,1
DA:18,1
DA:19,1
DA:22,1
DA:23,1
DA:24,1
DA:25,1
LF:13
LH:13
BRF:0
BRH:0
end_of_record
TN:
SF:/Users/avi/Documents/CodeHatcher/Code/quippics/routes/util.js
FN:5,(anonymous_1)
FNF:1
FNH:1
FNDA:0,(anonymous_1)
DA:2,1
DA:5,1
DA:6,1
DA:7,1
DA:10,1
DA:11,1
DA:12,1
DA:17,1
DA:18,1
DA:19,1
LF:10
LH:10
BRDA:11,1,0,0
BRDA:11,1,1,0
BRF:2
BRH:2
end_of_record
TN:
SF:/Users/avi/Documents/CodeHatcher/Code/quippics/routes/server.js
FN:11,(anonymous_1)
FN:13,(anonymous_2)
FN:15,(anonymous_3)
FN:24,(anonymous_4)
FN:26,(anonymous_5)
FN:35,(anonymous_6)
FN:37,(anonymous_7)
FN:46,(anonymous_8)
FN:48,(anonymous_9)
FN:58,(anonymous_10)
FNF:10
FNH:10
FNDA:7,(anonymous_1)
FNDA:7,(anonymous_2)
FNDA:7,(anonymous_3)
FNDA:7,(anonymous_4)
FNDA:7,(anonymous_5)
FNDA:7,(anonymous_6)
FNDA:7,(anonymous_7)
FNDA:7,(anonymous_8)
FNDA:7,(anonymous_9)
FNDA:7,(anonymous_10)
DA:6,1
DA:7,1
DA:8,1
DA:9,1
DA:10,1
DA:11,1
DA:12,7
DA:15,7
DA:17,7
DA:18,7
DA:20,1
DA:26,7
DA:28,7
DA:29,7
DA:31,1
DA:37,7
DA:39,7
DA:40,7
DA:42,1
DA:48,7
DA:50,7
DA:51,7
DA:53,1
DA:60,7
DA:61,1
DA:64,7
DA:68,7
LF:27
LH:27
BRDA:17,1,0,7
BRDA:17,1,1,0
BRDA:28,2,0,7
BRDA:28,2,1,0
BRDA:39,3,0,7
BRDA:39,3,1,0
BRDA:50,4,0,7
BRDA:50,4,1,0
BRDA:60,5,0,0
BRDA:60,5,1,7
BRF:10
BRH:10
end_of_record
