TN:
SF:/Users/avi/Documents/CodeHatcher/Code/quippics/app.js
FN:47,(anonymous_1)
FN:65,(anonymous_2)
FN:68,(anonymous_3)
FN:76,(anonymous_4)
FN:85,apiAuth
FN:97,(anonymous_6)
FN:153,(anonymous_7)
FN:156,(anonymous_8)
FN:160,(anonymous_9)
FNF:9
FNH:6
FNDA:166,(anonymous_1)
FNDA:115,(anonymous_2)
FNDA:130,(anonymous_3)
FNDA:130,(anonymous_4)
FNDA:35,apiAuth
FNDA:0,(anonymous_6)
FNDA:0,(anonymous_7)
FNDA:0,(anonymous_8)
FNDA:1,(anonymous_9)
DA:2,1
DA:3,0
DA:13,1
DA:14,1
DA:15,1
DA:16,1
DA:17,1
DA:18,1
DA:19,1
DA:20,1
DA:21,1
DA:22,1
DA:23,1
DA:24,1
DA:25,1
DA:26,1
DA:27,1
DA:28,1
DA:29,1
DA:33,1
DA:36,1
DA:39,1
DA:40,1
DA:43,1
DA:46,1
DA:47,1
DA:48,166
DA:49,166
DA:53,1
DA:54,1
DA:55,1
DA:56,1
DA:57,1
DA:58,1
DA:59,1
DA:60,1
DA:61,1
DA:65,115
DA:68,1
DA:71,130
DA:76,130
DA:77,130
DA:78,129
DA:80,1
DA:85,1
DA:86,35
DA:95,1
DA:96,1
DA:97,1
DA:98,0
DA:100,1
DA:101,1
DA:102,1
DA:105,1
DA:106,1
DA:107,1
DA:108,1
DA:109,1
DA:111,1
DA:112,1
DA:113,1
DA:114,1
DA:115,1
DA:116,1
DA:117,1
DA:118,1
DA:119,1
DA:121,1
DA:122,1
DA:123,1
DA:125,1
DA:126,1
DA:127,1
DA:128,1
DA:129,1
DA:130,1
DA:131,1
DA:132,1
DA:133,1
DA:135,1
DA:136,1
DA:137,1
DA:138,1
DA:139,1
DA:141,1
DA:142,1
DA:144,1
DA:145,1
DA:146,1
DA:147,1
DA:149,1
DA:152,1
DA:153,0
DA:156,1
DA:157,0
DA:160,1
DA:161,1
LF:97
LH:93
BRDA:2,1,0,0
BRDA:2,1,1,1
BRDA:39,2,0,1
BRDA:39,2,1,0
BRDA:43,3,0,1
BRDA:43,3,1,0
BRDA:43,4,0,1
BRDA:43,4,1,1
BRDA:43,4,2,0
BRDA:77,5,0,129
BRDA:77,5,1,1
BRDA:77,6,0,130
BRDA:77,6,1,130
BRDA:152,7,0,0
BRDA:152,7,1,1
BRF:15
BRH:10
end_of_record
TN:
SF:/Users/avi/Documents/CodeHatcher/Code/quippics/routes/users.js
FN:17,(anonymous_1)
FN:21,(anonymous_2)
FN:28,(anonymous_3)
FN:37,(anonymous_4)
FN:43,(anonymous_5)
FN:51,(anonymous_6)
FN:62,(anonymous_7)
FN:64,(anonymous_8)
FN:73,(anonymous_9)
FN:77,(anonymous_10)
FN:83,(anonymous_11)
FN:95,(anonymous_12)
FN:110,(anonymous_13)
FN:120,(anonymous_14)
FN:125,(anonymous_15)
FN:146,(anonymous_16)
FN:150,(anonymous_17)
FN:164,(anonymous_18)
FN:184,(anonymous_19)
FN:198,(anonymous_20)
FN:209,(anonymous_21)
FN:215,(anonymous_22)
FN:224,(anonymous_23)
FN:242,(anonymous_24)
FN:248,(anonymous_25)
FN:253,(anonymous_26)
FN:272,(anonymous_27)
FN:282,(anonymous_28)
FN:298,(anonymous_29)
FN:302,(anonymous_30)
FN:321,(anonymous_31)
FN:329,(anonymous_32)
FN:334,(anonymous_33)
FN:339,(anonymous_34)
FN:346,(anonymous_35)
FN:363,(anonymous_36)
FN:368,(anonymous_37)
FN:372,(anonymous_38)
FN:391,(anonymous_39)
FN:402,(anonymous_40)
FN:423,(anonymous_41)
FN:438,(anonymous_42)
FN:450,(anonymous_43)
FN:454,(anonymous_44)
FN:464,(anonymous_45)
FN:470,(anonymous_46)
FN:473,(anonymous_47)
FN:477,(anonymous_48)
FN:493,(anonymous_49)
FN:502,(anonymous_50)
FN:510,(anonymous_51)
FN:524,(anonymous_52)
FN:530,(anonymous_53)
FN:538,(anonymous_54)
FN:540,(anonymous_55)
FN:565,(anonymous_56)
FN:572,(anonymous_57)
FN:575,(anonymous_58)
FNF:58
FNH:57
FNDA:0,(anonymous_1)
FNDA:1,(anonymous_2)
FNDA:1,(anonymous_3)
FNDA:1,(anonymous_4)
FNDA:1,(anonymous_5)
FNDA:10,(anonymous_6)
FNDA:10,(anonymous_7)
FNDA:10,(anonymous_8)
FNDA:10,(anonymous_9)
FNDA:10,(anonymous_10)
FNDA:0,(anonymous_11)
FNDA:10,(anonymous_12)
FNDA:10,(anonymous_13)
FNDA:6,(anonymous_14)
FNDA:6,(anonymous_15)
FNDA:1,(anonymous_16)
FNDA:1,(anonymous_17)
FNDA:4,(anonymous_18)
FNDA:4,(anonymous_19)
FNDA:5,(anonymous_20)
FNDA:5,(anonymous_21)
FNDA:5,(anonymous_22)
FNDA:5,(anonymous_23)
FNDA:5,(anonymous_24)
FNDA:5,(anonymous_25)
FNDA:5,(anonymous_26)
FNDA:5,(anonymous_27)
FNDA:1,(anonymous_28)
FNDA:1,(anonymous_29)
FNDA:1,(anonymous_30)
FNDA:8,(anonymous_31)
FNDA:8,(anonymous_32)
FNDA:8,(anonymous_33)
FNDA:3,(anonymous_34)
FNDA:6,(anonymous_35)
FNDA:6,(anonymous_36)
FNDA:6,(anonymous_37)
FNDA:6,(anonymous_38)
FNDA:8,(anonymous_39)
FNDA:3,(anonymous_40)
FNDA:3,(anonymous_41)
FNDA:2,(anonymous_42)
FNDA:2,(anonymous_43)
FNDA:2,(anonymous_44)
FNDA:2,(anonymous_45)
FNDA:2,(anonymous_46)
FNDA:1,(anonymous_47)
FNDA:4,(anonymous_48)
FNDA:2,(anonymous_49)
FNDA:4,(anonymous_50)
FNDA:4,(anonymous_51)
FNDA:3,(anonymous_52)
FNDA:3,(anonymous_53)
FNDA:3,(anonymous_54)
FNDA:3,(anonymous_55)
FNDA:26,(anonymous_56)
FNDA:26,(anonymous_57)
FNDA:26,(anonymous_58)
DA:7,1
DA:8,1
DA:9,1
DA:10,1
DA:11,1
DA:12,1
DA:13,1
DA:14,1
DA:17,1
DA:18,1
DA:21,1
DA:22,1
DA:24,0
DA:27,1
DA:28,1
DA:29,1
DA:30,1
DA:32,0
DA:37,1
DA:39,1
DA:40,0
DA:43,1
DA:44,1
DA:45,1
DA:47,0
DA:51,1
DA:54,10
DA:57,1
DA:60,10
DA:61,10
DA:64,10
DA:66,10
DA:67,10
DA:69,0
DA:75,10
DA:80,10
DA:81,10
DA:83,0
DA:84,0
DA:85,0
DA:89,10
DA:95,10
DA:96,10
DA:98,10
DA:101,0
DA:106,0
DA:111,10
DA:112,10
DA:114,0
DA:120,1
DA:121,6
DA:125,6
DA:127,6
DA:128,6
DA:129,4
DA:133,2
DA:138,1
DA:146,1
DA:147,1
DA:148,1
DA:152,1
DA:153,1
DA:154,1
DA:156,0
DA:159,1
DA:164,1
DA:166,4
DA:167,4
DA:169,4
DA:172,1
DA:174,4
DA:186,4
DA:187,4
DA:188,4
DA:190,0
DA:193,1
DA:198,1
DA:199,5
DA:200,5
DA:202,5
DA:205,1
DA:208,5
DA:210,5
DA:212,5
DA:218,5
DA:219,5
DA:221,5
DA:223,5
DA:224,5
DA:225,5
DA:226,5
DA:228,0
DA:229,0
DA:231,1
DA:235,0
DA:238,1
DA:243,5
DA:245,5
DA:250,5
DA:252,5
DA:253,5
DA:254,5
DA:255,5
DA:257,0
DA:258,0
DA:260,1
DA:264,0
DA:265,0
DA:267,1
DA:273,5
DA:274,0
DA:277,5
DA:282,1
DA:290,1
DA:293,1
DA:295,1
DA:299,1
DA:301,1
DA:302,1
DA:303,1
DA:304,1
DA:306,0
DA:307,0
DA:309,1
DA:313,0
DA:314,0
DA:316,1
DA:321,1
DA:323,8
DA:326,1
DA:328,8
DA:331,8
DA:336,8
DA:339,8
DA:341,2
DA:344,6
DA:346,6
DA:347,6
DA:348,6
DA:350,0
DA:351,0
DA:353,1
DA:358,1
DA:365,6
DA:369,6
DA:371,6
DA:372,6
DA:373,6
DA:374,6
DA:376,0
DA:377,0
DA:379,1
DA:383,0
DA:384,0
DA:386,1
DA:392,8
DA:393,2
DA:396,6
DA:402,1
DA:404,3
DA:405,3
DA:408,3
DA:411,1
DA:413,3
DA:425,3
DA:426,3
DA:427,3
DA:429,0
DA:432,1
DA:438,1
DA:441,2
DA:442,2
DA:444,2
DA:447,1
DA:449,2
DA:451,2
DA:455,2
DA:457,2
DA:458,2
DA:460,0
DA:465,2
DA:471,2
DA:473,2
DA:474,1
DA:477,2
DA:478,4
DA:479,1
DA:481,3
DA:484,2
DA:486,0
DA:487,0
DA:489,1
DA:494,2
DA:495,0
DA:497,2
DA:502,1
DA:504,4
DA:506,1
DA:508,4
DA:512,4
DA:513,4
DA:514,4
DA:516,0
DA:519,1
DA:524,1
DA:526,3
DA:528,1
DA:530,3
DA:532,3
DA:533,3
DA:535,3
DA:536,3
DA:537,3
DA:538,3
DA:540,3
DA:542,3
DA:543,3
DA:548,1
DA:553,0
DA:556,1
DA:557,1
DA:565,1
DA:567,26
DA:572,26
DA:574,26
DA:575,26
DA:576,26
DA:577,23
DA:582,3
DA:589,1
LF:230
LH:192
BRDA:22,1,0,0
BRDA:22,1,1,1
BRDA:22,2,0,1
BRDA:22,2,1,1
BRDA:29,3,0,1
BRDA:29,3,1,0
BRDA:39,4,0,0
BRDA:39,4,1,1
BRDA:44,5,0,1
BRDA:44,5,1,0
BRDA:54,6,0,0
BRDA:54,6,1,10
BRDA:54,7,0,10
BRDA:54,7,1,10
BRDA:54,7,2,10
BRDA:66,8,0,10
BRDA:66,8,1,0
BRDA:80,9,0,10
BRDA:80,9,1,0
BRDA:80,10,0,10
BRDA:80,10,1,10
BRDA:81,11,0,0
BRDA:81,11,1,10
BRDA:84,12,0,0
BRDA:84,12,1,0
BRDA:96,13,0,10
BRDA:96,13,1,0
BRDA:96,14,0,10
BRDA:96,14,1,10
BRDA:111,15,0,10
BRDA:111,15,1,0
BRDA:127,16,0,6
BRDA:127,16,1,0
BRDA:128,17,0,4
BRDA:128,17,1,2
BRDA:152,18,0,1
BRDA:152,18,1,0
BRDA:153,19,0,1
BRDA:153,19,1,0
BRDA:166,20,0,4
BRDA:166,20,1,0
BRDA:169,21,0,0
BRDA:169,21,1,4
BRDA:169,22,0,4
BRDA:169,22,1,4
BRDA:186,23,0,4
BRDA:186,23,1,0
BRDA:187,24,0,4
BRDA:187,24,1,0
BRDA:202,25,0,0
BRDA:202,25,1,5
BRDA:202,26,0,5
BRDA:202,26,1,5
BRDA:218,27,0,5
BRDA:218,27,1,0
BRDA:219,28,0,5
BRDA:219,28,1,0
BRDA:225,29,0,5
BRDA:225,29,1,0
BRDA:225,30,0,5
BRDA:225,30,1,5
BRDA:228,31,0,0
BRDA:228,31,1,0
BRDA:228,32,0,0
BRDA:228,32,1,0
BRDA:250,33,0,5
BRDA:250,33,1,0
BRDA:250,34,0,5
BRDA:250,34,1,5
BRDA:254,35,0,5
BRDA:254,35,1,0
BRDA:254,36,0,5
BRDA:254,36,1,5
BRDA:257,37,0,0
BRDA:257,37,1,0
BRDA:257,38,0,0
BRDA:257,38,1,0
BRDA:264,39,0,0
BRDA:264,39,1,0
BRDA:264,40,0,0
BRDA:264,40,1,0
BRDA:273,41,0,0
BRDA:273,41,1,5
BRDA:290,42,0,0
BRDA:290,42,1,1
BRDA:290,43,0,1
BRDA:290,43,1,1
BRDA:299,44,0,1
BRDA:299,44,1,0
BRDA:299,45,0,1
BRDA:299,45,1,1
BRDA:303,46,0,1
BRDA:303,46,1,0
BRDA:303,47,0,1
BRDA:303,47,1,1
BRDA:306,48,0,0
BRDA:306,48,1,0
BRDA:306,49,0,0
BRDA:306,49,1,0
BRDA:313,50,0,0
BRDA:313,50,1,0
BRDA:323,51,0,0
BRDA:323,51,1,8
BRDA:323,52,0,8
BRDA:323,52,1,8
BRDA:336,53,0,8
BRDA:336,53,1,0
BRDA:336,54,0,8
BRDA:336,54,1,8
BRDA:339,55,0,2
BRDA:339,55,1,6
BRDA:347,56,0,6
BRDA:347,56,1,0
BRDA:347,57,0,6
BRDA:347,57,1,6
BRDA:350,58,0,0
BRDA:350,58,1,0
BRDA:369,59,0,6
BRDA:369,59,1,0
BRDA:369,60,0,6
BRDA:369,60,1,6
BRDA:373,61,0,6
BRDA:373,61,1,0
BRDA:373,62,0,6
BRDA:373,62,1,6
BRDA:376,63,0,0
BRDA:376,63,1,0
BRDA:383,64,0,0
BRDA:383,64,1,0
BRDA:392,65,0,2
BRDA:392,65,1,6
BRDA:404,66,0,3
BRDA:404,66,1,0
BRDA:408,67,0,0
BRDA:408,67,1,3
BRDA:408,68,0,3
BRDA:408,68,1,3
BRDA:425,69,0,3
BRDA:425,69,1,0
BRDA:426,70,0,3
BRDA:426,70,1,0
BRDA:441,71,0,2
BRDA:441,71,1,0
BRDA:444,72,0,0
BRDA:444,72,1,2
BRDA:444,73,0,2
BRDA:444,73,1,2
BRDA:455,74,0,2
BRDA:455,74,1,0
BRDA:455,75,0,2
BRDA:455,75,1,2
BRDA:471,76,0,2
BRDA:471,76,1,0
BRDA:471,77,0,2
BRDA:471,77,1,2
BRDA:478,78,0,1
BRDA:478,78,1,3
BRDA:486,79,0,0
BRDA:486,79,1,0
BRDA:494,80,0,0
BRDA:494,80,1,2
BRDA:504,81,0,0
BRDA:504,81,1,4
BRDA:512,82,0,4
BRDA:512,82,1,0
BRDA:513,83,0,4
BRDA:513,83,1,0
BRDA:526,84,0,0
BRDA:526,84,1,3
BRDA:532,85,0,3
BRDA:532,85,1,0
BRDA:533,86,0,3
BRDA:533,86,1,0
BRDA:535,87,0,1
BRDA:535,87,1,2
BRDA:536,88,0,3
BRDA:536,88,1,0
BRDA:537,89,0,1
BRDA:537,89,1,2
BRDA:542,90,0,3
BRDA:542,90,1,0
BRDA:574,91,0,26
BRDA:574,91,1,0
BRDA:576,92,0,23
BRDA:576,92,1,3
BRF:185
BRH:135
end_of_record
TN:
SF:/Users/avi/Documents/CodeHatcher/Code/quippics/models/user.js
FN:47,(anonymous_1)
FN:51,(anonymous_2)
FN:73,(anonymous_3)
FN:78,(anonymous_4)
FN:91,(anonymous_5)
FN:95,(anonymous_6)
FN:105,(anonymous_7)
FN:113,(anonymous_8)
FN:130,(anonymous_9)
FN:142,(anonymous_10)
FN:158,(anonymous_11)
FN:162,(anonymous_12)
FN:167,(anonymous_13)
FN:194,(anonymous_14)
FN:196,(anonymous_15)
FN:208,(anonymous_16)
FN:210,(anonymous_17)
FN:232,(anonymous_18)
FN:250,(anonymous_19)
FN:252,(anonymous_20)
FN:257,(anonymous_21)
FN:270,(anonymous_22)
FN:281,(anonymous_23)
FN:291,(anonymous_24)
FN:304,(anonymous_25)
FN:307,(anonymous_26)
FN:313,(anonymous_27)
FN:333,(anonymous_28)
FN:343,(anonymous_29)
FN:345,(anonymous_30)
FN:356,(anonymous_31)
FNF:31
FNH:27
FNDA:38,(anonymous_1)
FNDA:38,(anonymous_2)
FNDA:71,(anonymous_3)
FNDA:35,(anonymous_4)
FNDA:1,(anonymous_5)
FNDA:1,(anonymous_6)
FNDA:1,(anonymous_7)
FNDA:1,(anonymous_8)
FNDA:29,(anonymous_9)
FNDA:12,(anonymous_10)
FNDA:136,(anonymous_11)
FNDA:136,(anonymous_12)
FNDA:135,(anonymous_13)
FNDA:35,(anonymous_14)
FNDA:35,(anonymous_15)
FNDA:135,(anonymous_16)
FNDA:135,(anonymous_17)
FNDA:24,(anonymous_18)
FNDA:24,(anonymous_19)
FNDA:7,(anonymous_20)
FNDA:7,(anonymous_21)
FNDA:10,(anonymous_22)
FNDA:10,(anonymous_23)
FNDA:1,(anonymous_24)
FNDA:1,(anonymous_25)
FNDA:1,(anonymous_26)
FNDA:1,(anonymous_27)
FNDA:0,(anonymous_28)
FNDA:0,(anonymous_29)
FNDA:0,(anonymous_30)
FNDA:0,(anonymous_31)
DA:1,1
DA:2,1
DA:3,1
DA:4,1
DA:5,1
DA:6,1
DA:7,1
DA:8,1
DA:9,1
DA:10,1
DA:17,1
DA:47,1
DA:49,38
DA:50,38
DA:53,38
DA:54,38
DA:56,4
DA:57,2
DA:59,2
DA:63,34
DA:67,1
DA:68,1
DA:73,1
DA:74,71
DA:77,71
DA:78,35
DA:79,35
DA:80,35
DA:82,0
DA:86,36
DA:91,1
DA:93,1
DA:97,1
DA:99,1
DA:101,1
DA:103,1
DA:105,1
DA:106,1
DA:108,1
DA:114,1
DA:115,1
DA:117,0
DA:121,0
DA:125,0
DA:130,1
DA:132,29
DA:134,12
DA:135,12
DA:136,12
DA:139,12
DA:140,12
DA:141,12
DA:143,12
DA:144,12
DA:146,12
DA:147,12
DA:149,1
DA:154,17
DA:158,1
DA:159,136
DA:161,136
DA:164,136
DA:165,136
DA:167,135
DA:169,135
DA:170,135
DA:171,133
DA:173,2
DA:176,1
DA:185,1
DA:188,1
DA:194,1
DA:195,35
DA:196,35
DA:198,35
DA:200,35
DA:201,35
DA:203,1
DA:208,1
DA:209,135
DA:210,135
DA:212,135
DA:213,135
DA:214,133
DA:216,2
DA:219,1
DA:232,1
DA:234,24
DA:235,24
DA:236,0
DA:240,24
DA:241,24
DA:242,24
DA:251,24
DA:252,3
DA:253,7
DA:260,7
DA:262,21
DA:263,21
DA:265,0
DA:270,1
DA:271,10
DA:272,0
DA:275,10
DA:282,10
DA:283,10
DA:285,0
DA:291,1
DA:292,1
DA:293,0
DA:298,1
DA:305,1
DA:307,1
DA:309,1
DA:311,1
DA:312,1
DA:313,1
DA:314,1
DA:315,1
DA:317,0
DA:324,0
DA:333,1
DA:334,0
DA:335,0
DA:340,0
DA:344,0
DA:345,0
DA:347,0
DA:349,0
DA:351,0
DA:356,0
DA:357,0
DA:358,0
DA:360,0
DA:367,0
DA:374,1
DA:376,1
LF:137
LH:113
BRDA:53,1,0,38
BRDA:53,1,1,0
BRDA:54,2,0,4
BRDA:54,2,1,34
BRDA:56,3,0,2
BRDA:56,3,1,2
BRDA:77,4,0,35
BRDA:77,4,1,36
BRDA:79,5,0,35
BRDA:79,5,1,0
BRDA:97,6,0,1
BRDA:97,6,1,0
BRDA:97,7,0,1
BRDA:97,7,1,1
BRDA:106,8,0,1
BRDA:106,8,1,0
BRDA:106,9,0,1
BRDA:106,9,1,1
BRDA:114,10,0,1
BRDA:114,10,1,0
BRDA:132,11,0,12
BRDA:132,11,1,17
BRDA:146,12,0,12
BRDA:146,12,1,0
BRDA:164,13,0,136
BRDA:164,13,1,0
BRDA:165,14,0,135
BRDA:165,14,1,1
BRDA:169,15,0,135
BRDA:169,15,1,0
BRDA:170,16,0,133
BRDA:170,16,1,2
BRDA:198,17,0,35
BRDA:198,17,1,0
BRDA:212,18,0,135
BRDA:212,18,1,0
BRDA:213,19,0,133
BRDA:213,19,1,2
BRDA:235,20,0,0
BRDA:235,20,1,24
BRDA:235,21,0,24
BRDA:235,21,1,24
BRDA:251,22,0,3
BRDA:251,22,1,21
BRDA:251,23,0,24
BRDA:251,23,1,24
BRDA:262,24,0,21
BRDA:262,24,1,0
BRDA:271,25,0,0
BRDA:271,25,1,10
BRDA:282,26,0,10
BRDA:282,26,1,0
BRDA:292,27,0,0
BRDA:292,27,1,1
BRDA:292,28,0,1
BRDA:292,28,1,1
BRDA:305,29,0,1
BRDA:305,29,1,0
BRDA:305,30,0,1
BRDA:305,30,1,1
BRDA:305,30,2,1
BRDA:309,31,0,1
BRDA:309,31,1,0
BRDA:314,32,0,1
BRDA:314,32,1,0
BRDA:314,33,0,1
BRDA:314,33,1,1
BRDA:334,34,0,0
BRDA:334,34,1,0
BRDA:334,35,0,0
BRDA:334,35,1,0
BRDA:344,36,0,0
BRDA:344,36,1,0
BRDA:344,37,0,0
BRDA:344,37,1,0
BRDA:344,37,2,0
BRDA:347,38,0,0
BRDA:347,38,1,0
BRDA:349,39,0,0
BRDA:349,39,1,0
BRDA:357,40,0,0
BRDA:357,40,1,0
BRF:82
BRH:55
end_of_record
TN:
SF:/Users/avi/Documents/CodeHatcher/Code/quippics/apn/apn.js
FN:26,(anonymous_1)
FN:44,(anonymous_2)
FN:52,(anonymous_3)
FNF:3
FNH:3
FNDA:1,(anonymous_1)
FNDA:7,(anonymous_2)
FNDA:0,(anonymous_3)
DA:1,1
DA:2,1
DA:3,1
DA:4,1
DA:6,1
DA:7,1
DA:11,1
DA:12,1
DA:13,1
DA:14,1
DA:15,1
DA:17,1
DA:18,1
DA:22,1
DA:25,1
DA:29,1
DA:30,1
DA:31,1
DA:34,1
DA:36,1
DA:39,1
DA:40,1
DA:44,1
DA:45,7
DA:46,7
DA:47,7
DA:48,7
DA:52,1
DA:53,1
DA:54,1
DA:55,1
DA:56,1
DA:59,1
DA:60,1
DA:62,1
DA:65,1
LF:36
LH:36
BRDA:11,1,0,0
BRDA:11,1,1,1
BRDA:13,2,0,1
BRDA:13,2,1,0
BRDA:29,3,0,0
BRDA:29,3,1,1
BRDA:29,4,0,1
BRDA:29,4,1,0
BRDA:34,5,0,0
BRDA:34,5,1,1
BRDA:39,6,0,1
BRDA:39,6,1,0
BRDA:53,7,0,0
BRDA:53,7,1,0
BRDA:54,8,0,0
BRDA:54,8,1,0
BRDA:56,9,0,0
BRDA:56,9,1,0
BRDA:60,10,0,0
BRDA:60,10,1,0
BRF:20
BRH:18
end_of_record
TN:
SF:/Users/avi/Documents/CodeHatcher/Code/quippics/conf/config.js
FN:3,(anonymous_1)
FNF:1
FNH:1
FNDA:1,(anonymous_1)
DA:1,1
DA:3,1
DA:4,1
DA:7,1
DA:11,1
DA:21,1
DA:32,1
DA:45,1
DA:57,1
LF:9
LH:9
BRDA:7,1,0,0
BRDA:7,1,1,1
BRDA:7,1,2,1
BRDA:7,1,3,0
BRDA:7,1,4,0
BRDA:7,1,5,0
BRDA:7,1,6,0
BRDA:7,1,7,0
BRDA:7,1,8,0
BRDA:7,1,9,0
BRF:10
BRH:10
end_of_record
TN:
SF:/Users/avi/Documents/CodeHatcher/Code/quippics/apn/feedback.js
FN:36,(anonymous_1)
FN:49,(anonymous_2)
FN:53,(anonymous_3)
FNF:3
FNH:1
FNDA:1,(anonymous_1)
FNDA:0,(anonymous_2)
FNDA:0,(anonymous_3)
DA:1,1
DA:2,1
DA:3,1
DA:4,1
DA:5,1
DA:10,1
DA:11,1
DA:12,1
DA:13,1
DA:14,1
DA:27,1
DA:28,1
DA:31,1
DA:34,1
DA:36,1
DA:38,1
DA:39,1
DA:40,1
DA:42,1
DA:43,1
DA:45,1
DA:49,1
DA:51,0
DA:52,0
DA:53,0
DA:54,0
DA:55,0
DA:58,0
LF:28
LH:22
BRDA:10,1,0,0
BRDA:10,1,1,1
BRDA:12,2,0,1
BRDA:12,2,1,0
BRDA:38,3,0,0
BRDA:38,3,1,1
BRDA:38,4,0,1
BRDA:38,4,1,0
BRDA:42,5,0,0
BRDA:42,5,1,1
BRDA:54,6,0,0
BRDA:54,6,1,0
BRF:12
BRH:9
end_of_record
TN:
SF:/Users/avi/Documents/CodeHatcher/Code/quippics/logger/logger.js
FNF:0
FNH:0
DA:1,1
DA:2,1
DA:4,1
DA:25,1
LF:4
LH:4
BRF:0
BRH:0
end_of_record
TN:
SF:/Users/avi/Documents/CodeHatcher/Code/quippics/mail/transporter.js
FNF:0
FNH:0
DA:1,1
DA:2,1
LF:2
LH:2
BRF:0
BRH:0
end_of_record
TN:
SF:/Users/avi/Documents/CodeHatcher/Code/quippics/routes/challenges.js
FN:11,(anonymous_1)
FN:18,(anonymous_2)
FN:32,(anonymous_3)
FN:40,(anonymous_4)
FN:52,(anonymous_5)
FN:63,(anonymous_6)
FN:68,(anonymous_7)
FN:80,(anonymous_8)
FN:89,(anonymous_9)
FN:108,(anonymous_10)
FN:122,(anonymous_11)
FN:141,(anonymous_12)
FN:155,(anonymous_13)
FN:174,(anonymous_14)
FN:188,(anonymous_15)
FN:225,(anonymous_16)
FN:230,(anonymous_17)
FN:248,(anonymous_18)
FN:273,(anonymous_19)
FN:279,(anonymous_20)
FN:283,(anonymous_21)
FN:308,(anonymous_22)
FN:330,(anonymous_23)
FN:334,(anonymous_24)
FNF:24
FNH:24
FNDA:1,(anonymous_1)
FNDA:1,(anonymous_2)
FNDA:2,(anonymous_3)
FNDA:2,(anonymous_4)
FNDA:2,(anonymous_5)
FNDA:2,(anonymous_6)
FNDA:2,(anonymous_7)
FNDA:2,(anonymous_8)
FNDA:2,(anonymous_9)
FNDA:2,(anonymous_10)
FNDA:3,(anonymous_11)
FNDA:3,(anonymous_12)
FNDA:1,(anonymous_13)
FNDA:1,(anonymous_14)
FNDA:5,(anonymous_15)
FNDA:5,(anonymous_16)
FNDA:2,(anonymous_17)
FNDA:10,(anonymous_18)
FNDA:10,(anonymous_19)
FNDA:15,(anonymous_20)
FNDA:45,(anonymous_21)
FNDA:11,(anonymous_22)
FNDA:19,(anonymous_23)
FNDA:11,(anonymous_24)
DA:1,1
DA:2,1
DA:3,1
DA:4,1
DA:5,1
DA:6,1
DA:7,1
DA:8,1
DA:11,1
DA:13,1
DA:14,1
DA:16,1
DA:20,1
DA:21,1
DA:22,1
DA:24,0
DA:27,1
DA:32,1
DA:33,2
DA:35,2
DA:37,1
DA:39,2
DA:41,2
DA:53,2
DA:54,2
DA:56,0
DA:57,0
DA:59,1
DA:64,2
DA:69,2
DA:70,2
DA:72,0
DA:73,0
DA:75,1
DA:81,2
DA:82,2
DA:84,0
DA:89,1
DA:92,2
DA:94,1
DA:96,2
DA:109,2
DA:110,2
DA:112,0
DA:113,0
DA:114,0
DA:116,1
DA:117,1
DA:122,1
DA:125,3
DA:127,1
DA:129,3
DA:142,3
DA:143,3
DA:145,0
DA:146,0
DA:147,0
DA:149,1
DA:150,1
DA:155,1
DA:158,1
DA:160,1
DA:162,1
DA:175,1
DA:176,1
DA:178,0
DA:179,0
DA:180,0
DA:182,1
DA:183,1
DA:188,1
DA:191,5
DA:193,1
DA:195,5
DA:197,5
DA:227,5
DA:228,5
DA:230,2
DA:231,2
DA:238,2
DA:240,3
DA:243,1
DA:248,1
DA:250,10
DA:252,10
DA:254,1
DA:256,10
DA:275,10
DA:276,10
DA:279,10
DA:280,15
DA:282,15
DA:283,15
DA:285,45
DA:286,15
DA:291,15
DA:294,15
DA:296,15
DA:298,10
DA:300,0
DA:303,1
DA:308,1
DA:310,11
DA:314,1
DA:316,11
DA:327,11
DA:329,11
DA:330,11
DA:331,19
DA:334,11
DA:336,11
DA:337,11
DA:339,11
DA:340,11
DA:342,0
DA:345,1
LF:116
LH:99
BRDA:13,1,0,0
BRDA:13,1,1,1
BRDA:20,2,0,1
BRDA:20,2,1,0
BRDA:21,3,0,1
BRDA:21,3,1,0
BRDA:33,4,0,2
BRDA:33,4,1,0
BRDA:35,5,0,0
BRDA:35,5,1,2
BRDA:35,6,0,2
BRDA:35,6,1,2
BRDA:53,7,0,2
BRDA:53,7,1,0
BRDA:53,8,0,2
BRDA:53,8,1,2
BRDA:56,9,0,0
BRDA:56,9,1,0
BRDA:69,10,0,2
BRDA:69,10,1,0
BRDA:69,11,0,2
BRDA:69,11,1,2
BRDA:72,12,0,0
BRDA:72,12,1,0
BRDA:81,13,0,2
BRDA:81,13,1,0
BRDA:81,14,0,2
BRDA:81,14,1,2
BRDA:92,15,0,0
BRDA:92,15,1,2
BRDA:92,16,0,2
BRDA:92,16,1,2
BRDA:109,17,0,2
BRDA:109,17,1,0
BRDA:109,18,0,2
BRDA:109,18,1,2
BRDA:112,19,0,0
BRDA:112,19,1,0
BRDA:125,20,0,0
BRDA:125,20,1,3
BRDA:125,21,0,3
BRDA:125,21,1,3
BRDA:142,22,0,3
BRDA:142,22,1,0
BRDA:142,23,0,3
BRDA:142,23,1,3
BRDA:145,24,0,0
BRDA:145,24,1,0
BRDA:158,25,0,0
BRDA:158,25,1,1
BRDA:158,26,0,1
BRDA:158,26,1,1
BRDA:175,27,0,1
BRDA:175,27,1,0
BRDA:175,28,0,1
BRDA:175,28,1,1
BRDA:178,29,0,0
BRDA:178,29,1,0
BRDA:191,30,0,0
BRDA:191,30,1,5
BRDA:191,31,0,5
BRDA:191,31,1,5
BRDA:195,32,0,5
BRDA:195,32,1,0
BRDA:227,33,0,5
BRDA:227,33,1,0
BRDA:228,34,0,2
BRDA:228,34,1,3
BRDA:228,35,0,5
BRDA:228,35,1,5
BRDA:250,36,0,10
BRDA:250,36,1,0
BRDA:252,37,0,0
BRDA:252,37,1,10
BRDA:252,38,0,10
BRDA:252,38,1,10
BRDA:275,39,0,10
BRDA:275,39,1,0
BRDA:276,40,0,10
BRDA:276,40,1,0
BRDA:276,41,0,10
BRDA:276,41,1,10
BRDA:282,42,0,15
BRDA:282,42,1,0
BRDA:282,43,0,15
BRDA:282,43,1,15
BRDA:285,44,0,15
BRDA:285,44,1,30
BRDA:310,45,0,0
BRDA:310,45,1,11
BRDA:310,46,0,11
BRDA:310,46,1,11
BRDA:310,46,2,11
BRDA:329,47,0,11
BRDA:329,47,1,0
BRDA:336,48,0,11
BRDA:336,48,1,0
BRDA:337,49,0,11
BRDA:337,49,1,0
BRF:99
BRH:80
end_of_record
TN:
SF:/Users/avi/Documents/CodeHatcher/Code/quippics/models/challenge.js
FN:31,(anonymous_1)
FN:37,(anonymous_2)
FN:46,(anonymous_3)
FN:62,(anonymous_4)
FN:70,(anonymous_5)
FN:73,(anonymous_6)
FN:79,(anonymous_7)
FN:90,(anonymous_8)
FN:97,(anonymous_9)
FNF:9
FNH:9
FNDA:24,(anonymous_1)
FNDA:24,(anonymous_2)
FNDA:11,(anonymous_3)
FNDA:13,(anonymous_4)
FNDA:15,(anonymous_5)
FNDA:20,(anonymous_6)
FNDA:1,(anonymous_7)
FNDA:2,(anonymous_8)
FNDA:4,(anonymous_9)
DA:1,1
DA:2,1
DA:3,1
DA:4,1
DA:6,1
DA:31,1
DA:33,24
DA:34,24
DA:37,1
DA:38,24
DA:40,11
DA:42,13
DA:46,1
DA:48,11
DA:49,11
DA:64,13
DA:65,1
DA:70,1
DA:72,15
DA:73,15
DA:75,20
DA:76,10
DA:79,10
DA:80,1
DA:81,1
DA:87,15
DA:90,1
DA:92,2
DA:93,2
DA:94,0
DA:95,0
DA:97,2
DA:98,4
DA:101,2
DA:104,1
DA:106,1
LF:36
LH:34
BRDA:38,1,0,11
BRDA:38,1,1,13
BRDA:64,2,0,0
BRDA:64,2,1,13
BRDA:75,3,0,10
BRDA:75,3,1,10
BRDA:80,4,0,1
BRDA:80,4,1,0
BRDA:93,5,0,0
BRDA:93,5,1,2
BRF:10
BRH:8
end_of_record
TN:
SF:/Users/avi/Documents/CodeHatcher/Code/quippics/routes/submissions.js
FN:9,(anonymous_1)
FN:30,(anonymous_2)
FN:43,(anonymous_3)
FN:55,(anonymous_4)
FN:59,(anonymous_5)
FN:70,(anonymous_6)
FN:97,(anonymous_7)
FN:110,(anonymous_8)
FN:112,(anonymous_9)
FN:116,(anonymous_10)
FN:138,(anonymous_11)
FN:157,(anonymous_12)
FN:171,(anonymous_13)
FN:186,(anonymous_14)
FN:195,(anonymous_15)
FN:207,(anonymous_16)
FN:211,(anonymous_17)
FN:217,(anonymous_18)
FNF:18
FNH:18
FNDA:3,(anonymous_1)
FNDA:3,(anonymous_2)
FNDA:2,(anonymous_3)
FNDA:2,(anonymous_4)
FNDA:2,(anonymous_5)
FNDA:2,(anonymous_6)
FNDA:2,(anonymous_7)
FNDA:2,(anonymous_8)
FNDA:3,(anonymous_9)
FNDA:2,(anonymous_10)
FNDA:1,(anonymous_11)
FNDA:1,(anonymous_12)
FNDA:13,(anonymous_13)
FNDA:13,(anonymous_14)
FNDA:13,(anonymous_15)
FNDA:13,(anonymous_16)
FNDA:13,(anonymous_17)
FNDA:13,(anonymous_18)
DA:1,1
DA:2,1
DA:3,1
DA:4,1
DA:5,1
DA:6,1
DA:9,1
DA:12,3
DA:14,1
DA:16,3
DA:32,3
DA:33,3
DA:34,3
DA:36,0
DA:39,1
DA:43,1
DA:45,2
DA:47,1
DA:49,2
DA:57,2
DA:59,2
DA:61,2
DA:63,2
DA:71,2
DA:72,2
DA:74,2
DA:75,2
DA:77,0
DA:80,0
DA:82,1
DA:85,1
DA:86,1
DA:88,1
DA:92,1
DA:97,1
DA:100,2
DA:102,1
DA:104,2
DA:111,2
DA:112,2
DA:115,3
DA:116,2
DA:119,2
DA:120,2
DA:121,2
DA:123,2
DA:124,1
DA:126,0
DA:130,0
DA:131,0
DA:133,1
DA:138,1
DA:140,1
DA:143,1
DA:146,1
DA:148,1
DA:159,1
DA:160,1
DA:161,1
DA:163,0
DA:166,1
DA:171,1
DA:174,13
DA:177,1
DA:179,13
DA:188,13
DA:189,0
DA:191,13
DA:193,13
DA:197,13
DA:198,13
DA:200,13
DA:202,13
DA:207,13
DA:209,13
DA:211,13
DA:213,13
DA:215,13
DA:217,13
DA:219,13
DA:221,13
DA:222,13
DA:224,1
DA:228,1
DA:233,0
DA:236,1
DA:240,1
LF:87
LH:78
BRDA:12,1,0,0
BRDA:12,1,1,3
BRDA:32,2,0,3
BRDA:32,2,1,0
BRDA:33,3,0,3
BRDA:33,3,1,0
BRDA:45,4,0,0
BRDA:45,4,1,2
BRDA:57,5,0,2
BRDA:57,5,1,0
BRDA:61,6,0,2
BRDA:61,6,1,0
BRDA:61,7,0,2
BRDA:61,7,1,2
BRDA:71,8,0,2
BRDA:71,8,1,0
BRDA:71,9,0,2
BRDA:71,9,1,2
BRDA:77,10,0,0
BRDA:77,10,1,0
BRDA:85,11,0,0
BRDA:85,11,1,0
BRDA:100,12,0,0
BRDA:100,12,1,2
BRDA:111,13,0,2
BRDA:111,13,1,0
BRDA:111,14,0,2
BRDA:111,14,1,2
BRDA:115,15,0,2
BRDA:115,15,1,1
BRDA:124,16,0,0
BRDA:124,16,1,1
BRDA:130,17,0,0
BRDA:130,17,1,0
BRDA:140,18,0,1
BRDA:140,18,1,0
BRDA:143,19,0,0
BRDA:143,19,1,1
BRDA:143,20,0,1
BRDA:143,20,1,1
BRDA:159,21,0,1
BRDA:159,21,1,0
BRDA:160,22,0,1
BRDA:160,22,1,0
BRDA:160,23,0,1
BRDA:160,23,1,1
BRDA:174,24,0,0
BRDA:174,24,1,13
BRDA:174,25,0,13
BRDA:174,25,1,13
BRDA:188,26,0,0
BRDA:188,26,1,13
BRDA:191,27,0,13
BRDA:191,27,1,0
BRDA:197,28,0,13
BRDA:197,28,1,0
BRDA:198,29,0,13
BRDA:198,29,1,0
BRDA:213,30,0,13
BRDA:213,30,1,0
BRDA:219,31,0,13
BRDA:219,31,1,0
BRF:62
BRH:52
end_of_record
TN:
SF:/Users/avi/Documents/CodeHatcher/Code/quippics/models/submission.js
FN:27,(anonymous_1)
FN:33,(anonymous_2)
FN:45,(anonymous_3)
FN:55,(anonymous_4)
FN:62,(anonymous_5)
FN:76,(anonymous_6)
FN:82,(anonymous_7)
FN:88,(anonymous_8)
FN:102,(anonymous_9)
FN:112,(anonymous_10)
FN:121,(anonymous_11)
FN:131,(anonymous_12)
FN:135,(anonymous_13)
FN:141,(anonymous_14)
FN:153,(anonymous_15)
FN:165,(anonymous_16)
FNF:16
FNH:16
FNDA:20,(anonymous_1)
FNDA:3,(anonymous_2)
FNDA:20,(anonymous_3)
FNDA:13,(anonymous_4)
FNDA:13,(anonymous_5)
FNDA:13,(anonymous_6)
FNDA:22,(anonymous_7)
FNDA:22,(anonymous_8)
FNDA:15,(anonymous_9)
FNDA:5,(anonymous_10)
FNDA:5,(anonymous_11)
FNDA:5,(anonymous_12)
FNDA:5,(anonymous_13)
FNDA:8,(anonymous_14)
FNDA:13,(anonymous_15)
FNDA:13,(anonymous_16)
DA:1,1
DA:2,1
DA:3,1
DA:4,1
DA:5,1
DA:6,1
DA:7,1
DA:8,1
DA:9,1
DA:11,1
DA:27,1
DA:28,20
DA:30,20
DA:32,16
DA:33,16
DA:34,3
DA:37,16
DA:38,16
DA:40,4
DA:45,1
DA:46,20
DA:48,13
DA:50,7
DA:55,1
DA:56,13
DA:59,13
DA:64,13
DA:67,13
DA:77,13
DA:82,22
DA:84,13
DA:86,13
DA:88,22
DA:89,13
DA:103,15
DA:104,0
DA:112,1
DA:114,5
DA:122,5
DA:123,5
DA:125,0
DA:131,1
DA:133,5
DA:135,5
DA:136,5
DA:138,5
DA:139,5
DA:141,5
DA:142,8
DA:145,5
DA:147,0
DA:153,1
DA:154,13
DA:155,13
DA:156,13
DA:157,13
DA:158,13
DA:159,13
DA:162,13
DA:163,13
DA:164,13
DA:166,13
DA:167,13
DA:168,13
DA:172,0
DA:176,1
DA:178,1
LF:67
LH:63
BRDA:30,1,0,16
BRDA:30,1,1,4
BRDA:30,2,0,20
BRDA:30,2,1,16
BRDA:46,3,0,13
BRDA:46,3,1,7
BRDA:64,4,0,0
BRDA:64,4,1,13
BRDA:77,5,0,0
BRDA:77,5,1,13
BRDA:103,6,0,0
BRDA:103,6,1,15
BRDA:122,7,0,5
BRDA:122,7,1,0
BRDA:122,8,0,5
BRDA:122,8,1,5
BRDA:136,9,0,5
BRDA:136,9,1,0
BRDA:136,10,0,5
BRDA:136,10,1,5
BRDA:156,11,0,13
BRDA:156,11,1,0
BRF:22
BRH:16
end_of_record
TN:
SF:/Users/avi/Documents/CodeHatcher/Code/quippics/models/ballot.js
FN:10,(anonymous_1)
FN:17,(anonymous_2)
FNF:2
FNH:2
FNDA:3,(anonymous_1)
FNDA:3,(anonymous_2)
DA:1,1
DA:3,1
DA:10,1
DA:12,3
DA:15,3
DA:17,3
DA:18,3
DA:19,3
DA:22,1
DA:26,1
DA:27,1
LF:11
LH:11
BRDA:12,1,0,3
BRDA:12,1,1,0
BRDA:12,2,0,3
BRDA:12,2,1,3
BRF:4
BRH:4
end_of_record
TN:
SF:/Users/avi/Documents/CodeHatcher/Code/quippics/models/comment.js
FNF:0
FNH:0
DA:1,1
DA:3,1
DA:10,1
DA:11,1
LF:4
LH:4
BRF:0
BRH:0
end_of_record
TN:
SF:/Users/avi/Documents/CodeHatcher/Code/quippics/routes/ballots.js
FN:12,(anonymous_1)
FN:18,(anonymous_2)
FN:33,(anonymous_3)
FN:37,(anonymous_4)
FN:44,(anonymous_5)
FN:60,(anonymous_6)
FN:69,(anonymous_7)
FN:81,(anonymous_8)
FNF:8
FNH:8
FNDA:0,(anonymous_1)
FNDA:1,(anonymous_2)
FNDA:1,(anonymous_3)
FNDA:2,(anonymous_4)
FNDA:1,(anonymous_5)
FNDA:3,(anonymous_6)
FNDA:3,(anonymous_7)
FNDA:3,(anonymous_8)
DA:1,1
DA:2,1
DA:3,1
DA:4,1
DA:5,1
DA:6,1
DA:7,1
DA:8,1
DA:12,1
DA:13,1
DA:14,1
DA:18,1
DA:20,1
DA:22,1
DA:24,1
DA:34,1
DA:36,1
DA:37,1
DA:39,2
DA:40,1
DA:42,1
DA:44,1
DA:45,1
DA:46,1
DA:50,1
DA:52,0
DA:53,0
DA:55,1
DA:60,1
DA:63,3
DA:67,1
DA:69,3
DA:71,3
DA:72,3
DA:74,3
DA:79,3
DA:81,3
DA:82,3
DA:83,3
DA:84,3
DA:86,0
DA:87,0
DA:89,1
DA:93,0
DA:96,1
LF:45
LH:40
BRDA:20,1,0,0
BRDA:20,1,1,1
BRDA:34,2,0,1
BRDA:34,2,1,0
BRDA:34,3,0,1
BRDA:34,3,1,1
BRDA:39,4,0,1
BRDA:39,4,1,1
BRDA:45,5,0,1
BRDA:45,5,1,0
BRDA:52,6,0,0
BRDA:52,6,1,0
BRDA:63,7,0,0
BRDA:63,7,1,3
BRDA:63,8,0,3
BRDA:63,8,1,3
BRDA:63,8,2,3
BRDA:71,9,0,3
BRDA:71,9,1,0
BRDA:72,10,0,3
BRDA:72,10,1,0
BRDA:82,11,0,3
BRDA:82,11,1,0
BRDA:82,12,0,3
BRDA:82,12,1,3
BRDA:86,13,0,0
BRDA:86,13,1,0
BRF:27
BRH:21
end_of_record
TN:
SF:/Users/avi/Documents/CodeHatcher/Code/quippics/routes/comments.js
FN:10,(anonymous_1)
FN:23,(anonymous_2)
FN:38,(anonymous_3)
FN:49,(anonymous_4)
FN:59,(anonymous_5)
FN:80,(anonymous_6)
FN:89,(anonymous_7)
FNF:7
FNH:7
FNDA:2,(anonymous_1)
FNDA:2,(anonymous_2)
FNDA:4,(anonymous_3)
FNDA:4,(anonymous_4)
FNDA:4,(anonymous_5)
FNDA:1,(anonymous_6)
FNDA:1,(anonymous_7)
DA:1,1
DA:2,1
DA:3,1
DA:4,1
DA:5,1
DA:6,1
DA:10,1
DA:12,2
DA:14,1
DA:16,2
DA:25,2
DA:26,2
DA:27,2
DA:29,0
DA:32,1
DA:38,1
DA:40,4
DA:44,1
DA:46,4
DA:51,4
DA:52,4
DA:54,4
DA:58,4
DA:59,4
DA:60,4
DA:61,4
DA:62,4
DA:64,0
DA:65,0
DA:67,1
DA:71,0
DA:74,1
DA:80,1
DA:82,1
DA:85,1
DA:87,1
DA:91,1
DA:92,1
DA:93,1
DA:95,0
DA:98,1
LF:41
LH:36
BRDA:12,1,0,0
BRDA:12,1,1,2
BRDA:25,2,0,2
BRDA:25,2,1,0
BRDA:26,3,0,2
BRDA:26,3,1,0
BRDA:40,4,0,0
BRDA:40,4,1,4
BRDA:40,5,0,4
BRDA:40,5,1,4
BRDA:40,5,2,4
BRDA:51,6,0,4
BRDA:51,6,1,0
BRDA:52,7,0,4
BRDA:52,7,1,0
BRDA:60,8,0,4
BRDA:60,8,1,0
BRDA:60,9,0,4
BRDA:60,9,1,4
BRDA:64,10,0,0
BRDA:64,10,1,0
BRDA:82,11,0,0
BRDA:82,11,1,1
BRDA:82,12,0,1
BRDA:82,12,1,1
BRDA:91,13,0,1
BRDA:91,13,1,0
BRDA:92,14,0,1
BRDA:92,14,1,0
BRF:29
BRH:24
end_of_record
TN:
SF:/Users/avi/Documents/CodeHatcher/Code/quippics/routes/activities.js
FN:11,(anonymous_1)
FN:20,(anonymous_2)
FN:25,(anonymous_3)
FN:36,(anonymous_4)
FN:48,(anonymous_5)
FN:50,(anonymous_6)
FN:58,(anonymous_7)
FN:87,(anonymous_8)
FN:98,(anonymous_9)
FN:107,(anonymous_10)
FN:141,(anonymous_11)
FNF:11
FNH:11
FNDA:12,(anonymous_1)
FNDA:12,(anonymous_2)
FNDA:12,(anonymous_3)
FNDA:12,(anonymous_4)
FNDA:12,(anonymous_5)
FNDA:15,(anonymous_6)
FNDA:10,(anonymous_7)
FNDA:10,(anonymous_8)
FNDA:12,(anonymous_9)
FNDA:2,(anonymous_10)
FNDA:2,(anonymous_11)
DA:1,1
DA:2,1
DA:3,1
DA:4,1
DA:5,1
DA:6,1
DA:7,1
DA:8,1
DA:11,1
DA:13,12
DA:16,1
DA:19,12
DA:22,12
DA:26,12
DA:27,12
DA:29,0
DA:30,0
DA:32,1
DA:37,12
DA:49,12
DA:50,15
DA:51,10
DA:54,2
DA:61,10
DA:88,10
DA:89,8
DA:91,2
DA:92,2
DA:94,1
DA:99,12
DA:100,8
DA:102,4
DA:107,1
DA:110,2
DA:113,1
DA:115,2
DA:142,2
DA:143,2
DA:145,0
DA:146,0
DA:148,1
LF:41
LH:37
BRDA:13,1,0,0
BRDA:13,1,1,12
BRDA:13,2,0,12
BRDA:13,2,1,12
BRDA:26,3,0,12
BRDA:26,3,1,0
BRDA:26,4,0,12
BRDA:26,4,1,12
BRDA:29,5,0,0
BRDA:29,5,1,0
BRDA:49,6,0,10
BRDA:49,6,1,2
BRDA:49,7,0,12
BRDA:49,7,1,12
BRDA:49,7,2,12
BRDA:88,8,0,8
BRDA:88,8,1,2
BRDA:88,9,0,10
BRDA:88,9,1,10
BRDA:91,10,0,2
BRDA:91,10,1,0
BRDA:99,11,0,8
BRDA:99,11,1,4
BRDA:110,12,0,0
BRDA:110,12,1,2
BRDA:110,13,0,2
BRDA:110,13,1,2
BRDA:142,14,0,2
BRDA:142,14,1,0
BRDA:142,15,0,2
BRDA:142,15,1,2
BRDA:145,16,0,0
BRDA:145,16,1,0
BRF:33
BRH:29
end_of_record
TN:
SF:/Users/avi/Documents/CodeHatcher/Code/quippics/models/activity.js
FN:40,(anonymous_1)
FN:59,(anonymous_2)
FN:75,(anonymous_3)
FN:87,(anonymous_4)
FN:99,(anonymous_5)
FN:112,(anonymous_6)
FN:117,(anonymous_7)
FNF:7
FNH:7
FNDA:23,(anonymous_1)
FNDA:31,(anonymous_2)
FNDA:13,(anonymous_3)
FNDA:11,(anonymous_4)
FNDA:4,(anonymous_5)
FNDA:3,(anonymous_6)
FNDA:3,(anonymous_7)
DA:1,1
DA:8,1
DA:40,1
DA:41,23
DA:43,4
DA:46,6
DA:49,6
DA:52,7
DA:59,1
DA:61,31
DA:63,31
DA:70,31
DA:71,31
DA:75,1
DA:76,13
DA:77,13
DA:78,13
DA:79,13
DA:81,13
DA:82,13
DA:83,13
DA:87,1
DA:88,11
DA:89,11
DA:92,11
DA:94,11
DA:95,11
DA:99,1
DA:100,4
DA:101,4
DA:102,4
DA:103,4
DA:105,4
DA:106,4
DA:107,4
DA:108,4
DA:112,1
DA:113,3
DA:116,3
DA:117,3
DA:118,3
DA:119,3
DA:120,3
DA:121,3
DA:122,3
DA:127,3
DA:128,3
DA:133,1
DA:136,1
LF:49
LH:49
BRDA:41,1,0,4
BRDA:41,1,1,6
BRDA:41,1,2,6
BRDA:41,1,3,7
BRDA:61,2,0,31
BRDA:61,2,1,24
BRDA:70,3,0,31
BRDA:70,3,1,0
BRF:8
BRH:7
end_of_record
TN:
SF:/Users/avi/Documents/CodeHatcher/Code/quippics/routes/apns.js
FN:8,(anonymous_1)
FN:12,(anonymous_2)
FN:22,(anonymous_3)
FN:34,(anonymous_4)
FN:44,(anonymous_5)
FN:56,(anonymous_6)
FNF:6
FNH:6
FNDA:0,(anonymous_1)
FNDA:0,(anonymous_2)
FNDA:0,(anonymous_3)
FNDA:0,(anonymous_4)
FNDA:0,(anonymous_5)
FNDA:0,(anonymous_6)
DA:1,1
DA:2,1
DA:3,1
DA:4,1
DA:8,1
DA:9,1
DA:14,1
DA:22,1
DA:23,1
DA:36,1
DA:44,1
DA:45,1
DA:58,1
LF:13
LH:13
BRF:0
BRH:0
end_of_record
TN:
SF:/Users/avi/Documents/CodeHatcher/Code/quippics/dbs/db.js
FN:9,(anonymous_1)
FN:14,(anonymous_2)
FN:18,(anonymous_3)
FN:22,(anonymous_4)
FN:23,(anonymous_5)
FNF:5
FNH:5
FNDA:1,(anonymous_1)
FNDA:0,(anonymous_2)
FNDA:1,(anonymous_3)
FNDA:1,(anonymous_4)
FNDA:1,(anonymous_5)
DA:1,1
DA:2,1
DA:5,1
DA:9,1
DA:10,1
DA:14,1
DA:15,1
DA:18,1
DA:19,1
DA:22,1
DA:23,1
DA:24,1
DA:25,1
LF:13
LH:13
BRF:0
BRH:0
end_of_record
TN:
SF:/Users/avi/Documents/CodeHatcher/Code/quippics/routes/util.js
FN:5,(anonymous_1)
FNF:1
FNH:1
FNDA:0,(anonymous_1)
DA:2,1
DA:5,1
DA:6,1
DA:7,1
DA:10,1
DA:11,1
DA:12,1
DA:17,1
DA:18,1
DA:19,1
LF:10
LH:10
BRDA:11,1,0,0
BRDA:11,1,1,0
BRF:2
BRH:2
end_of_record
TN:
SF:/Users/avi/Documents/CodeHatcher/Code/quippics/routes/server.js
FN:11,(anonymous_1)
FN:13,(anonymous_2)
FN:15,(anonymous_3)
FN:24,(anonymous_4)
FN:26,(anonymous_5)
FN:35,(anonymous_6)
FN:37,(anonymous_7)
FN:46,(anonymous_8)
FN:48,(anonymous_9)
FN:58,(anonymous_10)
FNF:10
FNH:10
FNDA:9,(anonymous_1)
FNDA:9,(anonymous_2)
FNDA:9,(anonymous_3)
FNDA:9,(anonymous_4)
FNDA:9,(anonymous_5)
FNDA:9,(anonymous_6)
FNDA:9,(anonymous_7)
FNDA:9,(anonymous_8)
FNDA:9,(anonymous_9)
FNDA:9,(anonymous_10)
DA:6,1
DA:7,1
DA:8,1
DA:9,1
DA:10,1
DA:11,1
DA:12,9
DA:15,9
DA:17,9
DA:18,9
DA:20,1
DA:26,9
DA:28,9
DA:29,9
DA:31,1
DA:37,9
DA:39,9
DA:40,9
DA:42,1
DA:48,9
DA:50,9
DA:51,9
DA:53,1
DA:60,9
DA:61,1
DA:64,9
DA:68,9
LF:27
LH:27
BRDA:17,1,0,9
BRDA:17,1,1,0
BRDA:28,2,0,9
BRDA:28,2,1,0
BRDA:39,3,0,9
BRDA:39,3,1,0
BRDA:50,4,0,9
BRDA:50,4,1,0
BRDA:60,5,0,0
BRDA:60,5,1,9
BRF:10
BRH:10
end_of_record
